{"uid":"b3834da5baa59b48","name":"testLogin(String, String) Login: qwe , password: password (Repeat 7 of 10)","fullName":"tests.ui.DataProviderAuthTest.testLogin","historyId":"a7dc9abdd31de67f247e2ecdb65698fa","time":{"start":1708633964659,"stop":1708633997929,"duration":33270},"description":"","status":"skipped","statusMessage":"Do not fail completely, but repeat the test","statusTrace":"org.opentest4j.TestAbortedException: Do not fail completely, but repeat the test\n\tat io.github.artsok.extension.ParameterizedRepeatedExtension.handleTestExecutionException(ParameterizedRepeatedExtension.java:140)\n\tat org.junit.jupiter.engine.descriptor.TestMethodTestDescriptor.lambda$invokeTestExecutionExceptionHandlers$8(TestMethodTestDescriptor.java:228)\n\tat org.junit.jupiter.engine.descriptor.JupiterTestDescriptor.invokeExecutionExceptionHandlers(JupiterTestDescriptor.java:123)\n\tat org.junit.jupiter.engine.descriptor.JupiterTestDescriptor.invokeExecutionExceptionHandlers(JupiterTestDescriptor.java:110)\n\tat org.junit.jupiter.engine.descriptor.TestMethodTestDescriptor.invokeTestExecutionExceptionHandlers(TestMethodTestDescriptor.java:227)\n\tat org.junit.jupiter.engine.descriptor.TestMethodTestDescriptor.lambda$invokeTestMethod$7(TestMethodTestDescriptor.java:219)\n\tat org.junit.platform.engine.support.hierarchical.ThrowableCollector.execute(ThrowableCollector.java:73)\n\tat org.junit.jupiter.engine.descriptor.TestMethodTestDescriptor.invokeTestMethod(TestMethodTestDescriptor.java:210)\n\tat org.junit.jupiter.engine.descriptor.TestMethodTestDescriptor.execute(TestMethodTestDescriptor.java:135)\n\tat org.junit.jupiter.engine.descriptor.TestMethodTestDescriptor.execute(TestMethodTestDescriptor.java:66)\n\tat org.junit.platform.engine.support.hierarchical.NodeTestTask.lambda$executeRecursively$6(NodeTestTask.java:151)\n\tat org.junit.platform.engine.support.hierarchical.ThrowableCollector.execute(ThrowableCollector.java:73)\n\tat org.junit.platform.engine.support.hierarchical.NodeTestTask.lambda$executeRecursively$8(NodeTestTask.java:141)\n\tat org.junit.platform.engine.support.hierarchical.Node.around(Node.java:137)\n\tat org.junit.platform.engine.support.hierarchical.NodeTestTask.lambda$executeRecursively$9(NodeTestTask.java:139)\n\tat org.junit.platform.engine.support.hierarchical.ThrowableCollector.execute(ThrowableCollector.java:73)\n\tat org.junit.platform.engine.support.hierarchical.NodeTestTask.executeRecursively(NodeTestTask.java:138)\n\tat org.junit.platform.engine.support.hierarchical.NodeTestTask.execute(NodeTestTask.java:95)\n\tat org.junit.platform.engine.support.hierarchical.SameThreadHierarchicalTestExecutorService.submit(SameThreadHierarchicalTestExecutorService.java:35)\n\tat org.junit.platform.engine.support.hierarchical.NodeTestTask$DefaultDynamicTestExecutor.execute(NodeTestTask.java:226)\n\tat org.junit.platform.engine.support.hierarchical.NodeTestTask$DefaultDynamicTestExecutor.execute(NodeTestTask.java:204)\n\tat org.junit.jupiter.engine.descriptor.TestTemplateTestDescriptor.execute(TestTemplateTestDescriptor.java:139)\n\tat org.junit.jupiter.engine.descriptor.TestTemplateTestDescriptor.lambda$execute$2(TestTemplateTestDescriptor.java:107)\n\tat java.base/java.util.stream.ForEachOps$ForEachOp$OfRef.accept(ForEachOps.java:183)\n\tat java.base/java.util.stream.ReferencePipeline$3$1.accept(ReferencePipeline.java:195)\n\tat java.base/java.util.stream.ReferencePipeline$2$1.accept(ReferencePipeline.java:177)\n\tat java.base/java.util.stream.ReferencePipeline$3$1.accept(ReferencePipeline.java:195)\n\tat java.base/java.util.Iterator.forEachRemaining(Iterator.java:133)\n\tat java.base/java.util.Spliterators$IteratorSpliterator.forEachRemaining(Spliterators.java:1801)\n\tat java.base/java.util.stream.ReferencePipeline$Head.forEach(ReferencePipeline.java:658)\n\tat java.base/java.util.stream.ReferencePipeline$7$1.accept(ReferencePipeline.java:274)\n\tat java.base/java.util.ArrayList$ArrayListSpliterator.forEachRemaining(ArrayList.java:1655)\n\tat java.base/java.util.stream.AbstractPipeline.copyInto(AbstractPipeline.java:484)\n\tat java.base/java.util.stream.AbstractPipeline.wrapAndCopyInto(AbstractPipeline.java:474)\n\tat java.base/java.util.stream.ForEachOps$ForEachOp.evaluateSequential(ForEachOps.java:150)\n\tat java.base/java.util.stream.ForEachOps$ForEachOp$OfRef.evaluateSequential(ForEachOps.java:173)\n\tat java.base/java.util.stream.AbstractPipeline.evaluate(AbstractPipeline.java:234)\n\tat java.base/java.util.stream.ReferencePipeline.forEach(ReferencePipeline.java:497)\n\tat org.junit.jupiter.engine.descriptor.TestTemplateTestDescriptor.execute(TestTemplateTestDescriptor.java:107)\n\tat org.junit.jupiter.engine.descriptor.TestTemplateTestDescriptor.execute(TestTemplateTestDescriptor.java:42)\n\tat org.junit.platform.engine.support.hierarchical.NodeTestTask.lambda$executeRecursively$6(NodeTestTask.java:151)\n\tat org.junit.platform.engine.support.hierarchical.ThrowableCollector.execute(ThrowableCollector.java:73)\n\tat org.junit.platform.engine.support.hierarchical.NodeTestTask.lambda$executeRecursively$8(NodeTestTask.java:141)\n\tat org.junit.platform.engine.support.hierarchical.Node.around(Node.java:137)\n\tat org.junit.platform.engine.support.hierarchical.NodeTestTask.lambda$executeRecursively$9(NodeTestTask.java:139)\n\tat org.junit.platform.engine.support.hierarchical.ThrowableCollector.execute(ThrowableCollector.java:73)\n\tat org.junit.platform.engine.support.hierarchical.NodeTestTask.executeRecursively(NodeTestTask.java:138)\n\tat org.junit.platform.engine.support.hierarchical.NodeTestTask.execute(NodeTestTask.java:95)\n\tat java.base/java.util.ArrayList.forEach(ArrayList.java:1541)\n\tat org.junit.platform.engine.support.hierarchical.SameThreadHierarchicalTestExecutorService.invokeAll(SameThreadHierarchicalTestExecutorService.java:41)\n\tat org.junit.platform.engine.support.hierarchical.NodeTestTask.lambda$executeRecursively$6(NodeTestTask.java:155)\n\tat org.junit.platform.engine.support.hierarchical.ThrowableCollector.execute(ThrowableCollector.java:73)\n\tat org.junit.platform.engine.support.hierarchical.NodeTestTask.lambda$executeRecursively$8(NodeTestTask.java:141)\n\tat org.junit.platform.engine.support.hierarchical.Node.around(Node.java:137)\n\tat org.junit.platform.engine.support.hierarchical.NodeTestTask.lambda$executeRecursively$9(NodeTestTask.java:139)\n\tat org.junit.platform.engine.support.hierarchical.ThrowableCollector.execute(ThrowableCollector.java:73)\n\tat org.junit.platform.engine.support.hierarchical.NodeTestTask.executeRecursively(NodeTestTask.java:138)\n\tat org.junit.platform.engine.support.hierarchical.NodeTestTask.execute(NodeTestTask.java:95)\n\tat java.base/java.util.ArrayList.forEach(ArrayList.java:1541)\n\tat org.junit.platform.engine.support.hierarchical.SameThreadHierarchicalTestExecutorService.invokeAll(SameThreadHierarchicalTestExecutorService.java:41)\n\tat org.junit.platform.engine.support.hierarchical.NodeTestTask.lambda$executeRecursively$6(NodeTestTask.java:155)\n\tat org.junit.platform.engine.support.hierarchical.ThrowableCollector.execute(ThrowableCollector.java:73)\n\tat org.junit.platform.engine.support.hierarchical.NodeTestTask.lambda$executeRecursively$8(NodeTestTask.java:141)\n\tat org.junit.platform.engine.support.hierarchical.Node.around(Node.java:137)\n\tat org.junit.platform.engine.support.hierarchical.NodeTestTask.lambda$executeRecursively$9(NodeTestTask.java:139)\n\tat org.junit.platform.engine.support.hierarchical.ThrowableCollector.execute(ThrowableCollector.java:73)\n\tat org.junit.platform.engine.support.hierarchical.NodeTestTask.executeRecursively(NodeTestTask.java:138)\n\tat org.junit.platform.engine.support.hierarchical.NodeTestTask.execute(NodeTestTask.java:95)\n\tat org.junit.platform.engine.support.hierarchical.SameThreadHierarchicalTestExecutorService.submit(SameThreadHierarchicalTestExecutorService.java:35)\n\tat org.junit.platform.engine.support.hierarchical.HierarchicalTestExecutor.execute(HierarchicalTestExecutor.java:57)\n\tat org.junit.platform.engine.support.hierarchical.HierarchicalTestEngine.execute(HierarchicalTestEngine.java:54)\n\tat org.junit.platform.launcher.core.EngineExecutionOrchestrator.execute(EngineExecutionOrchestrator.java:147)\n\tat org.junit.platform.launcher.core.EngineExecutionOrchestrator.execute(EngineExecutionOrchestrator.java:127)\n\tat org.junit.platform.launcher.core.EngineExecutionOrchestrator.execute(EngineExecutionOrchestrator.java:90)\n\tat org.junit.platform.launcher.core.EngineExecutionOrchestrator.lambda$execute$0(EngineExecutionOrchestrator.java:55)\n\tat org.junit.platform.launcher.core.EngineExecutionOrchestrator.withInterceptedStreams(EngineExecutionOrchestrator.java:102)\n\tat org.junit.platform.launcher.core.EngineExecutionOrchestrator.execute(EngineExecutionOrchestrator.java:54)\n\tat org.junit.platform.launcher.core.DefaultLauncher.execute(DefaultLauncher.java:114)\n\tat org.junit.platform.launcher.core.DefaultLauncher.execute(DefaultLauncher.java:86)\n\tat org.junit.platform.launcher.core.DefaultLauncherSession$DelegatingLauncher.execute(DefaultLauncherSession.java:86)\n\tat org.apache.maven.surefire.junitplatform.LazyLauncher.execute(LazyLauncher.java:55)\n\tat org.apache.maven.surefire.junitplatform.JUnitPlatformProvider.execute(JUnitPlatformProvider.java:223)\n\tat org.apache.maven.surefire.junitplatform.JUnitPlatformProvider.invokeAllTests(JUnitPlatformProvider.java:175)\n\tat org.apache.maven.surefire.junitplatform.JUnitPlatformProvider.invoke(JUnitPlatformProvider.java:139)\n\tat org.apache.maven.surefire.booter.ForkedBooter.runSuitesInProcess(ForkedBooter.java:456)\n\tat org.apache.maven.surefire.booter.ForkedBooter.execute(ForkedBooter.java:169)\n\tat org.apache.maven.surefire.booter.ForkedBooter.run(ForkedBooter.java:595)\n\tat org.apache.maven.surefire.booter.ForkedBooter.main(ForkedBooter.java:581)\nCaused by: org.openqa.selenium.TimeoutException: Expected condition failed: waiting for visibility of Proxy element for: DefaultElementLocator 'By.cssSelector: p:nth-child(2)' (tried for 15 second(s) with 500 milliseconds interval)\n\tat org.openqa.selenium.support.ui.WebDriverWait.timeoutException(WebDriverWait.java:138)\n\tat org.openqa.selenium.support.ui.FluentWait.until(FluentWait.java:234)\n\tat pageObjects.WayAuthorization.waitSuccessLoginText(WayAuthorization.java:63)\n\tat tests.ui.DataProviderAuthTest.testLogin(DataProviderAuthTest.java:34)\n\tat jdk.internal.reflect.GeneratedMethodAccessor50.invoke(Unknown Source)\n\tat java.base/jdk.internal.reflect.DelegatingMethodAccessorImpl.invoke(DelegatingMethodAccessorImpl.java:43)\n\tat java.base/java.lang.reflect.Method.invoke(Method.java:566)\n\tat org.junit.platform.commons.util.ReflectionUtils.invokeMethod(ReflectionUtils.java:728)\n\tat org.junit.jupiter.engine.execution.MethodInvocation.proceed(MethodInvocation.java:60)\n\tat org.junit.jupiter.engine.execution.InvocationInterceptorChain$ValidatingInvocation.proceed(InvocationInterceptorChain.java:131)\n\tat org.junit.jupiter.engine.extension.TimeoutExtension.intercept(TimeoutExtension.java:149)\n\tat org.junit.jupiter.engine.extension.TimeoutExtension.interceptTestableMethod(TimeoutExtension.java:140)\n\tat org.junit.jupiter.engine.extension.TimeoutExtension.interceptTestTemplateMethod(TimeoutExtension.java:92)\n\tat org.junit.jupiter.engine.execution.ExecutableInvoker$ReflectiveInterceptorCall.lambda$ofVoidMethod$0(ExecutableInvoker.java:115)\n\tat org.junit.jupiter.engine.execution.ExecutableInvoker.lambda$invoke$0(ExecutableInvoker.java:105)\n\tat org.junit.jupiter.engine.execution.InvocationInterceptorChain$InterceptedInvocation.proceed(InvocationInterceptorChain.java:106)\n\tat org.junit.jupiter.engine.execution.InvocationInterceptorChain.proceed(InvocationInterceptorChain.java:64)\n\tat org.junit.jupiter.engine.execution.InvocationInterceptorChain.chainAndInvoke(InvocationInterceptorChain.java:45)\n\tat org.junit.jupiter.engine.execution.InvocationInterceptorChain.invoke(InvocationInterceptorChain.java:37)\n\tat org.junit.jupiter.engine.execution.ExecutableInvoker.invoke(ExecutableInvoker.java:104)\n\tat org.junit.jupiter.engine.execution.ExecutableInvoker.invoke(ExecutableInvoker.java:98)\n\tat org.junit.jupiter.engine.descriptor.TestMethodTestDescriptor.lambda$invokeTestMethod$7(TestMethodTestDescriptor.java:214)\n\t... 82 more\nCaused by: org.openqa.selenium.NoSuchElementException: no such element: Unable to locate element: {\"method\":\"css selector\",\"selector\":\"p:nth-child(2)\"}\n  (Session info: chrome=119.0.6045.105)\nFor documentation on this error, please visit: https://www.seleniumhq.org/exceptions/no_such_element.html\nBuild info: version: '4.0.0-alpha-2', revision: 'f148142cf8', time: '2019-07-01T20:55:26'\nSystem info: host: 'f0318b1191cd', ip: '172.17.0.4', os.name: 'Linux', os.arch: 'amd64', os.version: '6.2.0-1019-azure', java.version: '11.0.10'\nDriver info: org.openqa.selenium.remote.RemoteWebDriver\nCapabilities {acceptInsecureCerts: false, browserName: chrome, browserVersion: 119.0.6045.105, chrome: {chromedriverVersion: 119.0.6045.105 (38c72552c5e..., userDataDir: /tmp/.org.chromium.Chromium...}, fedcm:accounts: true, goog:chromeOptions: {debuggerAddress: localhost:42943}, javascriptEnabled: true, networkConnectionEnabled: false, pageLoadStrategy: normal, platform: LINUX, platformName: LINUX, proxy: Proxy(), se:cdp: ws://selenoid:4444/devtools..., setWindowRect: true, strictFileInteractability: false, timeouts: {implicit: 0, pageLoad: 300000, script: 30000}, unhandledPromptBehavior: dismiss and notify, webauthn:extension:credBlob: true, webauthn:extension:largeBlob: true, webauthn:extension:minPinLength: true, webauthn:extension:prf: true, webauthn:virtualAuthenticators: true}\nSession ID: 0efe0ea9892b8d20aaa1d548a9790d88\n*** Element info: {Using=css selector, value=p:nth-child(2)}\n\tat jdk.internal.reflect.GeneratedConstructorAccessor20.newInstance(Unknown Source)\n\tat java.base/jdk.internal.reflect.DelegatingConstructorAccessorImpl.newInstance(DelegatingConstructorAccessorImpl.java:45)\n\tat java.base/java.lang.reflect.Constructor.newInstance(Constructor.java:490)\n\tat org.openqa.selenium.remote.codec.w3c.W3CHttpResponseCodec.createException(W3CHttpResponseCodec.java:191)\n\tat org.openqa.selenium.remote.codec.w3c.W3CHttpResponseCodec.decode(W3CHttpResponseCodec.java:125)\n\tat org.openqa.selenium.remote.codec.w3c.W3CHttpResponseCodec.decode(W3CHttpResponseCodec.java:52)\n\tat org.openqa.selenium.remote.HttpCommandExecutor.execute(HttpCommandExecutor.java:161)\n\tat org.openqa.selenium.remote.RemoteWebDriver.execute(RemoteWebDriver.java:576)\n\tat org.openqa.selenium.remote.RemoteWebDriver.findElement(RemoteWebDriver.java:327)\n\tat org.openqa.selenium.remote.RemoteWebDriver.findElementByCssSelector(RemoteWebDriver.java:435)\n\tat org.openqa.selenium.By$ByCssSelector.findElement(By.java:431)\n\tat org.openqa.selenium.remote.RemoteWebDriver.findElement(RemoteWebDriver.java:319)\n\tat org.openqa.selenium.support.pagefactory.DefaultElementLocator.findElement(DefaultElementLocator.java:70)\n\tat org.openqa.selenium.support.pagefactory.internal.LocatingElementHandler.invoke(LocatingElementHandler.java:39)\n\tat com.sun.proxy.$Proxy27.isDisplayed(Unknown Source)\n\tat org.openqa.selenium.support.ui.ExpectedConditions.elementIfVisible(ExpectedConditions.java:314)\n\tat org.openqa.selenium.support.ui.ExpectedConditions.access$000(ExpectedConditions.java:43)\n\tat org.openqa.selenium.support.ui.ExpectedConditions$10.apply(ExpectedConditions.java:300)\n\tat org.openqa.selenium.support.ui.ExpectedConditions$10.apply(ExpectedConditions.java:297)\n\tat org.openqa.selenium.support.ui.FluentWait.until(FluentWait.java:211)\n\t... 102 more\n","flaky":false,"newFailed":false,"newBroken":false,"newPassed":false,"retriesCount":0,"retriesStatusChange":false,"beforeStages":[],"afterStages":[],"labels":[{"name":"junit.platform.uniqueid","value":"[engine:junit-jupiter]/[class:tests.ui.DataProviderAuthTest]/[test-template:testLogin(java.lang.String, java.lang.String)]/[test-template-invocation:#20]"},{"name":"epic","value":"Тесты Авторизации."},{"name":"feature","value":"Задание U3 тест авторизации с использованием DataProvider"},{"name":"host","value":"f0318b1191cd"},{"name":"thread","value":"83@f0318b1191cd.main(1)"},{"name":"framework","value":"junit-platform"},{"name":"language","value":"java"},{"name":"package","value":"tests.ui.DataProviderAuthTest"},{"name":"testClass","value":"tests.ui.DataProviderAuthTest"},{"name":"testMethod","value":"testLogin"},{"name":"suite","value":"tests.ui.DataProviderAuthTest"},{"name":"resultFormat","value":"allure2"}],"parameters":[],"links":[],"hidden":false,"retry":false,"extra":{"severity":"normal","retries":[],"categories":[],"history":{"statistic":{"failed":0,"broken":0,"skipped":24,"passed":0,"unknown":0,"total":24},"items":[{"uid":"c9309cb590eb3160","reportUrl":"https://zen2281488.github.io/YakSomeTests/155//#testresult/c9309cb590eb3160","status":"skipped","statusDetails":"Do not fail completely, but repeat the test","time":{"start":1708631250220,"stop":1708631283636,"duration":33416}},{"uid":"d65dcb1c6f3f904e","reportUrl":"https://zen2281488.github.io/YakSomeTests/154//#testresult/d65dcb1c6f3f904e","status":"skipped","statusDetails":"Do not fail completely, but repeat the test","time":{"start":1708631218782,"stop":1708631252113,"duration":33331}},{"uid":"b7666a6424b31915","reportUrl":"https://zen2281488.github.io/YakSomeTests/153//#testresult/b7666a6424b31915","status":"skipped","statusDetails":"Do not fail completely, but repeat the test","time":{"start":1708629795228,"stop":1708629828727,"duration":33499}},{"uid":"60a2caf71c3873a5","reportUrl":"https://zen2281488.github.io/YakSomeTests/152//#testresult/60a2caf71c3873a5","status":"skipped","statusDetails":"Do not fail completely, but repeat the test","time":{"start":1708627747723,"stop":1708627781178,"duration":33455}},{"uid":"a3c7d21716da9820","reportUrl":"https://zen2281488.github.io/YakSomeTests/151//#testresult/a3c7d21716da9820","status":"skipped","statusDetails":"Do not fail completely, but repeat the test","time":{"start":1708620998243,"stop":1708621031477,"duration":33234}},{"uid":"5aaadc794b670876","reportUrl":"https://zen2281488.github.io/YakSomeTests/125//#testresult/5aaadc794b670876","status":"skipped","statusDetails":"Do not fail completely, but repeat the test","time":{"start":1708391493163,"stop":1708391525776,"duration":32613}},{"uid":"dac6a53e68c329fc","reportUrl":"https://zen2281488.github.io/YakSomeTests/124//#testresult/dac6a53e68c329fc","status":"skipped","statusDetails":"Do not fail completely, but repeat the test","time":{"start":1708305226200,"stop":1708305259113,"duration":32913}},{"uid":"ed748a865613a8f9","reportUrl":"https://zen2281488.github.io/YakSomeTests/123//#testresult/ed748a865613a8f9","status":"skipped","statusDetails":"Do not fail completely, but repeat the test","time":{"start":1708218988341,"stop":1708219020990,"duration":32649}},{"uid":"236905d0f76b7e38","reportUrl":"https://zen2281488.github.io/YakSomeTests/122//#testresult/236905d0f76b7e38","status":"skipped","statusDetails":"Do not fail completely, but repeat the test","time":{"start":1708132287209,"stop":1708132319713,"duration":32504}},{"uid":"4c2858e08cf559fb","reportUrl":"https://zen2281488.github.io/YakSomeTests/121//#testresult/4c2858e08cf559fb","status":"skipped","statusDetails":"Do not fail completely, but repeat the test","time":{"start":1708046019060,"stop":1708046051882,"duration":32822}},{"uid":"306432c61a754cbe","reportUrl":"https://zen2281488.github.io/YakSomeTests/120//#testresult/306432c61a754cbe","status":"skipped","statusDetails":"Do not fail completely, but repeat the test","time":{"start":1707977567982,"stop":1707977600787,"duration":32805}},{"uid":"33fff2282f7debde","reportUrl":"https://zen2281488.github.io/YakSomeTests/119//#testresult/33fff2282f7debde","status":"skipped","statusDetails":"Do not fail completely, but repeat the test","time":{"start":1707959569941,"stop":1707959602713,"duration":32772}},{"uid":"7f0d07238eff9358","reportUrl":"https://zen2281488.github.io/YakSomeTests/118//#testresult/7f0d07238eff9358","status":"skipped","statusDetails":"Do not fail completely, but repeat the test","time":{"start":1707950153697,"stop":1707950186418,"duration":32721}},{"uid":"3c1a42b6c44c2bb5","reportUrl":"https://zen2281488.github.io/YakSomeTests/117//#testresult/3c1a42b6c44c2bb5","status":"skipped","statusDetails":"Do not fail completely, but repeat the test","time":{"start":1707949831633,"stop":1707949864281,"duration":32648}},{"uid":"67970b4ff9a0b354","reportUrl":"https://zen2281488.github.io/YakSomeTests/98//#testresult/67970b4ff9a0b354","status":"skipped","statusDetails":"Do not fail completely, but repeat the test","time":{"start":1707945491471,"stop":1707945524184,"duration":32713}},{"uid":"fe9a7c172fe0c3f6","reportUrl":"https://zen2281488.github.io/YakSomeTests/97//#testresult/fe9a7c172fe0c3f6","status":"skipped","statusDetails":"Do not fail completely, but repeat the test","time":{"start":1707945468666,"stop":1707945501336,"duration":32670}},{"uid":"1fe8fecb8f326fca","reportUrl":"https://zen2281488.github.io/YakSomeTests/96//#testresult/1fe8fecb8f326fca","status":"skipped","statusDetails":"Do not fail completely, but repeat the test","time":{"start":1707944425342,"stop":1707944458090,"duration":32748}},{"uid":"c57a41cf93c28034","reportUrl":"https://zen2281488.github.io/YakSomeTests/95//#testresult/c57a41cf93c28034","status":"skipped","statusDetails":"Do not fail completely, but repeat the test","time":{"start":1707940803011,"stop":1707940835809,"duration":32798}},{"uid":"417ac793dcf3bd23","reportUrl":"https://zen2281488.github.io/YakSomeTests/94//#testresult/417ac793dcf3bd23","status":"skipped","statusDetails":"Do not fail completely, but repeat the test","time":{"start":1707939498615,"stop":1707939531155,"duration":32540}},{"uid":"8413e3758a928df0","reportUrl":"https://zen2281488.github.io/YakSomeTests/93//#testresult/8413e3758a928df0","status":"skipped","statusDetails":"Do not fail completely, but repeat the test","time":{"start":1707939356011,"stop":1707939388840,"duration":32829}}]},"tags":[]},"source":"b3834da5baa59b48.json","parameterValues":[]}