{"uid":"121036e328bfc9bc","name":"Проверка перехода на страницу PracticeSite 1 Проверка перехода на страницу PracticeSite 1","fullName":"tests.ui.WorkTest.wayPracticeSiteEntranceTest","historyId":"52581085cc0c23af7326fc7d439a3c2","time":{"start":1708448025564,"stop":1708448025587,"duration":23},"description":"Тест проверяет переходит ли на страницу PractiseSite1 если клинуть по соответствующей ссылке в выпадающем списке в хэдере.","descriptionHtml":"<p>Тест проверяет переходит ли на страницу PractiseSite1 если клинуть по соответствующей ссылке в выпадающем списке в хэдере.</p>\n","status":"broken","statusMessage":"Could not start a new session. Possible causes are invalid address of the remote server or browser start-up failure.\nBuild info: version: '4.0.0-alpha-2', revision: 'f148142cf8', time: '2019-07-01T20:55:26'\nSystem info: host: 'fv-az651-99', ip: '10.1.0.174', os.name: 'Linux', os.arch: 'amd64', os.version: '6.2.0-1019-azure', java.version: '11.0.22'\nDriver info: driver.version: RemoteWebDriver","statusTrace":"org.openqa.selenium.remote.UnreachableBrowserException: Could not start a new session. Possible causes are invalid address of the remote server or browser start-up failure.\nBuild info: version: '4.0.0-alpha-2', revision: 'f148142cf8', time: '2019-07-01T20:55:26'\nSystem info: host: 'fv-az651-99', ip: '10.1.0.174', os.name: 'Linux', os.arch: 'amd64', os.version: '6.2.0-1019-azure', java.version: '11.0.22'\nDriver info: driver.version: RemoteWebDriver\n\tat org.openqa.selenium.remote.RemoteWebDriver.execute(RemoteWebDriver.java:597)\n\tat org.openqa.selenium.remote.RemoteWebDriver.startSession(RemoteWebDriver.java:210)\n\tat org.openqa.selenium.remote.RemoteWebDriver.<init>(RemoteWebDriver.java:130)\n\tat org.openqa.selenium.remote.RemoteWebDriver.<init>(RemoteWebDriver.java:143)\n\tat utils.BrowserInit.setUpRemoteDriver(BrowserInit.java:106)\n\tat utils.BrowserInit.getWebdriver(BrowserInit.java:28)\n\tat tests.ui.BaseTest.baseBefore(BaseTest.java:30)\n\tat java.base/jdk.internal.reflect.NativeMethodAccessorImpl.invoke0(Native Method)\n\tat java.base/jdk.internal.reflect.NativeMethodAccessorImpl.invoke(NativeMethodAccessorImpl.java:62)\n\tat java.base/jdk.internal.reflect.DelegatingMethodAccessorImpl.invoke(DelegatingMethodAccessorImpl.java:43)\n\tat java.base/java.lang.reflect.Method.invoke(Method.java:566)\n\tat org.junit.platform.commons.util.ReflectionUtils.invokeMethod(ReflectionUtils.java:728)\n\tat org.junit.jupiter.engine.execution.MethodInvocation.proceed(MethodInvocation.java:60)\n\tat org.junit.jupiter.engine.execution.InvocationInterceptorChain$ValidatingInvocation.proceed(InvocationInterceptorChain.java:131)\n\tat org.junit.jupiter.engine.extension.TimeoutExtension.intercept(TimeoutExtension.java:149)\n\tat org.junit.jupiter.engine.extension.TimeoutExtension.interceptLifecycleMethod(TimeoutExtension.java:126)\n\tat org.junit.jupiter.engine.extension.TimeoutExtension.interceptBeforeEachMethod(TimeoutExtension.java:76)\n\tat org.junit.jupiter.engine.execution.ExecutableInvoker$ReflectiveInterceptorCall.lambda$ofVoidMethod$0(ExecutableInvoker.java:115)\n\tat org.junit.jupiter.engine.execution.ExecutableInvoker.lambda$invoke$0(ExecutableInvoker.java:105)\n\tat org.junit.jupiter.engine.execution.InvocationInterceptorChain$InterceptedInvocation.proceed(InvocationInterceptorChain.java:106)\n\tat org.junit.jupiter.engine.execution.InvocationInterceptorChain.proceed(InvocationInterceptorChain.java:64)\n\tat org.junit.jupiter.engine.execution.InvocationInterceptorChain.chainAndInvoke(InvocationInterceptorChain.java:45)\n\tat org.junit.jupiter.engine.execution.InvocationInterceptorChain.invoke(InvocationInterceptorChain.java:37)\n\tat org.junit.jupiter.engine.execution.ExecutableInvoker.invoke(ExecutableInvoker.java:104)\n\tat org.junit.jupiter.engine.execution.ExecutableInvoker.invoke(ExecutableInvoker.java:98)\n\tat org.junit.jupiter.engine.descriptor.ClassBasedTestDescriptor.invokeMethodInExtensionContext(ClassBasedTestDescriptor.java:506)\n\tat org.junit.jupiter.engine.descriptor.ClassBasedTestDescriptor.lambda$synthesizeBeforeEachMethodAdapter$21(ClassBasedTestDescriptor.java:491)\n\tat org.junit.jupiter.engine.descriptor.TestMethodTestDescriptor.lambda$invokeBeforeEachMethods$3(TestMethodTestDescriptor.java:171)\n\tat org.junit.jupiter.engine.descriptor.TestMethodTestDescriptor.lambda$invokeBeforeMethodsOrCallbacksUntilExceptionOccurs$6(TestMethodTestDescriptor.java:199)\n\tat org.junit.platform.engine.support.hierarchical.ThrowableCollector.execute(ThrowableCollector.java:73)\n\tat org.junit.jupiter.engine.descriptor.TestMethodTestDescriptor.invokeBeforeMethodsOrCallbacksUntilExceptionOccurs(TestMethodTestDescriptor.java:199)\n\tat org.junit.jupiter.engine.descriptor.TestMethodTestDescriptor.invokeBeforeEachMethods(TestMethodTestDescriptor.java:168)\n\tat org.junit.jupiter.engine.descriptor.TestMethodTestDescriptor.execute(TestMethodTestDescriptor.java:131)\n\tat org.junit.jupiter.engine.descriptor.TestMethodTestDescriptor.execute(TestMethodTestDescriptor.java:66)\n\tat org.junit.platform.engine.support.hierarchical.NodeTestTask.lambda$executeRecursively$6(NodeTestTask.java:151)\n\tat org.junit.platform.engine.support.hierarchical.ThrowableCollector.execute(ThrowableCollector.java:73)\n\tat org.junit.platform.engine.support.hierarchical.NodeTestTask.lambda$executeRecursively$8(NodeTestTask.java:141)\n\tat org.junit.platform.engine.support.hierarchical.Node.around(Node.java:137)\n\tat org.junit.platform.engine.support.hierarchical.NodeTestTask.lambda$executeRecursively$9(NodeTestTask.java:139)\n\tat org.junit.platform.engine.support.hierarchical.ThrowableCollector.execute(ThrowableCollector.java:73)\n\tat org.junit.platform.engine.support.hierarchical.NodeTestTask.executeRecursively(NodeTestTask.java:138)\n\tat org.junit.platform.engine.support.hierarchical.NodeTestTask.execute(NodeTestTask.java:95)\n\tat org.junit.platform.engine.support.hierarchical.SameThreadHierarchicalTestExecutorService.submit(SameThreadHierarchicalTestExecutorService.java:35)\n\tat org.junit.platform.engine.support.hierarchical.NodeTestTask$DefaultDynamicTestExecutor.execute(NodeTestTask.java:226)\n\tat org.junit.platform.engine.support.hierarchical.NodeTestTask$DefaultDynamicTestExecutor.execute(NodeTestTask.java:204)\n\tat org.junit.jupiter.engine.descriptor.TestTemplateTestDescriptor.execute(TestTemplateTestDescriptor.java:139)\n\tat org.junit.jupiter.engine.descriptor.TestTemplateTestDescriptor.lambda$execute$2(TestTemplateTestDescriptor.java:107)\n\tat java.base/java.util.stream.ForEachOps$ForEachOp$OfRef.accept(ForEachOps.java:183)\n\tat java.base/java.util.stream.ReferencePipeline$3$1.accept(ReferencePipeline.java:195)\n\tat java.base/java.util.stream.ReferencePipeline$2$1.accept(ReferencePipeline.java:177)\n\tat java.base/java.util.stream.ReferencePipeline$3$1.accept(ReferencePipeline.java:195)\n\tat java.base/java.util.Iterator.forEachRemaining(Iterator.java:133)\n\tat java.base/java.util.Spliterators$IteratorSpliterator.forEachRemaining(Spliterators.java:1801)\n\tat java.base/java.util.stream.ReferencePipeline$Head.forEach(ReferencePipeline.java:658)\n\tat java.base/java.util.stream.ReferencePipeline$7$1.accept(ReferencePipeline.java:274)\n\tat java.base/java.util.ArrayList$ArrayListSpliterator.forEachRemaining(ArrayList.java:1655)\n\tat java.base/java.util.stream.AbstractPipeline.copyInto(AbstractPipeline.java:484)\n\tat java.base/java.util.stream.AbstractPipeline.wrapAndCopyInto(AbstractPipeline.java:474)\n\tat java.base/java.util.stream.ForEachOps$ForEachOp.evaluateSequential(ForEachOps.java:150)\n\tat java.base/java.util.stream.ForEachOps$ForEachOp$OfRef.evaluateSequential(ForEachOps.java:173)\n\tat java.base/java.util.stream.AbstractPipeline.evaluate(AbstractPipeline.java:234)\n\tat java.base/java.util.stream.ReferencePipeline.forEach(ReferencePipeline.java:497)\n\tat org.junit.jupiter.engine.descriptor.TestTemplateTestDescriptor.execute(TestTemplateTestDescriptor.java:107)\n\tat org.junit.jupiter.engine.descriptor.TestTemplateTestDescriptor.execute(TestTemplateTestDescriptor.java:42)\n\tat org.junit.platform.engine.support.hierarchical.NodeTestTask.lambda$executeRecursively$6(NodeTestTask.java:151)\n\tat org.junit.platform.engine.support.hierarchical.ThrowableCollector.execute(ThrowableCollector.java:73)\n\tat org.junit.platform.engine.support.hierarchical.NodeTestTask.lambda$executeRecursively$8(NodeTestTask.java:141)\n\tat org.junit.platform.engine.support.hierarchical.Node.around(Node.java:137)\n\tat org.junit.platform.engine.support.hierarchical.NodeTestTask.lambda$executeRecursively$9(NodeTestTask.java:139)\n\tat org.junit.platform.engine.support.hierarchical.ThrowableCollector.execute(ThrowableCollector.java:73)\n\tat org.junit.platform.engine.support.hierarchical.NodeTestTask.executeRecursively(NodeTestTask.java:138)\n\tat org.junit.platform.engine.support.hierarchical.NodeTestTask.execute(NodeTestTask.java:95)\n\tat java.base/java.util.ArrayList.forEach(ArrayList.java:1541)\n\tat org.junit.platform.engine.support.hierarchical.SameThreadHierarchicalTestExecutorService.invokeAll(SameThreadHierarchicalTestExecutorService.java:41)\n\tat org.junit.platform.engine.support.hierarchical.NodeTestTask.lambda$executeRecursively$6(NodeTestTask.java:155)\n\tat org.junit.platform.engine.support.hierarchical.ThrowableCollector.execute(ThrowableCollector.java:73)\n\tat org.junit.platform.engine.support.hierarchical.NodeTestTask.lambda$executeRecursively$8(NodeTestTask.java:141)\n\tat org.junit.platform.engine.support.hierarchical.Node.around(Node.java:137)\n\tat org.junit.platform.engine.support.hierarchical.NodeTestTask.lambda$executeRecursively$9(NodeTestTask.java:139)\n\tat org.junit.platform.engine.support.hierarchical.ThrowableCollector.execute(ThrowableCollector.java:73)\n\tat org.junit.platform.engine.support.hierarchical.NodeTestTask.executeRecursively(NodeTestTask.java:138)\n\tat org.junit.platform.engine.support.hierarchical.NodeTestTask.execute(NodeTestTask.java:95)\n\tat java.base/java.util.ArrayList.forEach(ArrayList.java:1541)\n\tat org.junit.platform.engine.support.hierarchical.SameThreadHierarchicalTestExecutorService.invokeAll(SameThreadHierarchicalTestExecutorService.java:41)\n\tat org.junit.platform.engine.support.hierarchical.NodeTestTask.lambda$executeRecursively$6(NodeTestTask.java:155)\n\tat org.junit.platform.engine.support.hierarchical.ThrowableCollector.execute(ThrowableCollector.java:73)\n\tat org.junit.platform.engine.support.hierarchical.NodeTestTask.lambda$executeRecursively$8(NodeTestTask.java:141)\n\tat org.junit.platform.engine.support.hierarchical.Node.around(Node.java:137)\n\tat org.junit.platform.engine.support.hierarchical.NodeTestTask.lambda$executeRecursively$9(NodeTestTask.java:139)\n\tat org.junit.platform.engine.support.hierarchical.ThrowableCollector.execute(ThrowableCollector.java:73)\n\tat org.junit.platform.engine.support.hierarchical.NodeTestTask.executeRecursively(NodeTestTask.java:138)\n\tat org.junit.platform.engine.support.hierarchical.NodeTestTask.execute(NodeTestTask.java:95)\n\tat org.junit.platform.engine.support.hierarchical.SameThreadHierarchicalTestExecutorService.submit(SameThreadHierarchicalTestExecutorService.java:35)\n\tat org.junit.platform.engine.support.hierarchical.HierarchicalTestExecutor.execute(HierarchicalTestExecutor.java:57)\n\tat org.junit.platform.engine.support.hierarchical.HierarchicalTestEngine.execute(HierarchicalTestEngine.java:54)\n\tat org.junit.platform.launcher.core.EngineExecutionOrchestrator.execute(EngineExecutionOrchestrator.java:147)\n\tat org.junit.platform.launcher.core.EngineExecutionOrchestrator.execute(EngineExecutionOrchestrator.java:127)\n\tat org.junit.platform.launcher.core.EngineExecutionOrchestrator.execute(EngineExecutionOrchestrator.java:90)\n\tat org.junit.platform.launcher.core.EngineExecutionOrchestrator.lambda$execute$0(EngineExecutionOrchestrator.java:55)\n\tat org.junit.platform.launcher.core.EngineExecutionOrchestrator.withInterceptedStreams(EngineExecutionOrchestrator.java:102)\n\tat org.junit.platform.launcher.core.EngineExecutionOrchestrator.execute(EngineExecutionOrchestrator.java:54)\n\tat org.junit.platform.launcher.core.DefaultLauncher.execute(DefaultLauncher.java:114)\n\tat org.junit.platform.launcher.core.DefaultLauncher.execute(DefaultLauncher.java:86)\n\tat org.junit.platform.launcher.core.DefaultLauncherSession$DelegatingLauncher.execute(DefaultLauncherSession.java:86)\n\tat org.apache.maven.surefire.junitplatform.LazyLauncher.execute(LazyLauncher.java:55)\n\tat org.apache.maven.surefire.junitplatform.JUnitPlatformProvider.execute(JUnitPlatformProvider.java:223)\n\tat org.apache.maven.surefire.junitplatform.JUnitPlatformProvider.invokeAllTests(JUnitPlatformProvider.java:175)\n\tat org.apache.maven.surefire.junitplatform.JUnitPlatformProvider.invoke(JUnitPlatformProvider.java:139)\n\tat org.apache.maven.surefire.booter.ForkedBooter.runSuitesInProcess(ForkedBooter.java:456)\n\tat org.apache.maven.surefire.booter.ForkedBooter.execute(ForkedBooter.java:169)\n\tat org.apache.maven.surefire.booter.ForkedBooter.run(ForkedBooter.java:595)\n\tat org.apache.maven.surefire.booter.ForkedBooter.main(ForkedBooter.java:581)\nCaused by: java.net.UnknownHostException: selenoid\n\tat java.base/java.net.InetAddress$CachedAddresses.get(InetAddress.java:797)\n\tat java.base/java.net.InetAddress.getAllByName0(InetAddress.java:1533)\n\tat java.base/java.net.InetAddress.getAllByName(InetAddress.java:1386)\n\tat java.base/java.net.InetAddress.getAllByName(InetAddress.java:1307)\n\tat okhttp3.Dns.lambda$static$0(Dns.java:39)\n\tat okhttp3.internal.connection.RouteSelector.resetNextInetSocketAddress(RouteSelector.java:171)\n\tat okhttp3.internal.connection.RouteSelector.nextProxy(RouteSelector.java:135)\n\tat okhttp3.internal.connection.RouteSelector.next(RouteSelector.java:84)\n\tat okhttp3.internal.connection.ExchangeFinder.findConnection(ExchangeFinder.java:187)\n\tat okhttp3.internal.connection.ExchangeFinder.findHealthyConnection(ExchangeFinder.java:107)\n\tat okhttp3.internal.connection.ExchangeFinder.find(ExchangeFinder.java:87)\n\tat okhttp3.internal.connection.Transmitter.newExchange(Transmitter.java:162)\n\tat okhttp3.internal.connection.ConnectInterceptor.intercept(ConnectInterceptor.java:41)\n\tat okhttp3.internal.http.RealInterceptorChain.proceed(RealInterceptorChain.java:142)\n\tat okhttp3.internal.http.RealInterceptorChain.proceed(RealInterceptorChain.java:117)\n\tat okhttp3.internal.cache.CacheInterceptor.intercept(CacheInterceptor.java:94)\n\tat okhttp3.internal.http.RealInterceptorChain.proceed(RealInterceptorChain.java:142)\n\tat okhttp3.internal.http.RealInterceptorChain.proceed(RealInterceptorChain.java:117)\n\tat okhttp3.internal.http.BridgeInterceptor.intercept(BridgeInterceptor.java:93)\n\tat okhttp3.internal.http.RealInterceptorChain.proceed(RealInterceptorChain.java:142)\n\tat okhttp3.internal.http.RetryAndFollowUpInterceptor.intercept(RetryAndFollowUpInterceptor.java:88)\n\tat okhttp3.internal.http.RealInterceptorChain.proceed(RealInterceptorChain.java:142)\n\tat okhttp3.internal.http.RealInterceptorChain.proceed(RealInterceptorChain.java:117)\n\tat okhttp3.RealCall.getResponseWithInterceptorChain(RealCall.java:221)\n\tat okhttp3.RealCall.execute(RealCall.java:81)\n\tat org.openqa.selenium.remote.internal.OkHttpClient.execute(OkHttpClient.java:59)\n\tat org.openqa.selenium.remote.ProtocolHandshake.createSession(ProtocolHandshake.java:106)\n\tat org.openqa.selenium.remote.ProtocolHandshake.createSession(ProtocolHandshake.java:75)\n\tat org.openqa.selenium.remote.HttpCommandExecutor.execute(HttpCommandExecutor.java:139)\n\tat org.openqa.selenium.remote.RemoteWebDriver.execute(RemoteWebDriver.java:576)\n\t... 111 more\n","flaky":false,"newFailed":false,"newBroken":true,"newPassed":false,"retriesCount":0,"retriesStatusChange":false,"beforeStages":[],"afterStages":[],"labels":[{"name":"junit.platform.uniqueid","value":"[engine:junit-jupiter]/[class:tests.ui.WorkTest]/[test-template:wayPracticeSiteEntranceTest()]/[test-template-invocation:#1]"},{"name":"epic","value":"Тесты работоспособности элементов."},{"name":"feature","value":"Тест работоспособности переходов на другие страницы."},{"name":"host","value":"fv-az651-99"},{"name":"thread","value":"2423@fv-az651-99.main(1)"},{"name":"framework","value":"junit-platform"},{"name":"language","value":"java"},{"name":"package","value":"tests.ui.WorkTest"},{"name":"testClass","value":"tests.ui.WorkTest"},{"name":"testMethod","value":"wayPracticeSiteEntranceTest"},{"name":"suite","value":"tests.ui.WorkTest"},{"name":"severity","value":"normal"},{"name":"resultFormat","value":"allure2"}],"parameters":[],"links":[{"name":"UI-WAY2 №7","type":"issue"}],"hidden":false,"retry":false,"extra":{"severity":"normal","retries":[],"categories":[{"name":"Test defects","matchedStatuses":[],"flaky":false}],"history":{"statistic":{"failed":0,"broken":1,"skipped":0,"passed":25,"unknown":0,"total":26},"items":[{"uid":"3e6f83c79b7603cb","reportUrl":"https://zen2281488.github.io/YakSomeTests/125//#testresult/3e6f83c79b7603cb","status":"passed","time":{"start":1708390852517,"stop":1708390856350,"duration":3833}},{"uid":"df75b97f93827fbb","reportUrl":"https://zen2281488.github.io/YakSomeTests/124//#testresult/df75b97f93827fbb","status":"passed","time":{"start":1708304583236,"stop":1708304587578,"duration":4342}},{"uid":"cace0186c0fcb6e","reportUrl":"https://zen2281488.github.io/YakSomeTests/123//#testresult/cace0186c0fcb6e","status":"passed","time":{"start":1708218346235,"stop":1708218350260,"duration":4025}},{"uid":"9ffd7e82f0ed095b","reportUrl":"https://zen2281488.github.io/YakSomeTests/122//#testresult/9ffd7e82f0ed095b","status":"passed","time":{"start":1708131649368,"stop":1708131653535,"duration":4167}},{"uid":"3cd09026d37a3001","reportUrl":"https://zen2281488.github.io/YakSomeTests/121//#testresult/3cd09026d37a3001","status":"passed","time":{"start":1708045367608,"stop":1708045372285,"duration":4677}},{"uid":"5256022612fdd1d","reportUrl":"https://zen2281488.github.io/YakSomeTests/120//#testresult/5256022612fdd1d","status":"passed","time":{"start":1707976916434,"stop":1707976920964,"duration":4530}},{"uid":"999ea39bf729a38c","reportUrl":"https://zen2281488.github.io/YakSomeTests/119//#testresult/999ea39bf729a38c","status":"passed","time":{"start":1707958923232,"stop":1707958927445,"duration":4213}},{"uid":"1d6885c767648125","reportUrl":"https://zen2281488.github.io/YakSomeTests/118//#testresult/1d6885c767648125","status":"passed","time":{"start":1707949505518,"stop":1707949509684,"duration":4166}},{"uid":"92591b08f985d765","reportUrl":"https://zen2281488.github.io/YakSomeTests/117//#testresult/92591b08f985d765","status":"passed","time":{"start":1707949190794,"stop":1707949194596,"duration":3802}},{"uid":"f55040a10d85991e","reportUrl":"https://zen2281488.github.io/YakSomeTests/106//#testresult/f55040a10d85991e","status":"passed","time":{"start":1707946653701,"stop":1707946661589,"duration":7888}},{"uid":"f466b7fec8cb772f","reportUrl":"https://zen2281488.github.io/YakSomeTests/105//#testresult/f466b7fec8cb772f","status":"passed","time":{"start":1707946637678,"stop":1707946643607,"duration":5929}},{"uid":"1cb534d9db3d56a7","reportUrl":"https://zen2281488.github.io/YakSomeTests/104//#testresult/1cb534d9db3d56a7","status":"passed","time":{"start":1707946620443,"stop":1707946627812,"duration":7369}},{"uid":"9b5ddc5cba27c3a7","reportUrl":"https://zen2281488.github.io/YakSomeTests/102//#testresult/9b5ddc5cba27c3a7","status":"passed","time":{"start":1707946467480,"stop":1707946474736,"duration":7256}},{"uid":"5a9d205ad2207285","reportUrl":"https://zen2281488.github.io/YakSomeTests/101//#testresult/5a9d205ad2207285","status":"passed","time":{"start":1707946132263,"stop":1707946138172,"duration":5909}},{"uid":"20d073a2050d844e","reportUrl":"https://zen2281488.github.io/YakSomeTests/100//#testresult/20d073a2050d844e","status":"passed","time":{"start":1707945896809,"stop":1707945902952,"duration":6143}},{"uid":"c4e321c2faf895d7","reportUrl":"https://zen2281488.github.io/YakSomeTests/98//#testresult/c4e321c2faf895d7","status":"passed","time":{"start":1707944844930,"stop":1707944849102,"duration":4172}},{"uid":"e7c043b8e859e7e6","reportUrl":"https://zen2281488.github.io/YakSomeTests/97//#testresult/e7c043b8e859e7e6","status":"passed","time":{"start":1707944825833,"stop":1707944830074,"duration":4241}},{"uid":"2f573c004554ed05","reportUrl":"https://zen2281488.github.io/YakSomeTests/99//#testresult/2f573c004554ed05","status":"passed","time":{"start":1707944950690,"stop":1707944956519,"duration":5829}},{"uid":"eddf1bd3498c0bde","reportUrl":"https://zen2281488.github.io/YakSomeTests/96//#testresult/eddf1bd3498c0bde","status":"passed","time":{"start":1707943777244,"stop":1707943781182,"duration":3938}},{"uid":"abe370100efac1f3","reportUrl":"https://zen2281488.github.io/YakSomeTests/95//#testresult/abe370100efac1f3","status":"passed","time":{"start":1707940159040,"stop":1707940162957,"duration":3917}}]},"tags":[]},"source":"121036e328bfc9bc.json","parameterValues":[]}