{"uid":"1fa6e542b6a4f45e","name":"Тест авторизации Тест авторизации","fullName":"tests.ui.HttpWatchAuthTest.testBasicAuth","historyId":"6d69c2c42d8d7913b86b7faad1b418c4","time":{"start":1708448025706,"stop":1708448025728,"duration":22},"description":"Тестирование авторизации, наличия картинки при ее успехе","descriptionHtml":"<p>Тестирование авторизации, наличия картинки при ее успехе</p>\n","status":"broken","statusMessage":"Could not start a new session. Possible causes are invalid address of the remote server or browser start-up failure.\nBuild info: version: '4.0.0-alpha-2', revision: 'f148142cf8', time: '2019-07-01T20:55:26'\nSystem info: host: 'fv-az651-99', ip: '10.1.0.174', os.name: 'Linux', os.arch: 'amd64', os.version: '6.2.0-1019-azure', java.version: '11.0.22'\nDriver info: driver.version: RemoteWebDriver","statusTrace":"org.openqa.selenium.remote.UnreachableBrowserException: Could not start a new session. Possible causes are invalid address of the remote server or browser start-up failure.\nBuild info: version: '4.0.0-alpha-2', revision: 'f148142cf8', time: '2019-07-01T20:55:26'\nSystem info: host: 'fv-az651-99', ip: '10.1.0.174', os.name: 'Linux', os.arch: 'amd64', os.version: '6.2.0-1019-azure', java.version: '11.0.22'\nDriver info: driver.version: RemoteWebDriver\n\tat org.openqa.selenium.remote.RemoteWebDriver.execute(RemoteWebDriver.java:597)\n\tat org.openqa.selenium.remote.RemoteWebDriver.startSession(RemoteWebDriver.java:210)\n\tat org.openqa.selenium.remote.RemoteWebDriver.<init>(RemoteWebDriver.java:130)\n\tat org.openqa.selenium.remote.RemoteWebDriver.<init>(RemoteWebDriver.java:143)\n\tat utils.BrowserInit.setUpRemoteDriver(BrowserInit.java:106)\n\tat utils.BrowserInit.getWebdriver(BrowserInit.java:28)\n\tat tests.ui.BaseTest.baseBefore(BaseTest.java:30)\n\tat java.base/jdk.internal.reflect.NativeMethodAccessorImpl.invoke0(Native Method)\n\tat java.base/jdk.internal.reflect.NativeMethodAccessorImpl.invoke(NativeMethodAccessorImpl.java:62)\n\tat java.base/jdk.internal.reflect.DelegatingMethodAccessorImpl.invoke(DelegatingMethodAccessorImpl.java:43)\n\tat java.base/java.lang.reflect.Method.invoke(Method.java:566)\n\tat org.junit.platform.commons.util.ReflectionUtils.invokeMethod(ReflectionUtils.java:728)\n\tat org.junit.jupiter.engine.execution.MethodInvocation.proceed(MethodInvocation.java:60)\n\tat org.junit.jupiter.engine.execution.InvocationInterceptorChain$ValidatingInvocation.proceed(InvocationInterceptorChain.java:131)\n\tat org.junit.jupiter.engine.extension.TimeoutExtension.intercept(TimeoutExtension.java:149)\n\tat org.junit.jupiter.engine.extension.TimeoutExtension.interceptLifecycleMethod(TimeoutExtension.java:126)\n\tat org.junit.jupiter.engine.extension.TimeoutExtension.interceptBeforeEachMethod(TimeoutExtension.java:76)\n\tat org.junit.jupiter.engine.execution.ExecutableInvoker$ReflectiveInterceptorCall.lambda$ofVoidMethod$0(ExecutableInvoker.java:115)\n\tat org.junit.jupiter.engine.execution.ExecutableInvoker.lambda$invoke$0(ExecutableInvoker.java:105)\n\tat org.junit.jupiter.engine.execution.InvocationInterceptorChain$InterceptedInvocation.proceed(InvocationInterceptorChain.java:106)\n\tat org.junit.jupiter.engine.execution.InvocationInterceptorChain.proceed(InvocationInterceptorChain.java:64)\n\tat org.junit.jupiter.engine.execution.InvocationInterceptorChain.chainAndInvoke(InvocationInterceptorChain.java:45)\n\tat org.junit.jupiter.engine.execution.InvocationInterceptorChain.invoke(InvocationInterceptorChain.java:37)\n\tat org.junit.jupiter.engine.execution.ExecutableInvoker.invoke(ExecutableInvoker.java:104)\n\tat org.junit.jupiter.engine.execution.ExecutableInvoker.invoke(ExecutableInvoker.java:98)\n\tat org.junit.jupiter.engine.descriptor.ClassBasedTestDescriptor.invokeMethodInExtensionContext(ClassBasedTestDescriptor.java:506)\n\tat org.junit.jupiter.engine.descriptor.ClassBasedTestDescriptor.lambda$synthesizeBeforeEachMethodAdapter$21(ClassBasedTestDescriptor.java:491)\n\tat org.junit.jupiter.engine.descriptor.TestMethodTestDescriptor.lambda$invokeBeforeEachMethods$3(TestMethodTestDescriptor.java:171)\n\tat org.junit.jupiter.engine.descriptor.TestMethodTestDescriptor.lambda$invokeBeforeMethodsOrCallbacksUntilExceptionOccurs$6(TestMethodTestDescriptor.java:199)\n\tat org.junit.platform.engine.support.hierarchical.ThrowableCollector.execute(ThrowableCollector.java:73)\n\tat org.junit.jupiter.engine.descriptor.TestMethodTestDescriptor.invokeBeforeMethodsOrCallbacksUntilExceptionOccurs(TestMethodTestDescriptor.java:199)\n\tat org.junit.jupiter.engine.descriptor.TestMethodTestDescriptor.invokeBeforeEachMethods(TestMethodTestDescriptor.java:168)\n\tat org.junit.jupiter.engine.descriptor.TestMethodTestDescriptor.execute(TestMethodTestDescriptor.java:131)\n\tat org.junit.jupiter.engine.descriptor.TestMethodTestDescriptor.execute(TestMethodTestDescriptor.java:66)\n\tat org.junit.platform.engine.support.hierarchical.NodeTestTask.lambda$executeRecursively$6(NodeTestTask.java:151)\n\tat org.junit.platform.engine.support.hierarchical.ThrowableCollector.execute(ThrowableCollector.java:73)\n\tat org.junit.platform.engine.support.hierarchical.NodeTestTask.lambda$executeRecursively$8(NodeTestTask.java:141)\n\tat org.junit.platform.engine.support.hierarchical.Node.around(Node.java:137)\n\tat org.junit.platform.engine.support.hierarchical.NodeTestTask.lambda$executeRecursively$9(NodeTestTask.java:139)\n\tat org.junit.platform.engine.support.hierarchical.ThrowableCollector.execute(ThrowableCollector.java:73)\n\tat org.junit.platform.engine.support.hierarchical.NodeTestTask.executeRecursively(NodeTestTask.java:138)\n\tat org.junit.platform.engine.support.hierarchical.NodeTestTask.execute(NodeTestTask.java:95)\n\tat org.junit.platform.engine.support.hierarchical.SameThreadHierarchicalTestExecutorService.submit(SameThreadHierarchicalTestExecutorService.java:35)\n\tat org.junit.platform.engine.support.hierarchical.NodeTestTask$DefaultDynamicTestExecutor.execute(NodeTestTask.java:226)\n\tat org.junit.platform.engine.support.hierarchical.NodeTestTask$DefaultDynamicTestExecutor.execute(NodeTestTask.java:204)\n\tat org.junit.jupiter.engine.descriptor.TestTemplateTestDescriptor.execute(TestTemplateTestDescriptor.java:139)\n\tat org.junit.jupiter.engine.descriptor.TestTemplateTestDescriptor.lambda$execute$2(TestTemplateTestDescriptor.java:107)\n\tat java.base/java.util.stream.ForEachOps$ForEachOp$OfRef.accept(ForEachOps.java:183)\n\tat java.base/java.util.stream.ReferencePipeline$3$1.accept(ReferencePipeline.java:195)\n\tat java.base/java.util.stream.ReferencePipeline$2$1.accept(ReferencePipeline.java:177)\n\tat java.base/java.util.stream.ReferencePipeline$3$1.accept(ReferencePipeline.java:195)\n\tat java.base/java.util.Iterator.forEachRemaining(Iterator.java:133)\n\tat java.base/java.util.Spliterators$IteratorSpliterator.forEachRemaining(Spliterators.java:1801)\n\tat java.base/java.util.stream.ReferencePipeline$Head.forEach(ReferencePipeline.java:658)\n\tat java.base/java.util.stream.ReferencePipeline$7$1.accept(ReferencePipeline.java:274)\n\tat java.base/java.util.ArrayList$ArrayListSpliterator.forEachRemaining(ArrayList.java:1655)\n\tat java.base/java.util.stream.AbstractPipeline.copyInto(AbstractPipeline.java:484)\n\tat java.base/java.util.stream.AbstractPipeline.wrapAndCopyInto(AbstractPipeline.java:474)\n\tat java.base/java.util.stream.ForEachOps$ForEachOp.evaluateSequential(ForEachOps.java:150)\n\tat java.base/java.util.stream.ForEachOps$ForEachOp$OfRef.evaluateSequential(ForEachOps.java:173)\n\tat java.base/java.util.stream.AbstractPipeline.evaluate(AbstractPipeline.java:234)\n\tat java.base/java.util.stream.ReferencePipeline.forEach(ReferencePipeline.java:497)\n\tat org.junit.jupiter.engine.descriptor.TestTemplateTestDescriptor.execute(TestTemplateTestDescriptor.java:107)\n\tat org.junit.jupiter.engine.descriptor.TestTemplateTestDescriptor.execute(TestTemplateTestDescriptor.java:42)\n\tat org.junit.platform.engine.support.hierarchical.NodeTestTask.lambda$executeRecursively$6(NodeTestTask.java:151)\n\tat org.junit.platform.engine.support.hierarchical.ThrowableCollector.execute(ThrowableCollector.java:73)\n\tat org.junit.platform.engine.support.hierarchical.NodeTestTask.lambda$executeRecursively$8(NodeTestTask.java:141)\n\tat org.junit.platform.engine.support.hierarchical.Node.around(Node.java:137)\n\tat org.junit.platform.engine.support.hierarchical.NodeTestTask.lambda$executeRecursively$9(NodeTestTask.java:139)\n\tat org.junit.platform.engine.support.hierarchical.ThrowableCollector.execute(ThrowableCollector.java:73)\n\tat org.junit.platform.engine.support.hierarchical.NodeTestTask.executeRecursively(NodeTestTask.java:138)\n\tat org.junit.platform.engine.support.hierarchical.NodeTestTask.execute(NodeTestTask.java:95)\n\tat java.base/java.util.ArrayList.forEach(ArrayList.java:1541)\n\tat org.junit.platform.engine.support.hierarchical.SameThreadHierarchicalTestExecutorService.invokeAll(SameThreadHierarchicalTestExecutorService.java:41)\n\tat org.junit.platform.engine.support.hierarchical.NodeTestTask.lambda$executeRecursively$6(NodeTestTask.java:155)\n\tat org.junit.platform.engine.support.hierarchical.ThrowableCollector.execute(ThrowableCollector.java:73)\n\tat org.junit.platform.engine.support.hierarchical.NodeTestTask.lambda$executeRecursively$8(NodeTestTask.java:141)\n\tat org.junit.platform.engine.support.hierarchical.Node.around(Node.java:137)\n\tat org.junit.platform.engine.support.hierarchical.NodeTestTask.lambda$executeRecursively$9(NodeTestTask.java:139)\n\tat org.junit.platform.engine.support.hierarchical.ThrowableCollector.execute(ThrowableCollector.java:73)\n\tat org.junit.platform.engine.support.hierarchical.NodeTestTask.executeRecursively(NodeTestTask.java:138)\n\tat org.junit.platform.engine.support.hierarchical.NodeTestTask.execute(NodeTestTask.java:95)\n\tat java.base/java.util.ArrayList.forEach(ArrayList.java:1541)\n\tat org.junit.platform.engine.support.hierarchical.SameThreadHierarchicalTestExecutorService.invokeAll(SameThreadHierarchicalTestExecutorService.java:41)\n\tat org.junit.platform.engine.support.hierarchical.NodeTestTask.lambda$executeRecursively$6(NodeTestTask.java:155)\n\tat org.junit.platform.engine.support.hierarchical.ThrowableCollector.execute(ThrowableCollector.java:73)\n\tat org.junit.platform.engine.support.hierarchical.NodeTestTask.lambda$executeRecursively$8(NodeTestTask.java:141)\n\tat org.junit.platform.engine.support.hierarchical.Node.around(Node.java:137)\n\tat org.junit.platform.engine.support.hierarchical.NodeTestTask.lambda$executeRecursively$9(NodeTestTask.java:139)\n\tat org.junit.platform.engine.support.hierarchical.ThrowableCollector.execute(ThrowableCollector.java:73)\n\tat org.junit.platform.engine.support.hierarchical.NodeTestTask.executeRecursively(NodeTestTask.java:138)\n\tat org.junit.platform.engine.support.hierarchical.NodeTestTask.execute(NodeTestTask.java:95)\n\tat org.junit.platform.engine.support.hierarchical.SameThreadHierarchicalTestExecutorService.submit(SameThreadHierarchicalTestExecutorService.java:35)\n\tat org.junit.platform.engine.support.hierarchical.HierarchicalTestExecutor.execute(HierarchicalTestExecutor.java:57)\n\tat org.junit.platform.engine.support.hierarchical.HierarchicalTestEngine.execute(HierarchicalTestEngine.java:54)\n\tat org.junit.platform.launcher.core.EngineExecutionOrchestrator.execute(EngineExecutionOrchestrator.java:147)\n\tat org.junit.platform.launcher.core.EngineExecutionOrchestrator.execute(EngineExecutionOrchestrator.java:127)\n\tat org.junit.platform.launcher.core.EngineExecutionOrchestrator.execute(EngineExecutionOrchestrator.java:90)\n\tat org.junit.platform.launcher.core.EngineExecutionOrchestrator.lambda$execute$0(EngineExecutionOrchestrator.java:55)\n\tat org.junit.platform.launcher.core.EngineExecutionOrchestrator.withInterceptedStreams(EngineExecutionOrchestrator.java:102)\n\tat org.junit.platform.launcher.core.EngineExecutionOrchestrator.execute(EngineExecutionOrchestrator.java:54)\n\tat org.junit.platform.launcher.core.DefaultLauncher.execute(DefaultLauncher.java:114)\n\tat org.junit.platform.launcher.core.DefaultLauncher.execute(DefaultLauncher.java:86)\n\tat org.junit.platform.launcher.core.DefaultLauncherSession$DelegatingLauncher.execute(DefaultLauncherSession.java:86)\n\tat org.apache.maven.surefire.junitplatform.LazyLauncher.execute(LazyLauncher.java:55)\n\tat org.apache.maven.surefire.junitplatform.JUnitPlatformProvider.execute(JUnitPlatformProvider.java:223)\n\tat org.apache.maven.surefire.junitplatform.JUnitPlatformProvider.invokeAllTests(JUnitPlatformProvider.java:175)\n\tat org.apache.maven.surefire.junitplatform.JUnitPlatformProvider.invoke(JUnitPlatformProvider.java:139)\n\tat org.apache.maven.surefire.booter.ForkedBooter.runSuitesInProcess(ForkedBooter.java:456)\n\tat org.apache.maven.surefire.booter.ForkedBooter.execute(ForkedBooter.java:169)\n\tat org.apache.maven.surefire.booter.ForkedBooter.run(ForkedBooter.java:595)\n\tat org.apache.maven.surefire.booter.ForkedBooter.main(ForkedBooter.java:581)\nCaused by: java.net.UnknownHostException: selenoid\n\tat java.base/java.net.InetAddress$CachedAddresses.get(InetAddress.java:797)\n\tat java.base/java.net.InetAddress.getAllByName0(InetAddress.java:1533)\n\tat java.base/java.net.InetAddress.getAllByName(InetAddress.java:1386)\n\tat java.base/java.net.InetAddress.getAllByName(InetAddress.java:1307)\n\tat okhttp3.Dns.lambda$static$0(Dns.java:39)\n\tat okhttp3.internal.connection.RouteSelector.resetNextInetSocketAddress(RouteSelector.java:171)\n\tat okhttp3.internal.connection.RouteSelector.nextProxy(RouteSelector.java:135)\n\tat okhttp3.internal.connection.RouteSelector.next(RouteSelector.java:84)\n\tat okhttp3.internal.connection.ExchangeFinder.findConnection(ExchangeFinder.java:187)\n\tat okhttp3.internal.connection.ExchangeFinder.findHealthyConnection(ExchangeFinder.java:107)\n\tat okhttp3.internal.connection.ExchangeFinder.find(ExchangeFinder.java:87)\n\tat okhttp3.internal.connection.Transmitter.newExchange(Transmitter.java:162)\n\tat okhttp3.internal.connection.ConnectInterceptor.intercept(ConnectInterceptor.java:41)\n\tat okhttp3.internal.http.RealInterceptorChain.proceed(RealInterceptorChain.java:142)\n\tat okhttp3.internal.http.RealInterceptorChain.proceed(RealInterceptorChain.java:117)\n\tat okhttp3.internal.cache.CacheInterceptor.intercept(CacheInterceptor.java:94)\n\tat okhttp3.internal.http.RealInterceptorChain.proceed(RealInterceptorChain.java:142)\n\tat okhttp3.internal.http.RealInterceptorChain.proceed(RealInterceptorChain.java:117)\n\tat okhttp3.internal.http.BridgeInterceptor.intercept(BridgeInterceptor.java:93)\n\tat okhttp3.internal.http.RealInterceptorChain.proceed(RealInterceptorChain.java:142)\n\tat okhttp3.internal.http.RetryAndFollowUpInterceptor.intercept(RetryAndFollowUpInterceptor.java:88)\n\tat okhttp3.internal.http.RealInterceptorChain.proceed(RealInterceptorChain.java:142)\n\tat okhttp3.internal.http.RealInterceptorChain.proceed(RealInterceptorChain.java:117)\n\tat okhttp3.RealCall.getResponseWithInterceptorChain(RealCall.java:221)\n\tat okhttp3.RealCall.execute(RealCall.java:81)\n\tat org.openqa.selenium.remote.internal.OkHttpClient.execute(OkHttpClient.java:59)\n\tat org.openqa.selenium.remote.ProtocolHandshake.createSession(ProtocolHandshake.java:106)\n\tat org.openqa.selenium.remote.ProtocolHandshake.createSession(ProtocolHandshake.java:75)\n\tat org.openqa.selenium.remote.HttpCommandExecutor.execute(HttpCommandExecutor.java:139)\n\tat org.openqa.selenium.remote.RemoteWebDriver.execute(RemoteWebDriver.java:576)\n\t... 111 more\n","flaky":false,"newFailed":false,"newBroken":true,"newPassed":false,"retriesCount":0,"retriesStatusChange":false,"beforeStages":[],"afterStages":[],"labels":[{"name":"junit.platform.uniqueid","value":"[engine:junit-jupiter]/[class:tests.ui.HttpWatchAuthTest]/[test-template:testBasicAuth()]/[test-template-invocation:#1]"},{"name":"epic","value":"U13. Basic Auth"},{"name":"host","value":"fv-az651-99"},{"name":"thread","value":"2423@fv-az651-99.main(1)"},{"name":"framework","value":"junit-platform"},{"name":"language","value":"java"},{"name":"package","value":"tests.ui.HttpWatchAuthTest"},{"name":"testClass","value":"tests.ui.HttpWatchAuthTest"},{"name":"testMethod","value":"testBasicAuth"},{"name":"suite","value":"tests.ui.HttpWatchAuthTest"},{"name":"severity","value":"critical"},{"name":"resultFormat","value":"allure2"}],"parameters":[],"links":[],"hidden":false,"retry":false,"extra":{"severity":"critical","retries":[],"categories":[{"name":"Test defects","matchedStatuses":[],"flaky":false}],"history":{"statistic":{"failed":0,"broken":1,"skipped":0,"passed":18,"unknown":0,"total":19},"items":[{"uid":"1f615c9e7baff5e7","reportUrl":"https://zen2281488.github.io/YakSomeTests/125//#testresult/1f615c9e7baff5e7","status":"passed","time":{"start":1708390896773,"stop":1708390898094,"duration":1321}},{"uid":"d78f5d49e552cbdb","reportUrl":"https://zen2281488.github.io/YakSomeTests/124//#testresult/d78f5d49e552cbdb","status":"passed","time":{"start":1708304628165,"stop":1708304629454,"duration":1289}},{"uid":"f92ccab4d6db0f8e","reportUrl":"https://zen2281488.github.io/YakSomeTests/123//#testresult/f92ccab4d6db0f8e","status":"passed","time":{"start":1708218390717,"stop":1708218391598,"duration":881}},{"uid":"4ebe56bc79871678","reportUrl":"https://zen2281488.github.io/YakSomeTests/122//#testresult/4ebe56bc79871678","status":"passed","time":{"start":1708131693264,"stop":1708131694015,"duration":751}},{"uid":"489e5aa21bb45ad5","reportUrl":"https://zen2281488.github.io/YakSomeTests/121//#testresult/489e5aa21bb45ad5","status":"passed","time":{"start":1708045416160,"stop":1708045417852,"duration":1692}},{"uid":"ffae1d94e7880081","reportUrl":"https://zen2281488.github.io/YakSomeTests/120//#testresult/ffae1d94e7880081","status":"passed","time":{"start":1707976963415,"stop":1707976965158,"duration":1743}},{"uid":"2edde3a56e9828e5","reportUrl":"https://zen2281488.github.io/YakSomeTests/119//#testresult/2edde3a56e9828e5","status":"passed","time":{"start":1707958970021,"stop":1707958971591,"duration":1570}},{"uid":"c72919849e60581e","reportUrl":"https://zen2281488.github.io/YakSomeTests/118//#testresult/c72919849e60581e","status":"passed","time":{"start":1707949552195,"stop":1707949553810,"duration":1615}},{"uid":"3bcd24377c5e6fc5","reportUrl":"https://zen2281488.github.io/YakSomeTests/117//#testresult/3bcd24377c5e6fc5","status":"passed","time":{"start":1707949234635,"stop":1707949235483,"duration":848}},{"uid":"9b4f07258f86a6e8","reportUrl":"https://zen2281488.github.io/YakSomeTests/98//#testresult/9b4f07258f86a6e8","status":"passed","time":{"start":1707944891040,"stop":1707944892698,"duration":1658}},{"uid":"9800d3abc8ee7e42","reportUrl":"https://zen2281488.github.io/YakSomeTests/97//#testresult/9800d3abc8ee7e42","status":"passed","time":{"start":1707944871262,"stop":1707944872075,"duration":813}},{"uid":"ddead5b6950bea54","reportUrl":"https://zen2281488.github.io/YakSomeTests/96//#testresult/ddead5b6950bea54","status":"passed","time":{"start":1707943824640,"stop":1707943826274,"duration":1634}},{"uid":"afd90f2fe23d31ae","reportUrl":"https://zen2281488.github.io/YakSomeTests/95//#testresult/afd90f2fe23d31ae","status":"passed","time":{"start":1707940204879,"stop":1707940205767,"duration":888}},{"uid":"4edb5cc387e72348","reportUrl":"https://zen2281488.github.io/YakSomeTests/94//#testresult/4edb5cc387e72348","status":"passed","time":{"start":1707938903149,"stop":1707938903956,"duration":807}},{"uid":"e4873976f9a666d9","reportUrl":"https://zen2281488.github.io/YakSomeTests/93//#testresult/e4873976f9a666d9","status":"passed","time":{"start":1707938752064,"stop":1707938754911,"duration":2847}},{"uid":"bd99399922a27c8b","reportUrl":"https://zen2281488.github.io/YakSomeTests/87//#testresult/bd99399922a27c8b","status":"passed","time":{"start":1707937480685,"stop":1707937481538,"duration":853}},{"uid":"dec6bf03a8740478","reportUrl":"https://zen2281488.github.io/YakSomeTests/86//#testresult/dec6bf03a8740478","status":"passed","time":{"start":1707936135274,"stop":1707936136113,"duration":839}},{"uid":"871d38195c0d87a4","reportUrl":"https://zen2281488.github.io/YakSomeTests/85//#testresult/871d38195c0d87a4","status":"passed","time":{"start":1707899893045,"stop":1707899893858,"duration":813}}]},"tags":[]},"source":"1fa6e542b6a4f45e.json","parameterValues":[]}