{"uid":"761041e1eeb45d72","name":"Авторизация и сохранение куков в файл,с последующим чтением из него Авторизация и сохранение куков в файл,с последующим чтением из него","fullName":"tests.ui.CookieAuthTest.testLoginAndSaveCookiesToFile","historyId":"e849793eece6d535ea149007a1a3d1b8","time":{"start":1708448025872,"stop":1708448025888,"duration":16},"description":"Тест авторизации пользователя и сохранение куков в файл, чтение куков из файла при повторном тестировании","descriptionHtml":"<p>Тест авторизации пользователя и сохранение куков в файл, чтение куков из файла при повторном тестировании</p>\n","status":"broken","statusMessage":"Could not start a new session. Possible causes are invalid address of the remote server or browser start-up failure.\nBuild info: version: '4.0.0-alpha-2', revision: 'f148142cf8', time: '2019-07-01T20:55:26'\nSystem info: host: 'fv-az651-99', ip: '10.1.0.174', os.name: 'Linux', os.arch: 'amd64', os.version: '6.2.0-1019-azure', java.version: '11.0.22'\nDriver info: driver.version: RemoteWebDriver","statusTrace":"org.openqa.selenium.remote.UnreachableBrowserException: Could not start a new session. Possible causes are invalid address of the remote server or browser start-up failure.\nBuild info: version: '4.0.0-alpha-2', revision: 'f148142cf8', time: '2019-07-01T20:55:26'\nSystem info: host: 'fv-az651-99', ip: '10.1.0.174', os.name: 'Linux', os.arch: 'amd64', os.version: '6.2.0-1019-azure', java.version: '11.0.22'\nDriver info: driver.version: RemoteWebDriver\n\tat org.openqa.selenium.remote.RemoteWebDriver.execute(RemoteWebDriver.java:597)\n\tat org.openqa.selenium.remote.RemoteWebDriver.startSession(RemoteWebDriver.java:210)\n\tat org.openqa.selenium.remote.RemoteWebDriver.<init>(RemoteWebDriver.java:130)\n\tat org.openqa.selenium.remote.RemoteWebDriver.<init>(RemoteWebDriver.java:143)\n\tat utils.BrowserInit.setUpRemoteDriver(BrowserInit.java:106)\n\tat utils.BrowserInit.getWebdriver(BrowserInit.java:28)\n\tat tests.ui.BaseTest.baseBefore(BaseTest.java:30)\n\tat java.base/jdk.internal.reflect.NativeMethodAccessorImpl.invoke0(Native Method)\n\tat java.base/jdk.internal.reflect.NativeMethodAccessorImpl.invoke(NativeMethodAccessorImpl.java:62)\n\tat java.base/jdk.internal.reflect.DelegatingMethodAccessorImpl.invoke(DelegatingMethodAccessorImpl.java:43)\n\tat java.base/java.lang.reflect.Method.invoke(Method.java:566)\n\tat org.junit.platform.commons.util.ReflectionUtils.invokeMethod(ReflectionUtils.java:728)\n\tat org.junit.jupiter.engine.execution.MethodInvocation.proceed(MethodInvocation.java:60)\n\tat org.junit.jupiter.engine.execution.InvocationInterceptorChain$ValidatingInvocation.proceed(InvocationInterceptorChain.java:131)\n\tat org.junit.jupiter.engine.extension.TimeoutExtension.intercept(TimeoutExtension.java:149)\n\tat org.junit.jupiter.engine.extension.TimeoutExtension.interceptLifecycleMethod(TimeoutExtension.java:126)\n\tat org.junit.jupiter.engine.extension.TimeoutExtension.interceptBeforeEachMethod(TimeoutExtension.java:76)\n\tat org.junit.jupiter.engine.execution.ExecutableInvoker$ReflectiveInterceptorCall.lambda$ofVoidMethod$0(ExecutableInvoker.java:115)\n\tat org.junit.jupiter.engine.execution.ExecutableInvoker.lambda$invoke$0(ExecutableInvoker.java:105)\n\tat org.junit.jupiter.engine.execution.InvocationInterceptorChain$InterceptedInvocation.proceed(InvocationInterceptorChain.java:106)\n\tat org.junit.jupiter.engine.execution.InvocationInterceptorChain.proceed(InvocationInterceptorChain.java:64)\n\tat org.junit.jupiter.engine.execution.InvocationInterceptorChain.chainAndInvoke(InvocationInterceptorChain.java:45)\n\tat org.junit.jupiter.engine.execution.InvocationInterceptorChain.invoke(InvocationInterceptorChain.java:37)\n\tat org.junit.jupiter.engine.execution.ExecutableInvoker.invoke(ExecutableInvoker.java:104)\n\tat org.junit.jupiter.engine.execution.ExecutableInvoker.invoke(ExecutableInvoker.java:98)\n\tat org.junit.jupiter.engine.descriptor.ClassBasedTestDescriptor.invokeMethodInExtensionContext(ClassBasedTestDescriptor.java:506)\n\tat org.junit.jupiter.engine.descriptor.ClassBasedTestDescriptor.lambda$synthesizeBeforeEachMethodAdapter$21(ClassBasedTestDescriptor.java:491)\n\tat org.junit.jupiter.engine.descriptor.TestMethodTestDescriptor.lambda$invokeBeforeEachMethods$3(TestMethodTestDescriptor.java:171)\n\tat org.junit.jupiter.engine.descriptor.TestMethodTestDescriptor.lambda$invokeBeforeMethodsOrCallbacksUntilExceptionOccurs$6(TestMethodTestDescriptor.java:199)\n\tat org.junit.platform.engine.support.hierarchical.ThrowableCollector.execute(ThrowableCollector.java:73)\n\tat org.junit.jupiter.engine.descriptor.TestMethodTestDescriptor.invokeBeforeMethodsOrCallbacksUntilExceptionOccurs(TestMethodTestDescriptor.java:199)\n\tat org.junit.jupiter.engine.descriptor.TestMethodTestDescriptor.invokeBeforeEachMethods(TestMethodTestDescriptor.java:168)\n\tat org.junit.jupiter.engine.descriptor.TestMethodTestDescriptor.execute(TestMethodTestDescriptor.java:131)\n\tat org.junit.jupiter.engine.descriptor.TestMethodTestDescriptor.execute(TestMethodTestDescriptor.java:66)\n\tat org.junit.platform.engine.support.hierarchical.NodeTestTask.lambda$executeRecursively$6(NodeTestTask.java:151)\n\tat org.junit.platform.engine.support.hierarchical.ThrowableCollector.execute(ThrowableCollector.java:73)\n\tat org.junit.platform.engine.support.hierarchical.NodeTestTask.lambda$executeRecursively$8(NodeTestTask.java:141)\n\tat org.junit.platform.engine.support.hierarchical.Node.around(Node.java:137)\n\tat org.junit.platform.engine.support.hierarchical.NodeTestTask.lambda$executeRecursively$9(NodeTestTask.java:139)\n\tat org.junit.platform.engine.support.hierarchical.ThrowableCollector.execute(ThrowableCollector.java:73)\n\tat org.junit.platform.engine.support.hierarchical.NodeTestTask.executeRecursively(NodeTestTask.java:138)\n\tat org.junit.platform.engine.support.hierarchical.NodeTestTask.execute(NodeTestTask.java:95)\n\tat org.junit.platform.engine.support.hierarchical.SameThreadHierarchicalTestExecutorService.submit(SameThreadHierarchicalTestExecutorService.java:35)\n\tat org.junit.platform.engine.support.hierarchical.NodeTestTask$DefaultDynamicTestExecutor.execute(NodeTestTask.java:226)\n\tat org.junit.platform.engine.support.hierarchical.NodeTestTask$DefaultDynamicTestExecutor.execute(NodeTestTask.java:204)\n\tat org.junit.jupiter.engine.descriptor.TestTemplateTestDescriptor.execute(TestTemplateTestDescriptor.java:139)\n\tat org.junit.jupiter.engine.descriptor.TestTemplateTestDescriptor.lambda$execute$2(TestTemplateTestDescriptor.java:107)\n\tat java.base/java.util.stream.ForEachOps$ForEachOp$OfRef.accept(ForEachOps.java:183)\n\tat java.base/java.util.stream.ReferencePipeline$3$1.accept(ReferencePipeline.java:195)\n\tat java.base/java.util.stream.ReferencePipeline$2$1.accept(ReferencePipeline.java:177)\n\tat java.base/java.util.stream.ReferencePipeline$3$1.accept(ReferencePipeline.java:195)\n\tat java.base/java.util.Iterator.forEachRemaining(Iterator.java:133)\n\tat java.base/java.util.Spliterators$IteratorSpliterator.forEachRemaining(Spliterators.java:1801)\n\tat java.base/java.util.stream.ReferencePipeline$Head.forEach(ReferencePipeline.java:658)\n\tat java.base/java.util.stream.ReferencePipeline$7$1.accept(ReferencePipeline.java:274)\n\tat java.base/java.util.ArrayList$ArrayListSpliterator.forEachRemaining(ArrayList.java:1655)\n\tat java.base/java.util.stream.AbstractPipeline.copyInto(AbstractPipeline.java:484)\n\tat java.base/java.util.stream.AbstractPipeline.wrapAndCopyInto(AbstractPipeline.java:474)\n\tat java.base/java.util.stream.ForEachOps$ForEachOp.evaluateSequential(ForEachOps.java:150)\n\tat java.base/java.util.stream.ForEachOps$ForEachOp$OfRef.evaluateSequential(ForEachOps.java:173)\n\tat java.base/java.util.stream.AbstractPipeline.evaluate(AbstractPipeline.java:234)\n\tat java.base/java.util.stream.ReferencePipeline.forEach(ReferencePipeline.java:497)\n\tat org.junit.jupiter.engine.descriptor.TestTemplateTestDescriptor.execute(TestTemplateTestDescriptor.java:107)\n\tat org.junit.jupiter.engine.descriptor.TestTemplateTestDescriptor.execute(TestTemplateTestDescriptor.java:42)\n\tat org.junit.platform.engine.support.hierarchical.NodeTestTask.lambda$executeRecursively$6(NodeTestTask.java:151)\n\tat org.junit.platform.engine.support.hierarchical.ThrowableCollector.execute(ThrowableCollector.java:73)\n\tat org.junit.platform.engine.support.hierarchical.NodeTestTask.lambda$executeRecursively$8(NodeTestTask.java:141)\n\tat org.junit.platform.engine.support.hierarchical.Node.around(Node.java:137)\n\tat org.junit.platform.engine.support.hierarchical.NodeTestTask.lambda$executeRecursively$9(NodeTestTask.java:139)\n\tat org.junit.platform.engine.support.hierarchical.ThrowableCollector.execute(ThrowableCollector.java:73)\n\tat org.junit.platform.engine.support.hierarchical.NodeTestTask.executeRecursively(NodeTestTask.java:138)\n\tat org.junit.platform.engine.support.hierarchical.NodeTestTask.execute(NodeTestTask.java:95)\n\tat java.base/java.util.ArrayList.forEach(ArrayList.java:1541)\n\tat org.junit.platform.engine.support.hierarchical.SameThreadHierarchicalTestExecutorService.invokeAll(SameThreadHierarchicalTestExecutorService.java:41)\n\tat org.junit.platform.engine.support.hierarchical.NodeTestTask.lambda$executeRecursively$6(NodeTestTask.java:155)\n\tat org.junit.platform.engine.support.hierarchical.ThrowableCollector.execute(ThrowableCollector.java:73)\n\tat org.junit.platform.engine.support.hierarchical.NodeTestTask.lambda$executeRecursively$8(NodeTestTask.java:141)\n\tat org.junit.platform.engine.support.hierarchical.Node.around(Node.java:137)\n\tat org.junit.platform.engine.support.hierarchical.NodeTestTask.lambda$executeRecursively$9(NodeTestTask.java:139)\n\tat org.junit.platform.engine.support.hierarchical.ThrowableCollector.execute(ThrowableCollector.java:73)\n\tat org.junit.platform.engine.support.hierarchical.NodeTestTask.executeRecursively(NodeTestTask.java:138)\n\tat org.junit.platform.engine.support.hierarchical.NodeTestTask.execute(NodeTestTask.java:95)\n\tat java.base/java.util.ArrayList.forEach(ArrayList.java:1541)\n\tat org.junit.platform.engine.support.hierarchical.SameThreadHierarchicalTestExecutorService.invokeAll(SameThreadHierarchicalTestExecutorService.java:41)\n\tat org.junit.platform.engine.support.hierarchical.NodeTestTask.lambda$executeRecursively$6(NodeTestTask.java:155)\n\tat org.junit.platform.engine.support.hierarchical.ThrowableCollector.execute(ThrowableCollector.java:73)\n\tat org.junit.platform.engine.support.hierarchical.NodeTestTask.lambda$executeRecursively$8(NodeTestTask.java:141)\n\tat org.junit.platform.engine.support.hierarchical.Node.around(Node.java:137)\n\tat org.junit.platform.engine.support.hierarchical.NodeTestTask.lambda$executeRecursively$9(NodeTestTask.java:139)\n\tat org.junit.platform.engine.support.hierarchical.ThrowableCollector.execute(ThrowableCollector.java:73)\n\tat org.junit.platform.engine.support.hierarchical.NodeTestTask.executeRecursively(NodeTestTask.java:138)\n\tat org.junit.platform.engine.support.hierarchical.NodeTestTask.execute(NodeTestTask.java:95)\n\tat org.junit.platform.engine.support.hierarchical.SameThreadHierarchicalTestExecutorService.submit(SameThreadHierarchicalTestExecutorService.java:35)\n\tat org.junit.platform.engine.support.hierarchical.HierarchicalTestExecutor.execute(HierarchicalTestExecutor.java:57)\n\tat org.junit.platform.engine.support.hierarchical.HierarchicalTestEngine.execute(HierarchicalTestEngine.java:54)\n\tat org.junit.platform.launcher.core.EngineExecutionOrchestrator.execute(EngineExecutionOrchestrator.java:147)\n\tat org.junit.platform.launcher.core.EngineExecutionOrchestrator.execute(EngineExecutionOrchestrator.java:127)\n\tat org.junit.platform.launcher.core.EngineExecutionOrchestrator.execute(EngineExecutionOrchestrator.java:90)\n\tat org.junit.platform.launcher.core.EngineExecutionOrchestrator.lambda$execute$0(EngineExecutionOrchestrator.java:55)\n\tat org.junit.platform.launcher.core.EngineExecutionOrchestrator.withInterceptedStreams(EngineExecutionOrchestrator.java:102)\n\tat org.junit.platform.launcher.core.EngineExecutionOrchestrator.execute(EngineExecutionOrchestrator.java:54)\n\tat org.junit.platform.launcher.core.DefaultLauncher.execute(DefaultLauncher.java:114)\n\tat org.junit.platform.launcher.core.DefaultLauncher.execute(DefaultLauncher.java:86)\n\tat org.junit.platform.launcher.core.DefaultLauncherSession$DelegatingLauncher.execute(DefaultLauncherSession.java:86)\n\tat org.apache.maven.surefire.junitplatform.LazyLauncher.execute(LazyLauncher.java:55)\n\tat org.apache.maven.surefire.junitplatform.JUnitPlatformProvider.execute(JUnitPlatformProvider.java:223)\n\tat org.apache.maven.surefire.junitplatform.JUnitPlatformProvider.invokeAllTests(JUnitPlatformProvider.java:175)\n\tat org.apache.maven.surefire.junitplatform.JUnitPlatformProvider.invoke(JUnitPlatformProvider.java:139)\n\tat org.apache.maven.surefire.booter.ForkedBooter.runSuitesInProcess(ForkedBooter.java:456)\n\tat org.apache.maven.surefire.booter.ForkedBooter.execute(ForkedBooter.java:169)\n\tat org.apache.maven.surefire.booter.ForkedBooter.run(ForkedBooter.java:595)\n\tat org.apache.maven.surefire.booter.ForkedBooter.main(ForkedBooter.java:581)\nCaused by: java.net.UnknownHostException: selenoid\n\tat java.base/java.net.InetAddress$CachedAddresses.get(InetAddress.java:797)\n\tat java.base/java.net.InetAddress.getAllByName0(InetAddress.java:1533)\n\tat java.base/java.net.InetAddress.getAllByName(InetAddress.java:1386)\n\tat java.base/java.net.InetAddress.getAllByName(InetAddress.java:1307)\n\tat okhttp3.Dns.lambda$static$0(Dns.java:39)\n\tat okhttp3.internal.connection.RouteSelector.resetNextInetSocketAddress(RouteSelector.java:171)\n\tat okhttp3.internal.connection.RouteSelector.nextProxy(RouteSelector.java:135)\n\tat okhttp3.internal.connection.RouteSelector.next(RouteSelector.java:84)\n\tat okhttp3.internal.connection.ExchangeFinder.findConnection(ExchangeFinder.java:187)\n\tat okhttp3.internal.connection.ExchangeFinder.findHealthyConnection(ExchangeFinder.java:107)\n\tat okhttp3.internal.connection.ExchangeFinder.find(ExchangeFinder.java:87)\n\tat okhttp3.internal.connection.Transmitter.newExchange(Transmitter.java:162)\n\tat okhttp3.internal.connection.ConnectInterceptor.intercept(ConnectInterceptor.java:41)\n\tat okhttp3.internal.http.RealInterceptorChain.proceed(RealInterceptorChain.java:142)\n\tat okhttp3.internal.http.RealInterceptorChain.proceed(RealInterceptorChain.java:117)\n\tat okhttp3.internal.cache.CacheInterceptor.intercept(CacheInterceptor.java:94)\n\tat okhttp3.internal.http.RealInterceptorChain.proceed(RealInterceptorChain.java:142)\n\tat okhttp3.internal.http.RealInterceptorChain.proceed(RealInterceptorChain.java:117)\n\tat okhttp3.internal.http.BridgeInterceptor.intercept(BridgeInterceptor.java:93)\n\tat okhttp3.internal.http.RealInterceptorChain.proceed(RealInterceptorChain.java:142)\n\tat okhttp3.internal.http.RetryAndFollowUpInterceptor.intercept(RetryAndFollowUpInterceptor.java:88)\n\tat okhttp3.internal.http.RealInterceptorChain.proceed(RealInterceptorChain.java:142)\n\tat okhttp3.internal.http.RealInterceptorChain.proceed(RealInterceptorChain.java:117)\n\tat okhttp3.RealCall.getResponseWithInterceptorChain(RealCall.java:221)\n\tat okhttp3.RealCall.execute(RealCall.java:81)\n\tat org.openqa.selenium.remote.internal.OkHttpClient.execute(OkHttpClient.java:59)\n\tat org.openqa.selenium.remote.ProtocolHandshake.createSession(ProtocolHandshake.java:106)\n\tat org.openqa.selenium.remote.ProtocolHandshake.createSession(ProtocolHandshake.java:75)\n\tat org.openqa.selenium.remote.HttpCommandExecutor.execute(HttpCommandExecutor.java:139)\n\tat org.openqa.selenium.remote.RemoteWebDriver.execute(RemoteWebDriver.java:576)\n\t... 111 more\n","flaky":false,"newFailed":false,"newBroken":true,"newPassed":false,"retriesCount":0,"retriesStatusChange":false,"beforeStages":[],"afterStages":[],"labels":[{"name":"junit.platform.uniqueid","value":"[engine:junit-jupiter]/[class:tests.ui.CookieAuthTest]/[test-template:testLoginAndSaveCookiesToFile()]/[test-template-invocation:#1]"},{"name":"epic","value":"Тесты Авторизации."},{"name":"feature","value":"Тест авторизации."},{"name":"host","value":"fv-az651-99"},{"name":"thread","value":"2423@fv-az651-99.main(1)"},{"name":"framework","value":"junit-platform"},{"name":"language","value":"java"},{"name":"package","value":"tests.ui.CookieAuthTest"},{"name":"testClass","value":"tests.ui.CookieAuthTest"},{"name":"testMethod","value":"testLoginAndSaveCookiesToFile"},{"name":"suite","value":"tests.ui.CookieAuthTest"},{"name":"severity","value":"critical"},{"name":"resultFormat","value":"allure2"}],"parameters":[],"links":[],"hidden":false,"retry":false,"extra":{"severity":"critical","retries":[],"categories":[{"name":"Test defects","matchedStatuses":[],"flaky":false}],"history":{"statistic":{"failed":0,"broken":1,"skipped":0,"passed":28,"unknown":0,"total":29},"items":[{"uid":"7e7e30f251858b25","reportUrl":"https://zen2281488.github.io/YakSomeTests/125//#testresult/7e7e30f251858b25","status":"passed","time":{"start":1708391626979,"stop":1708391635620,"duration":8641}},{"uid":"a427df39f9b805f8","reportUrl":"https://zen2281488.github.io/YakSomeTests/124//#testresult/a427df39f9b805f8","status":"passed","time":{"start":1708305360358,"stop":1708305368196,"duration":7838}},{"uid":"ff31d160c1200fec","reportUrl":"https://zen2281488.github.io/YakSomeTests/123//#testresult/ff31d160c1200fec","status":"passed","time":{"start":1708219122317,"stop":1708219132921,"duration":10604}},{"uid":"39de1b601e5b3b03","reportUrl":"https://zen2281488.github.io/YakSomeTests/122//#testresult/39de1b601e5b3b03","status":"passed","time":{"start":1708132420545,"stop":1708132428939,"duration":8394}},{"uid":"3922a0e7a0c7c303","reportUrl":"https://zen2281488.github.io/YakSomeTests/121//#testresult/3922a0e7a0c7c303","status":"passed","time":{"start":1708046154117,"stop":1708046165521,"duration":11404}},{"uid":"bb9cd861d95d63d8","reportUrl":"https://zen2281488.github.io/YakSomeTests/120//#testresult/bb9cd861d95d63d8","status":"passed","time":{"start":1707977702977,"stop":1707977718879,"duration":15902}},{"uid":"23f486aca87afd5e","reportUrl":"https://zen2281488.github.io/YakSomeTests/119//#testresult/23f486aca87afd5e","status":"passed","time":{"start":1707959704196,"stop":1707959715011,"duration":10815}},{"uid":"6ee376a54d1a050c","reportUrl":"https://zen2281488.github.io/YakSomeTests/118//#testresult/6ee376a54d1a050c","status":"passed","time":{"start":1707950288211,"stop":1707950300005,"duration":11794}},{"uid":"ec22f28fafff42ed","reportUrl":"https://zen2281488.github.io/YakSomeTests/117//#testresult/ec22f28fafff42ed","status":"passed","time":{"start":1707949965410,"stop":1707949973527,"duration":8117}},{"uid":"7f58498855af4120","reportUrl":"https://zen2281488.github.io/YakSomeTests/116//#testresult/7f58498855af4120","status":"passed","time":{"start":1707949069083,"stop":1707949080420,"duration":11337}},{"uid":"d32b9ec589d41e91","reportUrl":"https://zen2281488.github.io/YakSomeTests/115//#testresult/d32b9ec589d41e91","status":"passed","time":{"start":1707948780017,"stop":1707948793145,"duration":13128}},{"uid":"9e78c5b04b5da8d6","reportUrl":"https://zen2281488.github.io/YakSomeTests/114//#testresult/9e78c5b04b5da8d6","status":"passed","time":{"start":1707948377955,"stop":1707948389951,"duration":11996}},{"uid":"56a0d0cad9ba94cb","reportUrl":"https://zen2281488.github.io/YakSomeTests/113//#testresult/56a0d0cad9ba94cb","status":"passed","time":{"start":1707948009477,"stop":1707948019446,"duration":9969}},{"uid":"b824dbf697959a1e","reportUrl":"https://zen2281488.github.io/YakSomeTests/112//#testresult/b824dbf697959a1e","status":"passed","time":{"start":1707947864319,"stop":1707947874139,"duration":9820}},{"uid":"d113f69133cfac56","reportUrl":"https://zen2281488.github.io/YakSomeTests/111//#testresult/d113f69133cfac56","status":"passed","time":{"start":1707947714825,"stop":1707947723581,"duration":8756}},{"uid":"b6f7c4f22ebb3988","reportUrl":"https://zen2281488.github.io/YakSomeTests/110//#testresult/b6f7c4f22ebb3988","status":"passed","time":{"start":1707947511543,"stop":1707947521122,"duration":9579}},{"uid":"fcb279d8fbc3d289","reportUrl":"https://zen2281488.github.io/YakSomeTests/109//#testresult/fcb279d8fbc3d289","status":"passed","time":{"start":1707947311566,"stop":1707947319711,"duration":8145}},{"uid":"212162080171629e","reportUrl":"https://zen2281488.github.io/YakSomeTests/108//#testresult/212162080171629e","status":"passed","time":{"start":1707946945655,"stop":1707946956951,"duration":11296}},{"uid":"577e0cf9dd878023","reportUrl":"https://zen2281488.github.io/YakSomeTests/107//#testresult/577e0cf9dd878023","status":"passed","time":{"start":1707946808689,"stop":1707946817025,"duration":8336}},{"uid":"416d60361e18d59f","reportUrl":"https://zen2281488.github.io/YakSomeTests/98//#testresult/416d60361e18d59f","status":"passed","time":{"start":1707945625894,"stop":1707945637373,"duration":11479}}]},"tags":[]},"source":"761041e1eeb45d72.json","parameterValues":[]}