{"uid":"2d8f0fb4308ae8f4","name":"testLogin(String, String) Login: angular , password: 123 (Repeat 6 of 10)","fullName":"tests.ui.DataProviderAuthTest.testLogin","historyId":"4a5c9f3bda8ad3e491a039679b15c576","time":{"start":1708682626895,"stop":1708682660160,"duration":33265},"description":"","status":"skipped","statusMessage":"Do not fail completely, but repeat the test","statusTrace":"org.opentest4j.TestAbortedException: Do not fail completely, but repeat the test\n\tat io.github.artsok.extension.ParameterizedRepeatedExtension.handleTestExecutionException(ParameterizedRepeatedExtension.java:140)\n\tat org.junit.jupiter.engine.descriptor.TestMethodTestDescriptor.lambda$invokeTestExecutionExceptionHandlers$8(TestMethodTestDescriptor.java:228)\n\tat org.junit.jupiter.engine.descriptor.JupiterTestDescriptor.invokeExecutionExceptionHandlers(JupiterTestDescriptor.java:123)\n\tat org.junit.jupiter.engine.descriptor.JupiterTestDescriptor.invokeExecutionExceptionHandlers(JupiterTestDescriptor.java:110)\n\tat org.junit.jupiter.engine.descriptor.TestMethodTestDescriptor.invokeTestExecutionExceptionHandlers(TestMethodTestDescriptor.java:227)\n\tat org.junit.jupiter.engine.descriptor.TestMethodTestDescriptor.lambda$invokeTestMethod$7(TestMethodTestDescriptor.java:219)\n\tat org.junit.platform.engine.support.hierarchical.ThrowableCollector.execute(ThrowableCollector.java:73)\n\tat org.junit.jupiter.engine.descriptor.TestMethodTestDescriptor.invokeTestMethod(TestMethodTestDescriptor.java:210)\n\tat org.junit.jupiter.engine.descriptor.TestMethodTestDescriptor.execute(TestMethodTestDescriptor.java:135)\n\tat org.junit.jupiter.engine.descriptor.TestMethodTestDescriptor.execute(TestMethodTestDescriptor.java:66)\n\tat org.junit.platform.engine.support.hierarchical.NodeTestTask.lambda$executeRecursively$6(NodeTestTask.java:151)\n\tat org.junit.platform.engine.support.hierarchical.ThrowableCollector.execute(ThrowableCollector.java:73)\n\tat org.junit.platform.engine.support.hierarchical.NodeTestTask.lambda$executeRecursively$8(NodeTestTask.java:141)\n\tat org.junit.platform.engine.support.hierarchical.Node.around(Node.java:137)\n\tat org.junit.platform.engine.support.hierarchical.NodeTestTask.lambda$executeRecursively$9(NodeTestTask.java:139)\n\tat org.junit.platform.engine.support.hierarchical.ThrowableCollector.execute(ThrowableCollector.java:73)\n\tat org.junit.platform.engine.support.hierarchical.NodeTestTask.executeRecursively(NodeTestTask.java:138)\n\tat org.junit.platform.engine.support.hierarchical.NodeTestTask.execute(NodeTestTask.java:95)\n\tat org.junit.platform.engine.support.hierarchical.SameThreadHierarchicalTestExecutorService.submit(SameThreadHierarchicalTestExecutorService.java:35)\n\tat org.junit.platform.engine.support.hierarchical.NodeTestTask$DefaultDynamicTestExecutor.execute(NodeTestTask.java:226)\n\tat org.junit.platform.engine.support.hierarchical.NodeTestTask$DefaultDynamicTestExecutor.execute(NodeTestTask.java:204)\n\tat org.junit.jupiter.engine.descriptor.TestTemplateTestDescriptor.execute(TestTemplateTestDescriptor.java:139)\n\tat org.junit.jupiter.engine.descriptor.TestTemplateTestDescriptor.lambda$execute$2(TestTemplateTestDescriptor.java:107)\n\tat java.base/java.util.stream.ForEachOps$ForEachOp$OfRef.accept(ForEachOps.java:183)\n\tat java.base/java.util.stream.ReferencePipeline$3$1.accept(ReferencePipeline.java:195)\n\tat java.base/java.util.stream.ReferencePipeline$2$1.accept(ReferencePipeline.java:177)\n\tat java.base/java.util.stream.ReferencePipeline$3$1.accept(ReferencePipeline.java:195)\n\tat java.base/java.util.Iterator.forEachRemaining(Iterator.java:133)\n\tat java.base/java.util.Spliterators$IteratorSpliterator.forEachRemaining(Spliterators.java:1801)\n\tat java.base/java.util.stream.ReferencePipeline$Head.forEach(ReferencePipeline.java:658)\n\tat java.base/java.util.stream.ReferencePipeline$7$1.accept(ReferencePipeline.java:274)\n\tat java.base/java.util.ArrayList$ArrayListSpliterator.forEachRemaining(ArrayList.java:1655)\n\tat java.base/java.util.stream.AbstractPipeline.copyInto(AbstractPipeline.java:484)\n\tat java.base/java.util.stream.AbstractPipeline.wrapAndCopyInto(AbstractPipeline.java:474)\n\tat java.base/java.util.stream.ForEachOps$ForEachOp.evaluateSequential(ForEachOps.java:150)\n\tat java.base/java.util.stream.ForEachOps$ForEachOp$OfRef.evaluateSequential(ForEachOps.java:173)\n\tat java.base/java.util.stream.AbstractPipeline.evaluate(AbstractPipeline.java:234)\n\tat java.base/java.util.stream.ReferencePipeline.forEach(ReferencePipeline.java:497)\n\tat org.junit.jupiter.engine.descriptor.TestTemplateTestDescriptor.execute(TestTemplateTestDescriptor.java:107)\n\tat org.junit.jupiter.engine.descriptor.TestTemplateTestDescriptor.execute(TestTemplateTestDescriptor.java:42)\n\tat org.junit.platform.engine.support.hierarchical.NodeTestTask.lambda$executeRecursively$6(NodeTestTask.java:151)\n\tat org.junit.platform.engine.support.hierarchical.ThrowableCollector.execute(ThrowableCollector.java:73)\n\tat org.junit.platform.engine.support.hierarchical.NodeTestTask.lambda$executeRecursively$8(NodeTestTask.java:141)\n\tat org.junit.platform.engine.support.hierarchical.Node.around(Node.java:137)\n\tat org.junit.platform.engine.support.hierarchical.NodeTestTask.lambda$executeRecursively$9(NodeTestTask.java:139)\n\tat org.junit.platform.engine.support.hierarchical.ThrowableCollector.execute(ThrowableCollector.java:73)\n\tat org.junit.platform.engine.support.hierarchical.NodeTestTask.executeRecursively(NodeTestTask.java:138)\n\tat org.junit.platform.engine.support.hierarchical.NodeTestTask.execute(NodeTestTask.java:95)\n\tat java.base/java.util.ArrayList.forEach(ArrayList.java:1541)\n\tat org.junit.platform.engine.support.hierarchical.SameThreadHierarchicalTestExecutorService.invokeAll(SameThreadHierarchicalTestExecutorService.java:41)\n\tat org.junit.platform.engine.support.hierarchical.NodeTestTask.lambda$executeRecursively$6(NodeTestTask.java:155)\n\tat org.junit.platform.engine.support.hierarchical.ThrowableCollector.execute(ThrowableCollector.java:73)\n\tat org.junit.platform.engine.support.hierarchical.NodeTestTask.lambda$executeRecursively$8(NodeTestTask.java:141)\n\tat org.junit.platform.engine.support.hierarchical.Node.around(Node.java:137)\n\tat org.junit.platform.engine.support.hierarchical.NodeTestTask.lambda$executeRecursively$9(NodeTestTask.java:139)\n\tat org.junit.platform.engine.support.hierarchical.ThrowableCollector.execute(ThrowableCollector.java:73)\n\tat org.junit.platform.engine.support.hierarchical.NodeTestTask.executeRecursively(NodeTestTask.java:138)\n\tat org.junit.platform.engine.support.hierarchical.NodeTestTask.execute(NodeTestTask.java:95)\n\tat java.base/java.util.ArrayList.forEach(ArrayList.java:1541)\n\tat org.junit.platform.engine.support.hierarchical.SameThreadHierarchicalTestExecutorService.invokeAll(SameThreadHierarchicalTestExecutorService.java:41)\n\tat org.junit.platform.engine.support.hierarchical.NodeTestTask.lambda$executeRecursively$6(NodeTestTask.java:155)\n\tat org.junit.platform.engine.support.hierarchical.ThrowableCollector.execute(ThrowableCollector.java:73)\n\tat org.junit.platform.engine.support.hierarchical.NodeTestTask.lambda$executeRecursively$8(NodeTestTask.java:141)\n\tat org.junit.platform.engine.support.hierarchical.Node.around(Node.java:137)\n\tat org.junit.platform.engine.support.hierarchical.NodeTestTask.lambda$executeRecursively$9(NodeTestTask.java:139)\n\tat org.junit.platform.engine.support.hierarchical.ThrowableCollector.execute(ThrowableCollector.java:73)\n\tat org.junit.platform.engine.support.hierarchical.NodeTestTask.executeRecursively(NodeTestTask.java:138)\n\tat org.junit.platform.engine.support.hierarchical.NodeTestTask.execute(NodeTestTask.java:95)\n\tat org.junit.platform.engine.support.hierarchical.SameThreadHierarchicalTestExecutorService.submit(SameThreadHierarchicalTestExecutorService.java:35)\n\tat org.junit.platform.engine.support.hierarchical.HierarchicalTestExecutor.execute(HierarchicalTestExecutor.java:57)\n\tat org.junit.platform.engine.support.hierarchical.HierarchicalTestEngine.execute(HierarchicalTestEngine.java:54)\n\tat org.junit.platform.launcher.core.EngineExecutionOrchestrator.execute(EngineExecutionOrchestrator.java:147)\n\tat org.junit.platform.launcher.core.EngineExecutionOrchestrator.execute(EngineExecutionOrchestrator.java:127)\n\tat org.junit.platform.launcher.core.EngineExecutionOrchestrator.execute(EngineExecutionOrchestrator.java:90)\n\tat org.junit.platform.launcher.core.EngineExecutionOrchestrator.lambda$execute$0(EngineExecutionOrchestrator.java:55)\n\tat org.junit.platform.launcher.core.EngineExecutionOrchestrator.withInterceptedStreams(EngineExecutionOrchestrator.java:102)\n\tat org.junit.platform.launcher.core.EngineExecutionOrchestrator.execute(EngineExecutionOrchestrator.java:54)\n\tat org.junit.platform.launcher.core.DefaultLauncher.execute(DefaultLauncher.java:114)\n\tat org.junit.platform.launcher.core.DefaultLauncher.execute(DefaultLauncher.java:86)\n\tat org.junit.platform.launcher.core.DefaultLauncherSession$DelegatingLauncher.execute(DefaultLauncherSession.java:86)\n\tat org.apache.maven.surefire.junitplatform.LazyLauncher.execute(LazyLauncher.java:55)\n\tat org.apache.maven.surefire.junitplatform.JUnitPlatformProvider.execute(JUnitPlatformProvider.java:223)\n\tat org.apache.maven.surefire.junitplatform.JUnitPlatformProvider.invokeAllTests(JUnitPlatformProvider.java:175)\n\tat org.apache.maven.surefire.junitplatform.JUnitPlatformProvider.invoke(JUnitPlatformProvider.java:139)\n\tat org.apache.maven.surefire.booter.ForkedBooter.runSuitesInProcess(ForkedBooter.java:456)\n\tat org.apache.maven.surefire.booter.ForkedBooter.execute(ForkedBooter.java:169)\n\tat org.apache.maven.surefire.booter.ForkedBooter.run(ForkedBooter.java:595)\n\tat org.apache.maven.surefire.booter.ForkedBooter.main(ForkedBooter.java:581)\nCaused by: org.openqa.selenium.TimeoutException: Expected condition failed: waiting for visibility of Proxy element for: DefaultElementLocator 'By.cssSelector: p:nth-child(2)' (tried for 15 second(s) with 500 milliseconds interval)\n\tat org.openqa.selenium.support.ui.WebDriverWait.timeoutException(WebDriverWait.java:138)\n\tat org.openqa.selenium.support.ui.FluentWait.until(FluentWait.java:234)\n\tat pageObjects.WayAuthorization.waitSuccessLoginText(WayAuthorization.java:63)\n\tat tests.ui.DataProviderAuthTest.testLogin(DataProviderAuthTest.java:34)\n\tat java.base/jdk.internal.reflect.NativeMethodAccessorImpl.invoke0(Native Method)\n\tat java.base/jdk.internal.reflect.NativeMethodAccessorImpl.invoke(NativeMethodAccessorImpl.java:62)\n\tat java.base/jdk.internal.reflect.DelegatingMethodAccessorImpl.invoke(DelegatingMethodAccessorImpl.java:43)\n\tat java.base/java.lang.reflect.Method.invoke(Method.java:566)\n\tat org.junit.platform.commons.util.ReflectionUtils.invokeMethod(ReflectionUtils.java:728)\n\tat org.junit.jupiter.engine.execution.MethodInvocation.proceed(MethodInvocation.java:60)\n\tat org.junit.jupiter.engine.execution.InvocationInterceptorChain$ValidatingInvocation.proceed(InvocationInterceptorChain.java:131)\n\tat org.junit.jupiter.engine.extension.TimeoutExtension.intercept(TimeoutExtension.java:149)\n\tat org.junit.jupiter.engine.extension.TimeoutExtension.interceptTestableMethod(TimeoutExtension.java:140)\n\tat org.junit.jupiter.engine.extension.TimeoutExtension.interceptTestTemplateMethod(TimeoutExtension.java:92)\n\tat org.junit.jupiter.engine.execution.ExecutableInvoker$ReflectiveInterceptorCall.lambda$ofVoidMethod$0(ExecutableInvoker.java:115)\n\tat org.junit.jupiter.engine.execution.ExecutableInvoker.lambda$invoke$0(ExecutableInvoker.java:105)\n\tat org.junit.jupiter.engine.execution.InvocationInterceptorChain$InterceptedInvocation.proceed(InvocationInterceptorChain.java:106)\n\tat org.junit.jupiter.engine.execution.InvocationInterceptorChain.proceed(InvocationInterceptorChain.java:64)\n\tat org.junit.jupiter.engine.execution.InvocationInterceptorChain.chainAndInvoke(InvocationInterceptorChain.java:45)\n\tat org.junit.jupiter.engine.execution.InvocationInterceptorChain.invoke(InvocationInterceptorChain.java:37)\n\tat org.junit.jupiter.engine.execution.ExecutableInvoker.invoke(ExecutableInvoker.java:104)\n\tat org.junit.jupiter.engine.execution.ExecutableInvoker.invoke(ExecutableInvoker.java:98)\n\tat org.junit.jupiter.engine.descriptor.TestMethodTestDescriptor.lambda$invokeTestMethod$7(TestMethodTestDescriptor.java:214)\n\t... 82 more\nCaused by: org.openqa.selenium.NoSuchElementException: no such element: Unable to locate element: {\"method\":\"css selector\",\"selector\":\"p:nth-child(2)\"}\n  (Session info: chrome=119.0.6045.105)\nFor documentation on this error, please visit: https://www.seleniumhq.org/exceptions/no_such_element.html\nBuild info: version: '4.0.0-alpha-2', revision: 'f148142cf8', time: '2019-07-01T20:55:26'\nSystem info: host: '2674cb31840f', ip: '172.17.0.4', os.name: 'Linux', os.arch: 'amd64', os.version: '6.2.0-1019-azure', java.version: '11.0.10'\nDriver info: org.openqa.selenium.remote.RemoteWebDriver\nCapabilities {acceptInsecureCerts: false, browserName: chrome, browserVersion: 119.0.6045.105, chrome: {chromedriverVersion: 119.0.6045.105 (38c72552c5e..., userDataDir: /tmp/.org.chromium.Chromium...}, fedcm:accounts: true, goog:chromeOptions: {debuggerAddress: localhost:46589}, javascriptEnabled: true, networkConnectionEnabled: false, pageLoadStrategy: normal, platform: LINUX, platformName: LINUX, proxy: Proxy(), se:cdp: ws://selenoid:4444/devtools..., setWindowRect: true, strictFileInteractability: false, timeouts: {implicit: 0, pageLoad: 300000, script: 30000}, unhandledPromptBehavior: dismiss and notify, webauthn:extension:credBlob: true, webauthn:extension:largeBlob: true, webauthn:extension:minPinLength: true, webauthn:extension:prf: true, webauthn:virtualAuthenticators: true}\nSession ID: cb219728ff013a130a7fe2335595ce51\n*** Element info: {Using=css selector, value=p:nth-child(2)}\n\tat jdk.internal.reflect.GeneratedConstructorAccessor20.newInstance(Unknown Source)\n\tat java.base/jdk.internal.reflect.DelegatingConstructorAccessorImpl.newInstance(DelegatingConstructorAccessorImpl.java:45)\n\tat java.base/java.lang.reflect.Constructor.newInstance(Constructor.java:490)\n\tat org.openqa.selenium.remote.codec.w3c.W3CHttpResponseCodec.createException(W3CHttpResponseCodec.java:191)\n\tat org.openqa.selenium.remote.codec.w3c.W3CHttpResponseCodec.decode(W3CHttpResponseCodec.java:125)\n\tat org.openqa.selenium.remote.codec.w3c.W3CHttpResponseCodec.decode(W3CHttpResponseCodec.java:52)\n\tat org.openqa.selenium.remote.HttpCommandExecutor.execute(HttpCommandExecutor.java:161)\n\tat org.openqa.selenium.remote.RemoteWebDriver.execute(RemoteWebDriver.java:576)\n\tat org.openqa.selenium.remote.RemoteWebDriver.findElement(RemoteWebDriver.java:327)\n\tat org.openqa.selenium.remote.RemoteWebDriver.findElementByCssSelector(RemoteWebDriver.java:435)\n\tat org.openqa.selenium.By$ByCssSelector.findElement(By.java:431)\n\tat org.openqa.selenium.remote.RemoteWebDriver.findElement(RemoteWebDriver.java:319)\n\tat org.openqa.selenium.support.pagefactory.DefaultElementLocator.findElement(DefaultElementLocator.java:70)\n\tat org.openqa.selenium.support.pagefactory.internal.LocatingElementHandler.invoke(LocatingElementHandler.java:39)\n\tat com.sun.proxy.$Proxy27.isDisplayed(Unknown Source)\n\tat org.openqa.selenium.support.ui.ExpectedConditions.elementIfVisible(ExpectedConditions.java:314)\n\tat org.openqa.selenium.support.ui.ExpectedConditions.access$000(ExpectedConditions.java:43)\n\tat org.openqa.selenium.support.ui.ExpectedConditions$10.apply(ExpectedConditions.java:300)\n\tat org.openqa.selenium.support.ui.ExpectedConditions$10.apply(ExpectedConditions.java:297)\n\tat org.openqa.selenium.support.ui.FluentWait.until(FluentWait.java:211)\n\t... 103 more\n","flaky":false,"newFailed":false,"newBroken":false,"newPassed":false,"retriesCount":0,"retriesStatusChange":false,"beforeStages":[],"afterStages":[],"labels":[{"name":"junit.platform.uniqueid","value":"[engine:junit-jupiter]/[class:tests.ui.DataProviderAuthTest]/[test-template:testLogin(java.lang.String, java.lang.String)]/[test-template-invocation:#8]"},{"name":"epic","value":"Тесты Авторизации."},{"name":"feature","value":"Задание U3 тест авторизации с использованием DataProvider"},{"name":"host","value":"2674cb31840f"},{"name":"thread","value":"83@2674cb31840f.main(1)"},{"name":"framework","value":"junit-platform"},{"name":"language","value":"java"},{"name":"package","value":"tests.ui.DataProviderAuthTest"},{"name":"testClass","value":"tests.ui.DataProviderAuthTest"},{"name":"testMethod","value":"testLogin"},{"name":"suite","value":"tests.ui.DataProviderAuthTest"},{"name":"resultFormat","value":"allure2"}],"parameters":[],"links":[],"hidden":false,"retry":false,"extra":{"severity":"normal","retries":[],"categories":[],"history":{"statistic":{"failed":0,"broken":0,"skipped":29,"passed":0,"unknown":0,"total":29},"items":[{"uid":"1aa5b7cb1afaa554","reportUrl":"https://zen2281488.github.io/YakSomeTests/164//#testresult/1aa5b7cb1afaa554","status":"skipped","statusDetails":"Do not fail completely, but repeat the test","time":{"start":1708638710368,"stop":1708638743853,"duration":33485}},{"uid":"3c7fb0462f4dd0ff","reportUrl":"https://zen2281488.github.io/YakSomeTests/160//#testresult/3c7fb0462f4dd0ff","status":"skipped","statusDetails":"Do not fail completely, but repeat the test","time":{"start":1708638461211,"stop":1708638494582,"duration":33371}},{"uid":"58511beb98513686","reportUrl":"https://zen2281488.github.io/YakSomeTests/158//#testresult/58511beb98513686","status":"skipped","statusDetails":"Do not fail completely, but repeat the test","time":{"start":1708635142176,"stop":1708635175505,"duration":33329}},{"uid":"7966f6c1f99cbd1d","reportUrl":"https://zen2281488.github.io/YakSomeTests/157//#testresult/7966f6c1f99cbd1d","status":"skipped","statusDetails":"Do not fail completely, but repeat the test","time":{"start":1708634961852,"stop":1708634995340,"duration":33488}},{"uid":"5ba5852d739bb6d0","reportUrl":"https://zen2281488.github.io/YakSomeTests/156//#testresult/5ba5852d739bb6d0","status":"skipped","statusDetails":"Do not fail completely, but repeat the test","time":{"start":1708633563922,"stop":1708633597492,"duration":33570}},{"uid":"e84c2c4aa1953802","reportUrl":"https://zen2281488.github.io/YakSomeTests/155//#testresult/e84c2c4aa1953802","status":"skipped","statusDetails":"Do not fail completely, but repeat the test","time":{"start":1708630848650,"stop":1708630882085,"duration":33435}},{"uid":"80752b716ea54abf","reportUrl":"https://zen2281488.github.io/YakSomeTests/154//#testresult/80752b716ea54abf","status":"skipped","statusDetails":"Do not fail completely, but repeat the test","time":{"start":1708630817973,"stop":1708630851460,"duration":33487}},{"uid":"14ba20e967e1d611","reportUrl":"https://zen2281488.github.io/YakSomeTests/153//#testresult/14ba20e967e1d611","status":"skipped","statusDetails":"Do not fail completely, but repeat the test","time":{"start":1708629384152,"stop":1708629417724,"duration":33572}},{"uid":"7d63eebbc0d3bf8e","reportUrl":"https://zen2281488.github.io/YakSomeTests/152//#testresult/7d63eebbc0d3bf8e","status":"skipped","statusDetails":"Do not fail completely, but repeat the test","time":{"start":1708627346288,"stop":1708627379780,"duration":33492}},{"uid":"21ce7c0ca493079e","reportUrl":"https://zen2281488.github.io/YakSomeTests/151//#testresult/21ce7c0ca493079e","status":"skipped","statusDetails":"Do not fail completely, but repeat the test","time":{"start":1708620598619,"stop":1708620631893,"duration":33274}},{"uid":"e9971bf6c8a22353","reportUrl":"https://zen2281488.github.io/YakSomeTests/125//#testresult/e9971bf6c8a22353","status":"skipped","statusDetails":"Do not fail completely, but repeat the test","time":{"start":1708391102166,"stop":1708391134727,"duration":32561}},{"uid":"7a0e8b7d31e90cdd","reportUrl":"https://zen2281488.github.io/YakSomeTests/124//#testresult/7a0e8b7d31e90cdd","status":"skipped","statusDetails":"Do not fail completely, but repeat the test","time":{"start":1708304834406,"stop":1708304867144,"duration":32738}},{"uid":"bb98a37a4c525652","reportUrl":"https://zen2281488.github.io/YakSomeTests/123//#testresult/bb98a37a4c525652","status":"skipped","statusDetails":"Do not fail completely, but repeat the test","time":{"start":1708218596255,"stop":1708218628883,"duration":32628}},{"uid":"75601a9e4def732d","reportUrl":"https://zen2281488.github.io/YakSomeTests/122//#testresult/75601a9e4def732d","status":"skipped","statusDetails":"Do not fail completely, but repeat the test","time":{"start":1708131897192,"stop":1708131929776,"duration":32584}},{"uid":"b4d6e77a9e396f15","reportUrl":"https://zen2281488.github.io/YakSomeTests/121//#testresult/b4d6e77a9e396f15","status":"skipped","statusDetails":"Do not fail completely, but repeat the test","time":{"start":1708045624720,"stop":1708045657644,"duration":32924}},{"uid":"19a0875fc311b0ef","reportUrl":"https://zen2281488.github.io/YakSomeTests/120//#testresult/19a0875fc311b0ef","status":"skipped","statusDetails":"Do not fail completely, but repeat the test","time":{"start":1707977172518,"stop":1707977205470,"duration":32952}},{"uid":"2a017bd558bb6ad0","reportUrl":"https://zen2281488.github.io/YakSomeTests/119//#testresult/2a017bd558bb6ad0","status":"skipped","statusDetails":"Do not fail completely, but repeat the test","time":{"start":1707959177079,"stop":1707959209867,"duration":32788}},{"uid":"b646b0934527477b","reportUrl":"https://zen2281488.github.io/YakSomeTests/118//#testresult/b646b0934527477b","status":"skipped","statusDetails":"Do not fail completely, but repeat the test","time":{"start":1707949760132,"stop":1707949792948,"duration":32816}},{"uid":"a8ae0eae65834e86","reportUrl":"https://zen2281488.github.io/YakSomeTests/117//#testresult/a8ae0eae65834e86","status":"skipped","statusDetails":"Do not fail completely, but repeat the test","time":{"start":1707949440052,"stop":1707949472700,"duration":32648}},{"uid":"cdb0a100c3ed553f","reportUrl":"https://zen2281488.github.io/YakSomeTests/98//#testresult/cdb0a100c3ed553f","status":"skipped","statusDetails":"Do not fail completely, but repeat the test","time":{"start":1707945098537,"stop":1707945131358,"duration":32821}}]},"tags":[]},"source":"2d8f0fb4308ae8f4.json","parameterValues":[]}