{"uid":"5c5fd2ed5e00b32e","name":"Проверка авторизации на сайте Way2 Проверка авторизации на сайте Way2 (Repetition 2 of 3)","fullName":"tests.ui.AuthorizationTest.wayAuthorizationTest","historyId":"b3e4bd6afe09e7a096f8a7f18afc2a17","time":{"start":1708683243186,"stop":1708683264343,"duration":21157},"description":"Тест проверяет успешно ли проходит авторизация на сайте Way2 при вводе учетных данных пользователя.","descriptionHtml":"<p>Тест проверяет успешно ли проходит авторизация на сайте Way2 при вводе учетных данных пользователя.</p>\n","status":"skipped","statusMessage":"Do not fail completely, but repeat the test","statusTrace":"org.opentest4j.TestAbortedException: Do not fail completely, but repeat the test\n\tat io.github.artsok.extension.RepeatIfExceptionsExtension.handleTestExecutionException(RepeatIfExceptionsExtension.java:161)\n\tat org.junit.jupiter.engine.descriptor.TestMethodTestDescriptor.lambda$invokeTestExecutionExceptionHandlers$8(TestMethodTestDescriptor.java:228)\n\tat org.junit.jupiter.engine.descriptor.JupiterTestDescriptor.invokeExecutionExceptionHandlers(JupiterTestDescriptor.java:123)\n\tat org.junit.jupiter.engine.descriptor.JupiterTestDescriptor.invokeExecutionExceptionHandlers(JupiterTestDescriptor.java:110)\n\tat org.junit.jupiter.engine.descriptor.TestMethodTestDescriptor.invokeTestExecutionExceptionHandlers(TestMethodTestDescriptor.java:227)\n\tat org.junit.jupiter.engine.descriptor.TestMethodTestDescriptor.lambda$invokeTestMethod$7(TestMethodTestDescriptor.java:219)\n\tat org.junit.platform.engine.support.hierarchical.ThrowableCollector.execute(ThrowableCollector.java:73)\n\tat org.junit.jupiter.engine.descriptor.TestMethodTestDescriptor.invokeTestMethod(TestMethodTestDescriptor.java:210)\n\tat org.junit.jupiter.engine.descriptor.TestMethodTestDescriptor.execute(TestMethodTestDescriptor.java:135)\n\tat org.junit.jupiter.engine.descriptor.TestMethodTestDescriptor.execute(TestMethodTestDescriptor.java:66)\n\tat org.junit.platform.engine.support.hierarchical.NodeTestTask.lambda$executeRecursively$6(NodeTestTask.java:151)\n\tat org.junit.platform.engine.support.hierarchical.ThrowableCollector.execute(ThrowableCollector.java:73)\n\tat org.junit.platform.engine.support.hierarchical.NodeTestTask.lambda$executeRecursively$8(NodeTestTask.java:141)\n\tat org.junit.platform.engine.support.hierarchical.Node.around(Node.java:137)\n\tat org.junit.platform.engine.support.hierarchical.NodeTestTask.lambda$executeRecursively$9(NodeTestTask.java:139)\n\tat org.junit.platform.engine.support.hierarchical.ThrowableCollector.execute(ThrowableCollector.java:73)\n\tat org.junit.platform.engine.support.hierarchical.NodeTestTask.executeRecursively(NodeTestTask.java:138)\n\tat org.junit.platform.engine.support.hierarchical.NodeTestTask.execute(NodeTestTask.java:95)\n\tat org.junit.platform.engine.support.hierarchical.SameThreadHierarchicalTestExecutorService.submit(SameThreadHierarchicalTestExecutorService.java:35)\n\tat org.junit.platform.engine.support.hierarchical.NodeTestTask$DefaultDynamicTestExecutor.execute(NodeTestTask.java:226)\n\tat org.junit.platform.engine.support.hierarchical.NodeTestTask$DefaultDynamicTestExecutor.execute(NodeTestTask.java:204)\n\tat org.junit.jupiter.engine.descriptor.TestTemplateTestDescriptor.execute(TestTemplateTestDescriptor.java:139)\n\tat org.junit.jupiter.engine.descriptor.TestTemplateTestDescriptor.lambda$execute$2(TestTemplateTestDescriptor.java:107)\n\tat java.base/java.util.stream.ForEachOps$ForEachOp$OfRef.accept(ForEachOps.java:183)\n\tat java.base/java.util.stream.ReferencePipeline$3$1.accept(ReferencePipeline.java:195)\n\tat java.base/java.util.stream.ReferencePipeline$2$1.accept(ReferencePipeline.java:177)\n\tat java.base/java.util.stream.ReferencePipeline$3$1.accept(ReferencePipeline.java:195)\n\tat java.base/java.util.Iterator.forEachRemaining(Iterator.java:133)\n\tat java.base/java.util.Spliterators$IteratorSpliterator.forEachRemaining(Spliterators.java:1801)\n\tat java.base/java.util.stream.ReferencePipeline$Head.forEach(ReferencePipeline.java:658)\n\tat java.base/java.util.stream.ReferencePipeline$7$1.accept(ReferencePipeline.java:274)\n\tat java.base/java.util.ArrayList$ArrayListSpliterator.forEachRemaining(ArrayList.java:1655)\n\tat java.base/java.util.stream.AbstractPipeline.copyInto(AbstractPipeline.java:484)\n\tat java.base/java.util.stream.AbstractPipeline.wrapAndCopyInto(AbstractPipeline.java:474)\n\tat java.base/java.util.stream.ForEachOps$ForEachOp.evaluateSequential(ForEachOps.java:150)\n\tat java.base/java.util.stream.ForEachOps$ForEachOp$OfRef.evaluateSequential(ForEachOps.java:173)\n\tat java.base/java.util.stream.AbstractPipeline.evaluate(AbstractPipeline.java:234)\n\tat java.base/java.util.stream.ReferencePipeline.forEach(ReferencePipeline.java:497)\n\tat org.junit.jupiter.engine.descriptor.TestTemplateTestDescriptor.execute(TestTemplateTestDescriptor.java:107)\n\tat org.junit.jupiter.engine.descriptor.TestTemplateTestDescriptor.execute(TestTemplateTestDescriptor.java:42)\n\tat org.junit.platform.engine.support.hierarchical.NodeTestTask.lambda$executeRecursively$6(NodeTestTask.java:151)\n\tat org.junit.platform.engine.support.hierarchical.ThrowableCollector.execute(ThrowableCollector.java:73)\n\tat org.junit.platform.engine.support.hierarchical.NodeTestTask.lambda$executeRecursively$8(NodeTestTask.java:141)\n\tat org.junit.platform.engine.support.hierarchical.Node.around(Node.java:137)\n\tat org.junit.platform.engine.support.hierarchical.NodeTestTask.lambda$executeRecursively$9(NodeTestTask.java:139)\n\tat org.junit.platform.engine.support.hierarchical.ThrowableCollector.execute(ThrowableCollector.java:73)\n\tat org.junit.platform.engine.support.hierarchical.NodeTestTask.executeRecursively(NodeTestTask.java:138)\n\tat org.junit.platform.engine.support.hierarchical.NodeTestTask.execute(NodeTestTask.java:95)\n\tat java.base/java.util.ArrayList.forEach(ArrayList.java:1541)\n\tat org.junit.platform.engine.support.hierarchical.SameThreadHierarchicalTestExecutorService.invokeAll(SameThreadHierarchicalTestExecutorService.java:41)\n\tat org.junit.platform.engine.support.hierarchical.NodeTestTask.lambda$executeRecursively$6(NodeTestTask.java:155)\n\tat org.junit.platform.engine.support.hierarchical.ThrowableCollector.execute(ThrowableCollector.java:73)\n\tat org.junit.platform.engine.support.hierarchical.NodeTestTask.lambda$executeRecursively$8(NodeTestTask.java:141)\n\tat org.junit.platform.engine.support.hierarchical.Node.around(Node.java:137)\n\tat org.junit.platform.engine.support.hierarchical.NodeTestTask.lambda$executeRecursively$9(NodeTestTask.java:139)\n\tat org.junit.platform.engine.support.hierarchical.ThrowableCollector.execute(ThrowableCollector.java:73)\n\tat org.junit.platform.engine.support.hierarchical.NodeTestTask.executeRecursively(NodeTestTask.java:138)\n\tat org.junit.platform.engine.support.hierarchical.NodeTestTask.execute(NodeTestTask.java:95)\n\tat java.base/java.util.ArrayList.forEach(ArrayList.java:1541)\n\tat org.junit.platform.engine.support.hierarchical.SameThreadHierarchicalTestExecutorService.invokeAll(SameThreadHierarchicalTestExecutorService.java:41)\n\tat org.junit.platform.engine.support.hierarchical.NodeTestTask.lambda$executeRecursively$6(NodeTestTask.java:155)\n\tat org.junit.platform.engine.support.hierarchical.ThrowableCollector.execute(ThrowableCollector.java:73)\n\tat org.junit.platform.engine.support.hierarchical.NodeTestTask.lambda$executeRecursively$8(NodeTestTask.java:141)\n\tat org.junit.platform.engine.support.hierarchical.Node.around(Node.java:137)\n\tat org.junit.platform.engine.support.hierarchical.NodeTestTask.lambda$executeRecursively$9(NodeTestTask.java:139)\n\tat org.junit.platform.engine.support.hierarchical.ThrowableCollector.execute(ThrowableCollector.java:73)\n\tat org.junit.platform.engine.support.hierarchical.NodeTestTask.executeRecursively(NodeTestTask.java:138)\n\tat org.junit.platform.engine.support.hierarchical.NodeTestTask.execute(NodeTestTask.java:95)\n\tat org.junit.platform.engine.support.hierarchical.SameThreadHierarchicalTestExecutorService.submit(SameThreadHierarchicalTestExecutorService.java:35)\n\tat org.junit.platform.engine.support.hierarchical.HierarchicalTestExecutor.execute(HierarchicalTestExecutor.java:57)\n\tat org.junit.platform.engine.support.hierarchical.HierarchicalTestEngine.execute(HierarchicalTestEngine.java:54)\n\tat org.junit.platform.launcher.core.EngineExecutionOrchestrator.execute(EngineExecutionOrchestrator.java:147)\n\tat org.junit.platform.launcher.core.EngineExecutionOrchestrator.execute(EngineExecutionOrchestrator.java:127)\n\tat org.junit.platform.launcher.core.EngineExecutionOrchestrator.execute(EngineExecutionOrchestrator.java:90)\n\tat org.junit.platform.launcher.core.EngineExecutionOrchestrator.lambda$execute$0(EngineExecutionOrchestrator.java:55)\n\tat org.junit.platform.launcher.core.EngineExecutionOrchestrator.withInterceptedStreams(EngineExecutionOrchestrator.java:102)\n\tat org.junit.platform.launcher.core.EngineExecutionOrchestrator.execute(EngineExecutionOrchestrator.java:54)\n\tat org.junit.platform.launcher.core.DefaultLauncher.execute(DefaultLauncher.java:114)\n\tat org.junit.platform.launcher.core.DefaultLauncher.execute(DefaultLauncher.java:86)\n\tat org.junit.platform.launcher.core.DefaultLauncherSession$DelegatingLauncher.execute(DefaultLauncherSession.java:86)\n\tat org.apache.maven.surefire.junitplatform.LazyLauncher.execute(LazyLauncher.java:55)\n\tat org.apache.maven.surefire.junitplatform.JUnitPlatformProvider.execute(JUnitPlatformProvider.java:223)\n\tat org.apache.maven.surefire.junitplatform.JUnitPlatformProvider.invokeAllTests(JUnitPlatformProvider.java:175)\n\tat org.apache.maven.surefire.junitplatform.JUnitPlatformProvider.invoke(JUnitPlatformProvider.java:139)\n\tat org.apache.maven.surefire.booter.ForkedBooter.runSuitesInProcess(ForkedBooter.java:456)\n\tat org.apache.maven.surefire.booter.ForkedBooter.execute(ForkedBooter.java:169)\n\tat org.apache.maven.surefire.booter.ForkedBooter.run(ForkedBooter.java:595)\n\tat org.apache.maven.surefire.booter.ForkedBooter.main(ForkedBooter.java:581)\nCaused by: org.openqa.selenium.NoSuchElementException: no such element: Unable to locate element: {\"method\":\"css selector\",\"selector\":\"#email\"}\n  (Session info: chrome=119.0.6045.105)\nFor documentation on this error, please visit: https://www.seleniumhq.org/exceptions/no_such_element.html\nBuild info: version: '4.0.0-alpha-2', revision: 'f148142cf8', time: '2019-07-01T20:55:26'\nSystem info: host: '2674cb31840f', ip: '172.17.0.4', os.name: 'Linux', os.arch: 'amd64', os.version: '6.2.0-1019-azure', java.version: '11.0.10'\nDriver info: org.openqa.selenium.remote.RemoteWebDriver\nCapabilities {acceptInsecureCerts: false, browserName: chrome, browserVersion: 119.0.6045.105, chrome: {chromedriverVersion: 119.0.6045.105 (38c72552c5e..., userDataDir: /tmp/.org.chromium.Chromium...}, fedcm:accounts: true, goog:chromeOptions: {debuggerAddress: localhost:46645}, javascriptEnabled: true, networkConnectionEnabled: false, pageLoadStrategy: normal, platform: LINUX, platformName: LINUX, proxy: Proxy(), se:cdp: ws://selenoid:4444/devtools..., setWindowRect: true, strictFileInteractability: false, timeouts: {implicit: 0, pageLoad: 300000, script: 30000}, unhandledPromptBehavior: dismiss and notify, webauthn:extension:credBlob: true, webauthn:extension:largeBlob: true, webauthn:extension:minPinLength: true, webauthn:extension:prf: true, webauthn:virtualAuthenticators: true}\nSession ID: df21c41ee980821a451ef23405f66a3d\n*** Element info: {Using=css selector, value=#email}\n\tat jdk.internal.reflect.GeneratedConstructorAccessor20.newInstance(Unknown Source)\n\tat java.base/jdk.internal.reflect.DelegatingConstructorAccessorImpl.newInstance(DelegatingConstructorAccessorImpl.java:45)\n\tat java.base/java.lang.reflect.Constructor.newInstance(Constructor.java:490)\n\tat org.openqa.selenium.remote.codec.w3c.W3CHttpResponseCodec.createException(W3CHttpResponseCodec.java:191)\n\tat org.openqa.selenium.remote.codec.w3c.W3CHttpResponseCodec.decode(W3CHttpResponseCodec.java:125)\n\tat org.openqa.selenium.remote.codec.w3c.W3CHttpResponseCodec.decode(W3CHttpResponseCodec.java:52)\n\tat org.openqa.selenium.remote.HttpCommandExecutor.execute(HttpCommandExecutor.java:161)\n\tat org.openqa.selenium.remote.RemoteWebDriver.execute(RemoteWebDriver.java:576)\n\tat org.openqa.selenium.remote.RemoteWebDriver.findElement(RemoteWebDriver.java:327)\n\tat org.openqa.selenium.remote.RemoteWebDriver.findElementByCssSelector(RemoteWebDriver.java:435)\n\tat org.openqa.selenium.By$ByCssSelector.findElement(By.java:431)\n\tat org.openqa.selenium.remote.RemoteWebDriver.findElement(RemoteWebDriver.java:319)\n\tat org.openqa.selenium.support.pagefactory.DefaultElementLocator.findElement(DefaultElementLocator.java:70)\n\tat org.openqa.selenium.support.pagefactory.internal.LocatingElementHandler.invoke(LocatingElementHandler.java:39)\n\tat com.sun.proxy.$Proxy27.sendKeys(Unknown Source)\n\tat pageObjects.WayLogin.loginSendEmail(WayLogin.java:33)\n\tat tests.ui.AuthorizationTest.wayAuthorizationTest(AuthorizationTest.java:54)\n\tat java.base/jdk.internal.reflect.NativeMethodAccessorImpl.invoke0(Native Method)\n\tat java.base/jdk.internal.reflect.NativeMethodAccessorImpl.invoke(NativeMethodAccessorImpl.java:62)\n\tat java.base/jdk.internal.reflect.DelegatingMethodAccessorImpl.invoke(DelegatingMethodAccessorImpl.java:43)\n\tat java.base/java.lang.reflect.Method.invoke(Method.java:566)\n\tat org.junit.platform.commons.util.ReflectionUtils.invokeMethod(ReflectionUtils.java:728)\n\tat org.junit.jupiter.engine.execution.MethodInvocation.proceed(MethodInvocation.java:60)\n\tat org.junit.jupiter.engine.execution.InvocationInterceptorChain$ValidatingInvocation.proceed(InvocationInterceptorChain.java:131)\n\tat org.junit.jupiter.engine.extension.TimeoutExtension.intercept(TimeoutExtension.java:149)\n\tat org.junit.jupiter.engine.extension.TimeoutExtension.interceptTestableMethod(TimeoutExtension.java:140)\n\tat org.junit.jupiter.engine.extension.TimeoutExtension.interceptTestTemplateMethod(TimeoutExtension.java:92)\n\tat org.junit.jupiter.engine.execution.ExecutableInvoker$ReflectiveInterceptorCall.lambda$ofVoidMethod$0(ExecutableInvoker.java:115)\n\tat org.junit.jupiter.engine.execution.ExecutableInvoker.lambda$invoke$0(ExecutableInvoker.java:105)\n\tat org.junit.jupiter.engine.execution.InvocationInterceptorChain$InterceptedInvocation.proceed(InvocationInterceptorChain.java:106)\n\tat org.junit.jupiter.engine.execution.InvocationInterceptorChain.proceed(InvocationInterceptorChain.java:64)\n\tat org.junit.jupiter.engine.execution.InvocationInterceptorChain.chainAndInvoke(InvocationInterceptorChain.java:45)\n\tat org.junit.jupiter.engine.execution.InvocationInterceptorChain.invoke(InvocationInterceptorChain.java:37)\n\tat org.junit.jupiter.engine.execution.ExecutableInvoker.invoke(ExecutableInvoker.java:104)\n\tat org.junit.jupiter.engine.execution.ExecutableInvoker.invoke(ExecutableInvoker.java:98)\n\tat org.junit.jupiter.engine.descriptor.TestMethodTestDescriptor.lambda$invokeTestMethod$7(TestMethodTestDescriptor.java:214)\n\t... 82 more\n","flaky":false,"newFailed":false,"newBroken":false,"newPassed":false,"retriesCount":0,"retriesStatusChange":false,"beforeStages":[],"afterStages":[],"labels":[{"name":"junit.platform.uniqueid","value":"[engine:junit-jupiter]/[class:tests.ui.AuthorizationTest]/[test-template:wayAuthorizationTest()]/[test-template-invocation:#3]"},{"name":"epic","value":"Тесты Авторизации."},{"name":"feature","value":"Тест авторизации."},{"name":"host","value":"2674cb31840f"},{"name":"thread","value":"83@2674cb31840f.main(1)"},{"name":"framework","value":"junit-platform"},{"name":"language","value":"java"},{"name":"package","value":"tests.ui.AuthorizationTest"},{"name":"testClass","value":"tests.ui.AuthorizationTest"},{"name":"testMethod","value":"wayAuthorizationTest"},{"name":"suite","value":"tests.ui.AuthorizationTest"},{"name":"severity","value":"critical"},{"name":"resultFormat","value":"allure2"}],"parameters":[],"links":[{"name":"UI-WAY2 №10","type":"issue"}],"hidden":false,"retry":false,"extra":{"severity":"critical","retries":[],"categories":[],"history":{"statistic":{"failed":0,"broken":0,"skipped":29,"passed":0,"unknown":0,"total":29},"items":[{"uid":"a86fb6939d68cf42","reportUrl":"https://zen2281488.github.io/YakSomeTests/164//#testresult/a86fb6939d68cf42","status":"skipped","statusDetails":"Do not fail completely, but repeat the test","time":{"start":1708639334650,"stop":1708639367286,"duration":32636}},{"uid":"71a1c9ba1685ee98","reportUrl":"https://zen2281488.github.io/YakSomeTests/160//#testresult/71a1c9ba1685ee98","status":"skipped","statusDetails":"Do not fail completely, but repeat the test","time":{"start":1708639078890,"stop":1708639111419,"duration":32529}},{"uid":"95bda3fd04cbe81f","reportUrl":"https://zen2281488.github.io/YakSomeTests/158//#testresult/95bda3fd04cbe81f","status":"skipped","statusDetails":"Do not fail completely, but repeat the test","time":{"start":1708635765891,"stop":1708635798687,"duration":32796}},{"uid":"f8d0a7f64e86dc94","reportUrl":"https://zen2281488.github.io/YakSomeTests/157//#testresult/f8d0a7f64e86dc94","status":"skipped","statusDetails":"Do not fail completely, but repeat the test","time":{"start":1708635578413,"stop":1708635611012,"duration":32599}},{"uid":"c7999b50eadb9a9","reportUrl":"https://zen2281488.github.io/YakSomeTests/156//#testresult/c7999b50eadb9a9","status":"skipped","statusDetails":"Do not fail completely, but repeat the test","time":{"start":1708634184130,"stop":1708634216779,"duration":32649}},{"uid":"6efb551bb1816e","reportUrl":"https://zen2281488.github.io/YakSomeTests/155//#testresult/6efb551bb1816e","status":"skipped","statusDetails":"Do not fail completely, but repeat the test","time":{"start":1708631470447,"stop":1708631503256,"duration":32809}},{"uid":"203fa9a4fdfe68c0","reportUrl":"https://zen2281488.github.io/YakSomeTests/154//#testresult/203fa9a4fdfe68c0","status":"skipped","statusDetails":"Do not fail completely, but repeat the test","time":{"start":1708631435479,"stop":1708631467960,"duration":32481}},{"uid":"dbc1423184c8de4a","reportUrl":"https://zen2281488.github.io/YakSomeTests/153//#testresult/dbc1423184c8de4a","status":"skipped","statusDetails":"Do not fail completely, but repeat the test","time":{"start":1708630000754,"stop":1708630033352,"duration":32598}},{"uid":"b625710c1662808e","reportUrl":"https://zen2281488.github.io/YakSomeTests/152//#testresult/b625710c1662808e","status":"skipped","statusDetails":"Do not fail completely, but repeat the test","time":{"start":1708627971406,"stop":1708628003854,"duration":32448}},{"uid":"d99452384bc1873c","reportUrl":"https://zen2281488.github.io/YakSomeTests/151//#testresult/d99452384bc1873c","status":"skipped","statusDetails":"Do not fail completely, but repeat the test","time":{"start":1708621216822,"stop":1708621249340,"duration":32518}},{"uid":"1ff35a09f93efb69","reportUrl":"https://zen2281488.github.io/YakSomeTests/125//#testresult/1ff35a09f93efb69","status":"skipped","statusDetails":"Do not fail completely, but repeat the test","time":{"start":1708391704766,"stop":1708391737093,"duration":32327}},{"uid":"28847ecaae45161c","reportUrl":"https://zen2281488.github.io/YakSomeTests/124//#testresult/28847ecaae45161c","status":"skipped","statusDetails":"Do not fail completely, but repeat the test","time":{"start":1708305437334,"stop":1708305469561,"duration":32227}},{"uid":"ce38e48f43de331","reportUrl":"https://zen2281488.github.io/YakSomeTests/123//#testresult/ce38e48f43de331","status":"skipped","statusDetails":"Do not fail completely, but repeat the test","time":{"start":1708219201528,"stop":1708219233921,"duration":32393}},{"uid":"18b4fd785c5645a","reportUrl":"https://zen2281488.github.io/YakSomeTests/122//#testresult/18b4fd785c5645a","status":"skipped","statusDetails":"Do not fail completely, but repeat the test","time":{"start":1708132496467,"stop":1708132528421,"duration":31954}},{"uid":"587c0443c7652f38","reportUrl":"https://zen2281488.github.io/YakSomeTests/121//#testresult/587c0443c7652f38","status":"skipped","statusDetails":"Do not fail completely, but repeat the test","time":{"start":1708046236570,"stop":1708046269462,"duration":32892}},{"uid":"e9fb1fd5b08f06d1","reportUrl":"https://zen2281488.github.io/YakSomeTests/120//#testresult/e9fb1fd5b08f06d1","status":"skipped","statusDetails":"Do not fail completely, but repeat the test","time":{"start":1707977790631,"stop":1707977823319,"duration":32688}},{"uid":"5bdfa693e6aa4e","reportUrl":"https://zen2281488.github.io/YakSomeTests/119//#testresult/5bdfa693e6aa4e","status":"skipped","statusDetails":"Do not fail completely, but repeat the test","time":{"start":1707959785904,"stop":1707959818232,"duration":32328}},{"uid":"3206d73c259c90cc","reportUrl":"https://zen2281488.github.io/YakSomeTests/118//#testresult/3206d73c259c90cc","status":"skipped","statusDetails":"Do not fail completely, but repeat the test","time":{"start":1707950371447,"stop":1707950403806,"duration":32359}},{"uid":"d0055571da5b4c53","reportUrl":"https://zen2281488.github.io/YakSomeTests/117//#testresult/d0055571da5b4c53","status":"skipped","statusDetails":"Do not fail completely, but repeat the test","time":{"start":1707950043639,"stop":1707950075852,"duration":32213}},{"uid":"d6536e59c4678071","reportUrl":"https://zen2281488.github.io/YakSomeTests/98//#testresult/d6536e59c4678071","status":"skipped","statusDetails":"Do not fail completely, but repeat the test","time":{"start":1707945707856,"stop":1707945740106,"duration":32250}}]},"tags":[]},"source":"5c5fd2ed5e00b32e.json","parameterValues":[]}