{"uid":"aaf4263742971e0f","name":"testLogin(String, String) Login: angular , password: 123","fullName":"tests.ui.DataProviderAuthTest.testLogin","historyId":"fc96f522855f7d12ef940e588953e545","time":{"start":1708682913307,"stop":1708682946568,"duration":33261},"description":"","status":"skipped","statusMessage":"Do not fail completely, but repeat the test","statusTrace":"org.opentest4j.TestAbortedException: Do not fail completely, but repeat the test\n\tat io.github.artsok.extension.ParameterizedRepeatedExtension.handleTestExecutionException(ParameterizedRepeatedExtension.java:140)\n\tat org.junit.jupiter.engine.descriptor.TestMethodTestDescriptor.lambda$invokeTestExecutionExceptionHandlers$8(TestMethodTestDescriptor.java:228)\n\tat org.junit.jupiter.engine.descriptor.JupiterTestDescriptor.invokeExecutionExceptionHandlers(JupiterTestDescriptor.java:123)\n\tat org.junit.jupiter.engine.descriptor.JupiterTestDescriptor.invokeExecutionExceptionHandlers(JupiterTestDescriptor.java:110)\n\tat org.junit.jupiter.engine.descriptor.TestMethodTestDescriptor.invokeTestExecutionExceptionHandlers(TestMethodTestDescriptor.java:227)\n\tat org.junit.jupiter.engine.descriptor.TestMethodTestDescriptor.lambda$invokeTestMethod$7(TestMethodTestDescriptor.java:219)\n\tat org.junit.platform.engine.support.hierarchical.ThrowableCollector.execute(ThrowableCollector.java:73)\n\tat org.junit.jupiter.engine.descriptor.TestMethodTestDescriptor.invokeTestMethod(TestMethodTestDescriptor.java:210)\n\tat org.junit.jupiter.engine.descriptor.TestMethodTestDescriptor.execute(TestMethodTestDescriptor.java:135)\n\tat org.junit.jupiter.engine.descriptor.TestMethodTestDescriptor.execute(TestMethodTestDescriptor.java:66)\n\tat org.junit.platform.engine.support.hierarchical.NodeTestTask.lambda$executeRecursively$6(NodeTestTask.java:151)\n\tat org.junit.platform.engine.support.hierarchical.ThrowableCollector.execute(ThrowableCollector.java:73)\n\tat org.junit.platform.engine.support.hierarchical.NodeTestTask.lambda$executeRecursively$8(NodeTestTask.java:141)\n\tat org.junit.platform.engine.support.hierarchical.Node.around(Node.java:137)\n\tat org.junit.platform.engine.support.hierarchical.NodeTestTask.lambda$executeRecursively$9(NodeTestTask.java:139)\n\tat org.junit.platform.engine.support.hierarchical.ThrowableCollector.execute(ThrowableCollector.java:73)\n\tat org.junit.platform.engine.support.hierarchical.NodeTestTask.executeRecursively(NodeTestTask.java:138)\n\tat org.junit.platform.engine.support.hierarchical.NodeTestTask.execute(NodeTestTask.java:95)\n\tat org.junit.platform.engine.support.hierarchical.SameThreadHierarchicalTestExecutorService.submit(SameThreadHierarchicalTestExecutorService.java:35)\n\tat org.junit.platform.engine.support.hierarchical.NodeTestTask$DefaultDynamicTestExecutor.execute(NodeTestTask.java:226)\n\tat org.junit.platform.engine.support.hierarchical.NodeTestTask$DefaultDynamicTestExecutor.execute(NodeTestTask.java:204)\n\tat org.junit.jupiter.engine.descriptor.TestTemplateTestDescriptor.execute(TestTemplateTestDescriptor.java:139)\n\tat org.junit.jupiter.engine.descriptor.TestTemplateTestDescriptor.lambda$execute$2(TestTemplateTestDescriptor.java:107)\n\tat java.base/java.util.stream.ForEachOps$ForEachOp$OfRef.accept(ForEachOps.java:183)\n\tat java.base/java.util.stream.ReferencePipeline$3$1.accept(ReferencePipeline.java:195)\n\tat java.base/java.util.stream.ReferencePipeline$2$1.accept(ReferencePipeline.java:177)\n\tat java.base/java.util.stream.ReferencePipeline$3$1.accept(ReferencePipeline.java:195)\n\tat java.base/java.util.Iterator.forEachRemaining(Iterator.java:133)\n\tat java.base/java.util.Spliterators$IteratorSpliterator.forEachRemaining(Spliterators.java:1801)\n\tat java.base/java.util.stream.ReferencePipeline$Head.forEach(ReferencePipeline.java:658)\n\tat java.base/java.util.stream.ReferencePipeline$7$1.accept(ReferencePipeline.java:274)\n\tat java.base/java.util.ArrayList$ArrayListSpliterator.forEachRemaining(ArrayList.java:1655)\n\tat java.base/java.util.stream.AbstractPipeline.copyInto(AbstractPipeline.java:484)\n\tat java.base/java.util.stream.AbstractPipeline.wrapAndCopyInto(AbstractPipeline.java:474)\n\tat java.base/java.util.stream.ForEachOps$ForEachOp.evaluateSequential(ForEachOps.java:150)\n\tat java.base/java.util.stream.ForEachOps$ForEachOp$OfRef.evaluateSequential(ForEachOps.java:173)\n\tat java.base/java.util.stream.AbstractPipeline.evaluate(AbstractPipeline.java:234)\n\tat java.base/java.util.stream.ReferencePipeline.forEach(ReferencePipeline.java:497)\n\tat org.junit.jupiter.engine.descriptor.TestTemplateTestDescriptor.execute(TestTemplateTestDescriptor.java:107)\n\tat org.junit.jupiter.engine.descriptor.TestTemplateTestDescriptor.execute(TestTemplateTestDescriptor.java:42)\n\tat org.junit.platform.engine.support.hierarchical.NodeTestTask.lambda$executeRecursively$6(NodeTestTask.java:151)\n\tat org.junit.platform.engine.support.hierarchical.ThrowableCollector.execute(ThrowableCollector.java:73)\n\tat org.junit.platform.engine.support.hierarchical.NodeTestTask.lambda$executeRecursively$8(NodeTestTask.java:141)\n\tat org.junit.platform.engine.support.hierarchical.Node.around(Node.java:137)\n\tat org.junit.platform.engine.support.hierarchical.NodeTestTask.lambda$executeRecursively$9(NodeTestTask.java:139)\n\tat org.junit.platform.engine.support.hierarchical.ThrowableCollector.execute(ThrowableCollector.java:73)\n\tat org.junit.platform.engine.support.hierarchical.NodeTestTask.executeRecursively(NodeTestTask.java:138)\n\tat org.junit.platform.engine.support.hierarchical.NodeTestTask.execute(NodeTestTask.java:95)\n\tat java.base/java.util.ArrayList.forEach(ArrayList.java:1541)\n\tat org.junit.platform.engine.support.hierarchical.SameThreadHierarchicalTestExecutorService.invokeAll(SameThreadHierarchicalTestExecutorService.java:41)\n\tat org.junit.platform.engine.support.hierarchical.NodeTestTask.lambda$executeRecursively$6(NodeTestTask.java:155)\n\tat org.junit.platform.engine.support.hierarchical.ThrowableCollector.execute(ThrowableCollector.java:73)\n\tat org.junit.platform.engine.support.hierarchical.NodeTestTask.lambda$executeRecursively$8(NodeTestTask.java:141)\n\tat org.junit.platform.engine.support.hierarchical.Node.around(Node.java:137)\n\tat org.junit.platform.engine.support.hierarchical.NodeTestTask.lambda$executeRecursively$9(NodeTestTask.java:139)\n\tat org.junit.platform.engine.support.hierarchical.ThrowableCollector.execute(ThrowableCollector.java:73)\n\tat org.junit.platform.engine.support.hierarchical.NodeTestTask.executeRecursively(NodeTestTask.java:138)\n\tat org.junit.platform.engine.support.hierarchical.NodeTestTask.execute(NodeTestTask.java:95)\n\tat java.base/java.util.ArrayList.forEach(ArrayList.java:1541)\n\tat org.junit.platform.engine.support.hierarchical.SameThreadHierarchicalTestExecutorService.invokeAll(SameThreadHierarchicalTestExecutorService.java:41)\n\tat org.junit.platform.engine.support.hierarchical.NodeTestTask.lambda$executeRecursively$6(NodeTestTask.java:155)\n\tat org.junit.platform.engine.support.hierarchical.ThrowableCollector.execute(ThrowableCollector.java:73)\n\tat org.junit.platform.engine.support.hierarchical.NodeTestTask.lambda$executeRecursively$8(NodeTestTask.java:141)\n\tat org.junit.platform.engine.support.hierarchical.Node.around(Node.java:137)\n\tat org.junit.platform.engine.support.hierarchical.NodeTestTask.lambda$executeRecursively$9(NodeTestTask.java:139)\n\tat org.junit.platform.engine.support.hierarchical.ThrowableCollector.execute(ThrowableCollector.java:73)\n\tat org.junit.platform.engine.support.hierarchical.NodeTestTask.executeRecursively(NodeTestTask.java:138)\n\tat org.junit.platform.engine.support.hierarchical.NodeTestTask.execute(NodeTestTask.java:95)\n\tat org.junit.platform.engine.support.hierarchical.SameThreadHierarchicalTestExecutorService.submit(SameThreadHierarchicalTestExecutorService.java:35)\n\tat org.junit.platform.engine.support.hierarchical.HierarchicalTestExecutor.execute(HierarchicalTestExecutor.java:57)\n\tat org.junit.platform.engine.support.hierarchical.HierarchicalTestEngine.execute(HierarchicalTestEngine.java:54)\n\tat org.junit.platform.launcher.core.EngineExecutionOrchestrator.execute(EngineExecutionOrchestrator.java:147)\n\tat org.junit.platform.launcher.core.EngineExecutionOrchestrator.execute(EngineExecutionOrchestrator.java:127)\n\tat org.junit.platform.launcher.core.EngineExecutionOrchestrator.execute(EngineExecutionOrchestrator.java:90)\n\tat org.junit.platform.launcher.core.EngineExecutionOrchestrator.lambda$execute$0(EngineExecutionOrchestrator.java:55)\n\tat org.junit.platform.launcher.core.EngineExecutionOrchestrator.withInterceptedStreams(EngineExecutionOrchestrator.java:102)\n\tat org.junit.platform.launcher.core.EngineExecutionOrchestrator.execute(EngineExecutionOrchestrator.java:54)\n\tat org.junit.platform.launcher.core.DefaultLauncher.execute(DefaultLauncher.java:114)\n\tat org.junit.platform.launcher.core.DefaultLauncher.execute(DefaultLauncher.java:86)\n\tat org.junit.platform.launcher.core.DefaultLauncherSession$DelegatingLauncher.execute(DefaultLauncherSession.java:86)\n\tat org.apache.maven.surefire.junitplatform.LazyLauncher.execute(LazyLauncher.java:55)\n\tat org.apache.maven.surefire.junitplatform.JUnitPlatformProvider.execute(JUnitPlatformProvider.java:223)\n\tat org.apache.maven.surefire.junitplatform.JUnitPlatformProvider.invokeAllTests(JUnitPlatformProvider.java:175)\n\tat org.apache.maven.surefire.junitplatform.JUnitPlatformProvider.invoke(JUnitPlatformProvider.java:139)\n\tat org.apache.maven.surefire.booter.ForkedBooter.runSuitesInProcess(ForkedBooter.java:456)\n\tat org.apache.maven.surefire.booter.ForkedBooter.execute(ForkedBooter.java:169)\n\tat org.apache.maven.surefire.booter.ForkedBooter.run(ForkedBooter.java:595)\n\tat org.apache.maven.surefire.booter.ForkedBooter.main(ForkedBooter.java:581)\nCaused by: org.openqa.selenium.TimeoutException: Expected condition failed: waiting for visibility of Proxy element for: DefaultElementLocator 'By.cssSelector: p:nth-child(2)' (tried for 15 second(s) with 500 milliseconds interval)\n\tat org.openqa.selenium.support.ui.WebDriverWait.timeoutException(WebDriverWait.java:138)\n\tat org.openqa.selenium.support.ui.FluentWait.until(FluentWait.java:234)\n\tat pageObjects.WayAuthorization.waitSuccessLoginText(WayAuthorization.java:63)\n\tat tests.ui.DataProviderAuthTest.testLogin(DataProviderAuthTest.java:34)\n\tat java.base/jdk.internal.reflect.NativeMethodAccessorImpl.invoke0(Native Method)\n\tat java.base/jdk.internal.reflect.NativeMethodAccessorImpl.invoke(NativeMethodAccessorImpl.java:62)\n\tat java.base/jdk.internal.reflect.DelegatingMethodAccessorImpl.invoke(DelegatingMethodAccessorImpl.java:43)\n\tat java.base/java.lang.reflect.Method.invoke(Method.java:566)\n\tat org.junit.platform.commons.util.ReflectionUtils.invokeMethod(ReflectionUtils.java:728)\n\tat org.junit.jupiter.engine.execution.MethodInvocation.proceed(MethodInvocation.java:60)\n\tat org.junit.jupiter.engine.execution.InvocationInterceptorChain$ValidatingInvocation.proceed(InvocationInterceptorChain.java:131)\n\tat org.junit.jupiter.engine.extension.TimeoutExtension.intercept(TimeoutExtension.java:149)\n\tat org.junit.jupiter.engine.extension.TimeoutExtension.interceptTestableMethod(TimeoutExtension.java:140)\n\tat org.junit.jupiter.engine.extension.TimeoutExtension.interceptTestTemplateMethod(TimeoutExtension.java:92)\n\tat org.junit.jupiter.engine.execution.ExecutableInvoker$ReflectiveInterceptorCall.lambda$ofVoidMethod$0(ExecutableInvoker.java:115)\n\tat org.junit.jupiter.engine.execution.ExecutableInvoker.lambda$invoke$0(ExecutableInvoker.java:105)\n\tat org.junit.jupiter.engine.execution.InvocationInterceptorChain$InterceptedInvocation.proceed(InvocationInterceptorChain.java:106)\n\tat org.junit.jupiter.engine.execution.InvocationInterceptorChain.proceed(InvocationInterceptorChain.java:64)\n\tat org.junit.jupiter.engine.execution.InvocationInterceptorChain.chainAndInvoke(InvocationInterceptorChain.java:45)\n\tat org.junit.jupiter.engine.execution.InvocationInterceptorChain.invoke(InvocationInterceptorChain.java:37)\n\tat org.junit.jupiter.engine.execution.ExecutableInvoker.invoke(ExecutableInvoker.java:104)\n\tat org.junit.jupiter.engine.execution.ExecutableInvoker.invoke(ExecutableInvoker.java:98)\n\tat org.junit.jupiter.engine.descriptor.TestMethodTestDescriptor.lambda$invokeTestMethod$7(TestMethodTestDescriptor.java:214)\n\t... 82 more\nCaused by: org.openqa.selenium.NoSuchElementException: no such element: Unable to locate element: {\"method\":\"css selector\",\"selector\":\"p:nth-child(2)\"}\n  (Session info: chrome=119.0.6045.105)\nFor documentation on this error, please visit: https://www.seleniumhq.org/exceptions/no_such_element.html\nBuild info: version: '4.0.0-alpha-2', revision: 'f148142cf8', time: '2019-07-01T20:55:26'\nSystem info: host: '7716f29784ed', ip: '172.17.0.4', os.name: 'Linux', os.arch: 'amd64', os.version: '6.2.0-1019-azure', java.version: '11.0.10'\nDriver info: org.openqa.selenium.remote.RemoteWebDriver\nCapabilities {acceptInsecureCerts: false, browserName: chrome, browserVersion: 119.0.6045.105, chrome: {chromedriverVersion: 119.0.6045.105 (38c72552c5e..., userDataDir: /tmp/.org.chromium.Chromium...}, fedcm:accounts: true, goog:chromeOptions: {debuggerAddress: localhost:32911}, javascriptEnabled: true, networkConnectionEnabled: false, pageLoadStrategy: normal, platform: LINUX, platformName: LINUX, proxy: Proxy(), se:cdp: ws://selenoid:4444/devtools..., setWindowRect: true, strictFileInteractability: false, timeouts: {implicit: 0, pageLoad: 300000, script: 30000}, unhandledPromptBehavior: dismiss and notify, webauthn:extension:credBlob: true, webauthn:extension:largeBlob: true, webauthn:extension:minPinLength: true, webauthn:extension:prf: true, webauthn:virtualAuthenticators: true}\nSession ID: 82d259816a7a3411a29ad9a281a09c69\n*** Element info: {Using=css selector, value=p:nth-child(2)}\n\tat java.base/jdk.internal.reflect.NativeConstructorAccessorImpl.newInstance0(Native Method)\n\tat java.base/jdk.internal.reflect.NativeConstructorAccessorImpl.newInstance(NativeConstructorAccessorImpl.java:62)\n\tat java.base/jdk.internal.reflect.DelegatingConstructorAccessorImpl.newInstance(DelegatingConstructorAccessorImpl.java:45)\n\tat java.base/java.lang.reflect.Constructor.newInstance(Constructor.java:490)\n\tat org.openqa.selenium.remote.codec.w3c.W3CHttpResponseCodec.createException(W3CHttpResponseCodec.java:191)\n\tat org.openqa.selenium.remote.codec.w3c.W3CHttpResponseCodec.decode(W3CHttpResponseCodec.java:125)\n\tat org.openqa.selenium.remote.codec.w3c.W3CHttpResponseCodec.decode(W3CHttpResponseCodec.java:52)\n\tat org.openqa.selenium.remote.HttpCommandExecutor.execute(HttpCommandExecutor.java:161)\n\tat org.openqa.selenium.remote.RemoteWebDriver.execute(RemoteWebDriver.java:576)\n\tat org.openqa.selenium.remote.RemoteWebDriver.findElement(RemoteWebDriver.java:327)\n\tat org.openqa.selenium.remote.RemoteWebDriver.findElementByCssSelector(RemoteWebDriver.java:435)\n\tat org.openqa.selenium.By$ByCssSelector.findElement(By.java:431)\n\tat org.openqa.selenium.remote.RemoteWebDriver.findElement(RemoteWebDriver.java:319)\n\tat org.openqa.selenium.support.pagefactory.DefaultElementLocator.findElement(DefaultElementLocator.java:70)\n\tat org.openqa.selenium.support.pagefactory.internal.LocatingElementHandler.invoke(LocatingElementHandler.java:39)\n\tat com.sun.proxy.$Proxy27.isDisplayed(Unknown Source)\n\tat org.openqa.selenium.support.ui.ExpectedConditions.elementIfVisible(ExpectedConditions.java:314)\n\tat org.openqa.selenium.support.ui.ExpectedConditions.access$000(ExpectedConditions.java:43)\n\tat org.openqa.selenium.support.ui.ExpectedConditions$10.apply(ExpectedConditions.java:300)\n\tat org.openqa.selenium.support.ui.ExpectedConditions$10.apply(ExpectedConditions.java:297)\n\tat org.openqa.selenium.support.ui.FluentWait.until(FluentWait.java:211)\n\t... 103 more\n","flaky":false,"newFailed":false,"newBroken":false,"newPassed":false,"retriesCount":1,"retriesStatusChange":true,"beforeStages":[],"afterStages":[],"labels":[{"name":"junit.platform.uniqueid","value":"[engine:junit-jupiter]/[class:tests.ui.DataProviderAuthTest]/[test-template:testLogin(java.lang.String, java.lang.String)]/[test-template-invocation:#2]"},{"name":"epic","value":"Тесты Авторизации."},{"name":"feature","value":"Задание U3 тест авторизации с использованием DataProvider"},{"name":"host","value":"7716f29784ed"},{"name":"thread","value":"83@7716f29784ed.main(1)"},{"name":"framework","value":"junit-platform"},{"name":"language","value":"java"},{"name":"package","value":"tests.ui.DataProviderAuthTest"},{"name":"testClass","value":"tests.ui.DataProviderAuthTest"},{"name":"testMethod","value":"testLogin"},{"name":"suite","value":"tests.ui.DataProviderAuthTest"},{"name":"resultFormat","value":"allure2"}],"parameters":[],"links":[],"hidden":false,"retry":false,"extra":{"severity":"normal","retries":[{"uid":"913faf3d0f7d72ab","status":"broken","statusDetails":"create container: Error response from daemon: No such image: selenoid/vnc_chrome:119.0\nBuild info: version: '4.0.0-alpha-2', revision: 'f148142cf8', time: '2019-07-01T20:55:26'\nSystem info: host: '378757d36de8', ip: '172.17.0.4', os.name: 'Linux', os.arch: 'amd64', os.version: '6.2.0-1019-azure', java.version: '11.0.10'\nDriver info: driver.version: RemoteWebDriver\nremote stacktrace: ","time":{"start":1708682824254,"stop":1708682824286,"duration":32}}],"categories":[],"history":{"statistic":{"failed":0,"broken":11,"skipped":30,"passed":0,"unknown":0,"total":41},"items":[{"uid":"bdc92c5e39168cde","reportUrl":"https://zen2281488.github.io/YakSomeTests/166//#testresult/bdc92c5e39168cde","status":"skipped","statusDetails":"Do not fail completely, but repeat the test","time":{"start":1708682426860,"stop":1708682460093,"duration":33233}},{"uid":"f8aea337ba12a36a","reportUrl":"https://zen2281488.github.io/YakSomeTests/164//#testresult/f8aea337ba12a36a","status":"skipped","statusDetails":"Do not fail completely, but repeat the test","time":{"start":1708638509496,"stop":1708638542979,"duration":33483}},{"uid":"2fbd877c43eb5ecd","reportUrl":"https://zen2281488.github.io/YakSomeTests/160//#testresult/2fbd877c43eb5ecd","status":"skipped","statusDetails":"Do not fail completely, but repeat the test","time":{"start":1708638260554,"stop":1708638294065,"duration":33511}},{"uid":"b645af858dfae0be","reportUrl":"https://zen2281488.github.io/YakSomeTests/149//#testresult/b645af858dfae0be","status":"broken","statusDetails":"create container: Error response from daemon: No such image: selenoid/vnc_chrome:119.0\nBuild info: version: '4.0.0-alpha-2', revision: 'f148142cf8', time: '2019-07-01T20:55:26'\nSystem info: host: '0ecc3f3dc789', ip: '172.17.0.4', os.name: 'Linux', os.arch: 'amd64', os.version: '6.2.0-1019-azure', java.version: '11.0.10'\nDriver info: driver.version: RemoteWebDriver\nremote stacktrace: ","time":{"start":1708617231680,"stop":1708617231703,"duration":23}},{"uid":"cb714f105dfd6357","reportUrl":"https://zen2281488.github.io/YakSomeTests/148//#testresult/cb714f105dfd6357","status":"broken","statusDetails":"create container: Error response from daemon: No such image: selenoid/vnc_chrome:119.0\nBuild info: version: '4.0.0-alpha-2', revision: 'f148142cf8', time: '2019-07-01T20:55:26'\nSystem info: host: '0936d49bd6ac', ip: '172.17.0.4', os.name: 'Linux', os.arch: 'amd64', os.version: '6.2.0-1019-azure', java.version: '11.0.10'\nDriver info: driver.version: RemoteWebDriver\nremote stacktrace: ","time":{"start":1708617110231,"stop":1708617110248,"duration":17}},{"uid":"e5e24b304e2ebcc6","reportUrl":"https://zen2281488.github.io/YakSomeTests/146//#testresult/e5e24b304e2ebcc6","status":"broken","statusDetails":"create container: Error response from daemon: No such image: selenoid/vnc_chrome:119.0\nBuild info: version: '4.0.0-alpha-2', revision: 'f148142cf8', time: '2019-07-01T20:55:26'\nSystem info: host: 'cd2d993df32b', ip: '172.17.0.3', os.name: 'Linux', os.arch: 'amd64', os.version: '6.2.0-1019-azure', java.version: '11.0.10'\nDriver info: driver.version: RemoteWebDriver\nremote stacktrace: ","time":{"start":1708616940761,"stop":1708616940800,"duration":39}},{"uid":"f985b27d3b16426c","reportUrl":"https://zen2281488.github.io/YakSomeTests/145//#testresult/f985b27d3b16426c","status":"broken","statusDetails":"create container: Error response from daemon: No such image: selenoid/vnc_chrome:119.0\nBuild info: version: '4.0.0-alpha-2', revision: 'f148142cf8', time: '2019-07-01T20:55:26'\nSystem info: host: '6acb9a949fe9', ip: '172.17.0.4', os.name: 'Linux', os.arch: 'amd64', os.version: '6.2.0-1019-azure', java.version: '11.0.10'\nDriver info: driver.version: RemoteWebDriver\nremote stacktrace: ","time":{"start":1708616816620,"stop":1708616816647,"duration":27}},{"uid":"97e2aa0ab5e5b20","reportUrl":"https://zen2281488.github.io/YakSomeTests/144//#testresult/97e2aa0ab5e5b20","status":"broken","statusDetails":"create container: Error response from daemon: No such image: selenoid/vnc_chrome:119.0\nBuild info: version: '4.0.0-alpha-2', revision: 'f148142cf8', time: '2019-07-01T20:55:26'\nSystem info: host: '001572f1c432', ip: '172.17.0.4', os.name: 'Linux', os.arch: 'amd64', os.version: '6.2.0-1019-azure', java.version: '11.0.10'\nDriver info: driver.version: RemoteWebDriver\nremote stacktrace: ","time":{"start":1708616616557,"stop":1708616616571,"duration":14}},{"uid":"709dc3e4cee4757b","reportUrl":"https://zen2281488.github.io/YakSomeTests/143//#testresult/709dc3e4cee4757b","status":"broken","statusDetails":"create container: Error response from daemon: No such image: selenoid/vnc_chrome:119.0\nBuild info: version: '4.0.0-alpha-2', revision: 'f148142cf8', time: '2019-07-01T20:55:26'\nSystem info: host: 'e51594fcb416', ip: '172.17.0.4', os.name: 'Linux', os.arch: 'amd64', os.version: '6.2.0-1019-azure', java.version: '11.0.10'\nDriver info: driver.version: RemoteWebDriver\nremote stacktrace: ","time":{"start":1708616405864,"stop":1708616405872,"duration":8}},{"uid":"cbefed011e72a34c","reportUrl":"https://zen2281488.github.io/YakSomeTests/158//#testresult/cbefed011e72a34c","status":"skipped","statusDetails":"Do not fail completely, but repeat the test","time":{"start":1708634941621,"stop":1708634975060,"duration":33439}},{"uid":"c058c1ad1fd37805","reportUrl":"https://zen2281488.github.io/YakSomeTests/157//#testresult/c058c1ad1fd37805","status":"skipped","statusDetails":"Do not fail completely, but repeat the test","time":{"start":1708634761402,"stop":1708634794841,"duration":33439}},{"uid":"6f19ef1c02fbf45e","reportUrl":"https://zen2281488.github.io/YakSomeTests/156//#testresult/6f19ef1c02fbf45e","status":"skipped","statusDetails":"Do not fail completely, but repeat the test","time":{"start":1708633363462,"stop":1708633397145,"duration":33683}},{"uid":"ce2d854bcb599c01","reportUrl":"https://zen2281488.github.io/YakSomeTests/155//#testresult/ce2d854bcb599c01","status":"skipped","statusDetails":"Do not fail completely, but repeat the test","time":{"start":1708630647898,"stop":1708630681373,"duration":33475}},{"uid":"499ec8715711cb7b","reportUrl":"https://zen2281488.github.io/YakSomeTests/154//#testresult/499ec8715711cb7b","status":"skipped","statusDetails":"Do not fail completely, but repeat the test","time":{"start":1708630618000,"stop":1708630651244,"duration":33244}},{"uid":"78c2c86dd8dfcbf2","reportUrl":"https://zen2281488.github.io/YakSomeTests/153//#testresult/78c2c86dd8dfcbf2","status":"skipped","statusDetails":"Do not fail completely, but repeat the test","time":{"start":1708629183844,"stop":1708629217254,"duration":33410}},{"uid":"15712fd0efec08fe","reportUrl":"https://zen2281488.github.io/YakSomeTests/152//#testresult/15712fd0efec08fe","status":"skipped","statusDetails":"Do not fail completely, but repeat the test","time":{"start":1708627145022,"stop":1708627178792,"duration":33770}},{"uid":"e63b965f0cf865bf","reportUrl":"https://zen2281488.github.io/YakSomeTests/151//#testresult/e63b965f0cf865bf","status":"skipped","statusDetails":"Do not fail completely, but repeat the test","time":{"start":1708620398062,"stop":1708620431462,"duration":33400}},{"uid":"7d646333f89a1937","reportUrl":"https://zen2281488.github.io/YakSomeTests/150//#testresult/7d646333f89a1937","status":"broken","statusDetails":"create container: Error response from daemon: No such image: selenoid/vnc_chrome:119.0\nBuild info: version: '4.0.0-alpha-2', revision: 'f148142cf8', time: '2019-07-01T20:55:26'\nSystem info: host: '2766099642fc', ip: '172.17.0.5', os.name: 'Linux', os.arch: 'amd64', os.version: '6.2.0-1019-azure', java.version: '11.0.10'\nDriver info: driver.version: RemoteWebDriver\nremote stacktrace: ","time":{"start":1708618135552,"stop":1708618135560,"duration":8}},{"uid":"bea6b87a136be15d","reportUrl":"https://zen2281488.github.io/YakSomeTests/140//#testresult/bea6b87a136be15d","status":"broken","statusDetails":"create container: Error response from daemon: No such image: selenoid/vnc_chrome:119.0\nBuild info: version: '4.0.0-alpha-2', revision: 'f148142cf8', time: '2019-07-01T20:55:26'\nSystem info: host: 'fc0d75549c2f', ip: '172.17.0.5', os.name: 'Linux', os.arch: 'amd64', os.version: '6.2.0-1019-azure', java.version: '11.0.10'\nDriver info: driver.version: RemoteWebDriver\nremote stacktrace: ","time":{"start":1708615866243,"stop":1708615866275,"duration":32}},{"uid":"5659503d4354ad36","reportUrl":"https://zen2281488.github.io/YakSomeTests/136//#testresult/5659503d4354ad36","status":"broken","statusDetails":"create container: Error response from daemon: No such image: selenoid/vnc_chrome:119.0\nBuild info: version: '4.0.0-alpha-2', revision: 'f148142cf8', time: '2019-07-01T20:55:26'\nSystem info: host: 'cd3a0a4c4095', ip: '172.17.0.4', os.name: 'Linux', os.arch: 'amd64', os.version: '6.2.0-1019-azure', java.version: '11.0.10'\nDriver info: driver.version: RemoteWebDriver\nremote stacktrace: ","time":{"start":1708615384628,"stop":1708615384638,"duration":10}}]},"tags":[]},"source":"aaf4263742971e0f.json","parameterValues":[]}