{"uid":"329b8b8cdd9ef1ee","name":"Проверка авторизации на сайте Way2 Проверка авторизации на сайте Way2 (Repetition 1 of 3)","fullName":"tests.ui.AuthorizationTest.wayAuthorizationTest","historyId":"36ccdb5675c79b679e9e1656f2d1a9e9","time":{"start":1708629979513,"stop":1708630000750,"duration":21237},"description":"Тест проверяет успешно ли проходит авторизация на сайте Way2 при вводе учетных данных пользователя.","descriptionHtml":"<p>Тест проверяет успешно ли проходит авторизация на сайте Way2 при вводе учетных данных пользователя.</p>\n","status":"skipped","statusMessage":"Do not fail completely, but repeat the test","statusTrace":"org.opentest4j.TestAbortedException: Do not fail completely, but repeat the test\n\tat io.github.artsok.extension.RepeatIfExceptionsExtension.handleTestExecutionException(RepeatIfExceptionsExtension.java:161)\n\tat org.junit.jupiter.engine.descriptor.TestMethodTestDescriptor.lambda$invokeTestExecutionExceptionHandlers$8(TestMethodTestDescriptor.java:228)\n\tat org.junit.jupiter.engine.descriptor.JupiterTestDescriptor.invokeExecutionExceptionHandlers(JupiterTestDescriptor.java:123)\n\tat org.junit.jupiter.engine.descriptor.JupiterTestDescriptor.invokeExecutionExceptionHandlers(JupiterTestDescriptor.java:110)\n\tat org.junit.jupiter.engine.descriptor.TestMethodTestDescriptor.invokeTestExecutionExceptionHandlers(TestMethodTestDescriptor.java:227)\n\tat org.junit.jupiter.engine.descriptor.TestMethodTestDescriptor.lambda$invokeTestMethod$7(TestMethodTestDescriptor.java:219)\n\tat org.junit.platform.engine.support.hierarchical.ThrowableCollector.execute(ThrowableCollector.java:73)\n\tat org.junit.jupiter.engine.descriptor.TestMethodTestDescriptor.invokeTestMethod(TestMethodTestDescriptor.java:210)\n\tat org.junit.jupiter.engine.descriptor.TestMethodTestDescriptor.execute(TestMethodTestDescriptor.java:135)\n\tat org.junit.jupiter.engine.descriptor.TestMethodTestDescriptor.execute(TestMethodTestDescriptor.java:66)\n\tat org.junit.platform.engine.support.hierarchical.NodeTestTask.lambda$executeRecursively$6(NodeTestTask.java:151)\n\tat org.junit.platform.engine.support.hierarchical.ThrowableCollector.execute(ThrowableCollector.java:73)\n\tat org.junit.platform.engine.support.hierarchical.NodeTestTask.lambda$executeRecursively$8(NodeTestTask.java:141)\n\tat org.junit.platform.engine.support.hierarchical.Node.around(Node.java:137)\n\tat org.junit.platform.engine.support.hierarchical.NodeTestTask.lambda$executeRecursively$9(NodeTestTask.java:139)\n\tat org.junit.platform.engine.support.hierarchical.ThrowableCollector.execute(ThrowableCollector.java:73)\n\tat org.junit.platform.engine.support.hierarchical.NodeTestTask.executeRecursively(NodeTestTask.java:138)\n\tat org.junit.platform.engine.support.hierarchical.NodeTestTask.execute(NodeTestTask.java:95)\n\tat org.junit.platform.engine.support.hierarchical.SameThreadHierarchicalTestExecutorService.submit(SameThreadHierarchicalTestExecutorService.java:35)\n\tat org.junit.platform.engine.support.hierarchical.NodeTestTask$DefaultDynamicTestExecutor.execute(NodeTestTask.java:226)\n\tat org.junit.platform.engine.support.hierarchical.NodeTestTask$DefaultDynamicTestExecutor.execute(NodeTestTask.java:204)\n\tat org.junit.jupiter.engine.descriptor.TestTemplateTestDescriptor.execute(TestTemplateTestDescriptor.java:139)\n\tat org.junit.jupiter.engine.descriptor.TestTemplateTestDescriptor.lambda$execute$2(TestTemplateTestDescriptor.java:107)\n\tat java.base/java.util.stream.ForEachOps$ForEachOp$OfRef.accept(ForEachOps.java:183)\n\tat java.base/java.util.stream.ReferencePipeline$3$1.accept(ReferencePipeline.java:195)\n\tat java.base/java.util.stream.ReferencePipeline$2$1.accept(ReferencePipeline.java:177)\n\tat java.base/java.util.stream.ReferencePipeline$3$1.accept(ReferencePipeline.java:195)\n\tat java.base/java.util.Iterator.forEachRemaining(Iterator.java:133)\n\tat java.base/java.util.Spliterators$IteratorSpliterator.forEachRemaining(Spliterators.java:1801)\n\tat java.base/java.util.stream.ReferencePipeline$Head.forEach(ReferencePipeline.java:658)\n\tat java.base/java.util.stream.ReferencePipeline$7$1.accept(ReferencePipeline.java:274)\n\tat java.base/java.util.ArrayList$ArrayListSpliterator.forEachRemaining(ArrayList.java:1655)\n\tat java.base/java.util.stream.AbstractPipeline.copyInto(AbstractPipeline.java:484)\n\tat java.base/java.util.stream.AbstractPipeline.wrapAndCopyInto(AbstractPipeline.java:474)\n\tat java.base/java.util.stream.ForEachOps$ForEachOp.evaluateSequential(ForEachOps.java:150)\n\tat java.base/java.util.stream.ForEachOps$ForEachOp$OfRef.evaluateSequential(ForEachOps.java:173)\n\tat java.base/java.util.stream.AbstractPipeline.evaluate(AbstractPipeline.java:234)\n\tat java.base/java.util.stream.ReferencePipeline.forEach(ReferencePipeline.java:497)\n\tat org.junit.jupiter.engine.descriptor.TestTemplateTestDescriptor.execute(TestTemplateTestDescriptor.java:107)\n\tat org.junit.jupiter.engine.descriptor.TestTemplateTestDescriptor.execute(TestTemplateTestDescriptor.java:42)\n\tat org.junit.platform.engine.support.hierarchical.NodeTestTask.lambda$executeRecursively$6(NodeTestTask.java:151)\n\tat org.junit.platform.engine.support.hierarchical.ThrowableCollector.execute(ThrowableCollector.java:73)\n\tat org.junit.platform.engine.support.hierarchical.NodeTestTask.lambda$executeRecursively$8(NodeTestTask.java:141)\n\tat org.junit.platform.engine.support.hierarchical.Node.around(Node.java:137)\n\tat org.junit.platform.engine.support.hierarchical.NodeTestTask.lambda$executeRecursively$9(NodeTestTask.java:139)\n\tat org.junit.platform.engine.support.hierarchical.ThrowableCollector.execute(ThrowableCollector.java:73)\n\tat org.junit.platform.engine.support.hierarchical.NodeTestTask.executeRecursively(NodeTestTask.java:138)\n\tat org.junit.platform.engine.support.hierarchical.NodeTestTask.execute(NodeTestTask.java:95)\n\tat java.base/java.util.ArrayList.forEach(ArrayList.java:1541)\n\tat org.junit.platform.engine.support.hierarchical.SameThreadHierarchicalTestExecutorService.invokeAll(SameThreadHierarchicalTestExecutorService.java:41)\n\tat org.junit.platform.engine.support.hierarchical.NodeTestTask.lambda$executeRecursively$6(NodeTestTask.java:155)\n\tat org.junit.platform.engine.support.hierarchical.ThrowableCollector.execute(ThrowableCollector.java:73)\n\tat org.junit.platform.engine.support.hierarchical.NodeTestTask.lambda$executeRecursively$8(NodeTestTask.java:141)\n\tat org.junit.platform.engine.support.hierarchical.Node.around(Node.java:137)\n\tat org.junit.platform.engine.support.hierarchical.NodeTestTask.lambda$executeRecursively$9(NodeTestTask.java:139)\n\tat org.junit.platform.engine.support.hierarchical.ThrowableCollector.execute(ThrowableCollector.java:73)\n\tat org.junit.platform.engine.support.hierarchical.NodeTestTask.executeRecursively(NodeTestTask.java:138)\n\tat org.junit.platform.engine.support.hierarchical.NodeTestTask.execute(NodeTestTask.java:95)\n\tat java.base/java.util.ArrayList.forEach(ArrayList.java:1541)\n\tat org.junit.platform.engine.support.hierarchical.SameThreadHierarchicalTestExecutorService.invokeAll(SameThreadHierarchicalTestExecutorService.java:41)\n\tat org.junit.platform.engine.support.hierarchical.NodeTestTask.lambda$executeRecursively$6(NodeTestTask.java:155)\n\tat org.junit.platform.engine.support.hierarchical.ThrowableCollector.execute(ThrowableCollector.java:73)\n\tat org.junit.platform.engine.support.hierarchical.NodeTestTask.lambda$executeRecursively$8(NodeTestTask.java:141)\n\tat org.junit.platform.engine.support.hierarchical.Node.around(Node.java:137)\n\tat org.junit.platform.engine.support.hierarchical.NodeTestTask.lambda$executeRecursively$9(NodeTestTask.java:139)\n\tat org.junit.platform.engine.support.hierarchical.ThrowableCollector.execute(ThrowableCollector.java:73)\n\tat org.junit.platform.engine.support.hierarchical.NodeTestTask.executeRecursively(NodeTestTask.java:138)\n\tat org.junit.platform.engine.support.hierarchical.NodeTestTask.execute(NodeTestTask.java:95)\n\tat org.junit.platform.engine.support.hierarchical.SameThreadHierarchicalTestExecutorService.submit(SameThreadHierarchicalTestExecutorService.java:35)\n\tat org.junit.platform.engine.support.hierarchical.HierarchicalTestExecutor.execute(HierarchicalTestExecutor.java:57)\n\tat org.junit.platform.engine.support.hierarchical.HierarchicalTestEngine.execute(HierarchicalTestEngine.java:54)\n\tat org.junit.platform.launcher.core.EngineExecutionOrchestrator.execute(EngineExecutionOrchestrator.java:147)\n\tat org.junit.platform.launcher.core.EngineExecutionOrchestrator.execute(EngineExecutionOrchestrator.java:127)\n\tat org.junit.platform.launcher.core.EngineExecutionOrchestrator.execute(EngineExecutionOrchestrator.java:90)\n\tat org.junit.platform.launcher.core.EngineExecutionOrchestrator.lambda$execute$0(EngineExecutionOrchestrator.java:55)\n\tat org.junit.platform.launcher.core.EngineExecutionOrchestrator.withInterceptedStreams(EngineExecutionOrchestrator.java:102)\n\tat org.junit.platform.launcher.core.EngineExecutionOrchestrator.execute(EngineExecutionOrchestrator.java:54)\n\tat org.junit.platform.launcher.core.DefaultLauncher.execute(DefaultLauncher.java:114)\n\tat org.junit.platform.launcher.core.DefaultLauncher.execute(DefaultLauncher.java:86)\n\tat org.junit.platform.launcher.core.DefaultLauncherSession$DelegatingLauncher.execute(DefaultLauncherSession.java:86)\n\tat org.apache.maven.surefire.junitplatform.LazyLauncher.execute(LazyLauncher.java:55)\n\tat org.apache.maven.surefire.junitplatform.JUnitPlatformProvider.execute(JUnitPlatformProvider.java:223)\n\tat org.apache.maven.surefire.junitplatform.JUnitPlatformProvider.invokeAllTests(JUnitPlatformProvider.java:175)\n\tat org.apache.maven.surefire.junitplatform.JUnitPlatformProvider.invoke(JUnitPlatformProvider.java:139)\n\tat org.apache.maven.surefire.booter.ForkedBooter.runSuitesInProcess(ForkedBooter.java:456)\n\tat org.apache.maven.surefire.booter.ForkedBooter.execute(ForkedBooter.java:169)\n\tat org.apache.maven.surefire.booter.ForkedBooter.run(ForkedBooter.java:595)\n\tat org.apache.maven.surefire.booter.ForkedBooter.main(ForkedBooter.java:581)\nCaused by: org.openqa.selenium.NoSuchElementException: no such element: Unable to locate element: {\"method\":\"css selector\",\"selector\":\"#email\"}\n  (Session info: chrome=119.0.6045.105)\nFor documentation on this error, please visit: https://www.seleniumhq.org/exceptions/no_such_element.html\nBuild info: version: '4.0.0-alpha-2', revision: 'f148142cf8', time: '2019-07-01T20:55:26'\nSystem info: host: '3ad3ca5f9f7f', ip: '172.17.0.4', os.name: 'Linux', os.arch: 'amd64', os.version: '6.2.0-1019-azure', java.version: '11.0.10'\nDriver info: org.openqa.selenium.remote.RemoteWebDriver\nCapabilities {acceptInsecureCerts: false, browserName: chrome, browserVersion: 119.0.6045.105, chrome: {chromedriverVersion: 119.0.6045.105 (38c72552c5e..., userDataDir: /tmp/.org.chromium.Chromium...}, fedcm:accounts: true, goog:chromeOptions: {debuggerAddress: localhost:41981}, javascriptEnabled: true, networkConnectionEnabled: false, pageLoadStrategy: normal, platform: LINUX, platformName: LINUX, proxy: Proxy(), se:cdp: ws://selenoid:4444/devtools..., setWindowRect: true, strictFileInteractability: false, timeouts: {implicit: 0, pageLoad: 300000, script: 30000}, unhandledPromptBehavior: dismiss and notify, webauthn:extension:credBlob: true, webauthn:extension:largeBlob: true, webauthn:extension:minPinLength: true, webauthn:extension:prf: true, webauthn:virtualAuthenticators: true}\nSession ID: 536a34c452da9ea37764c34fe42376bc\n*** Element info: {Using=css selector, value=#email}\n\tat jdk.internal.reflect.GeneratedConstructorAccessor20.newInstance(Unknown Source)\n\tat java.base/jdk.internal.reflect.DelegatingConstructorAccessorImpl.newInstance(DelegatingConstructorAccessorImpl.java:45)\n\tat java.base/java.lang.reflect.Constructor.newInstance(Constructor.java:490)\n\tat org.openqa.selenium.remote.codec.w3c.W3CHttpResponseCodec.createException(W3CHttpResponseCodec.java:191)\n\tat org.openqa.selenium.remote.codec.w3c.W3CHttpResponseCodec.decode(W3CHttpResponseCodec.java:125)\n\tat org.openqa.selenium.remote.codec.w3c.W3CHttpResponseCodec.decode(W3CHttpResponseCodec.java:52)\n\tat org.openqa.selenium.remote.HttpCommandExecutor.execute(HttpCommandExecutor.java:161)\n\tat org.openqa.selenium.remote.RemoteWebDriver.execute(RemoteWebDriver.java:576)\n\tat org.openqa.selenium.remote.RemoteWebDriver.findElement(RemoteWebDriver.java:327)\n\tat org.openqa.selenium.remote.RemoteWebDriver.findElementByCssSelector(RemoteWebDriver.java:435)\n\tat org.openqa.selenium.By$ByCssSelector.findElement(By.java:431)\n\tat org.openqa.selenium.remote.RemoteWebDriver.findElement(RemoteWebDriver.java:319)\n\tat org.openqa.selenium.support.pagefactory.DefaultElementLocator.findElement(DefaultElementLocator.java:70)\n\tat org.openqa.selenium.support.pagefactory.internal.LocatingElementHandler.invoke(LocatingElementHandler.java:39)\n\tat com.sun.proxy.$Proxy27.sendKeys(Unknown Source)\n\tat pageObjects.WayLogin.loginSendEmail(WayLogin.java:33)\n\tat tests.ui.AuthorizationTest.wayAuthorizationTest(AuthorizationTest.java:54)\n\tat java.base/jdk.internal.reflect.NativeMethodAccessorImpl.invoke0(Native Method)\n\tat java.base/jdk.internal.reflect.NativeMethodAccessorImpl.invoke(NativeMethodAccessorImpl.java:62)\n\tat java.base/jdk.internal.reflect.DelegatingMethodAccessorImpl.invoke(DelegatingMethodAccessorImpl.java:43)\n\tat java.base/java.lang.reflect.Method.invoke(Method.java:566)\n\tat org.junit.platform.commons.util.ReflectionUtils.invokeMethod(ReflectionUtils.java:728)\n\tat org.junit.jupiter.engine.execution.MethodInvocation.proceed(MethodInvocation.java:60)\n\tat org.junit.jupiter.engine.execution.InvocationInterceptorChain$ValidatingInvocation.proceed(InvocationInterceptorChain.java:131)\n\tat org.junit.jupiter.engine.extension.TimeoutExtension.intercept(TimeoutExtension.java:149)\n\tat org.junit.jupiter.engine.extension.TimeoutExtension.interceptTestableMethod(TimeoutExtension.java:140)\n\tat org.junit.jupiter.engine.extension.TimeoutExtension.interceptTestTemplateMethod(TimeoutExtension.java:92)\n\tat org.junit.jupiter.engine.execution.ExecutableInvoker$ReflectiveInterceptorCall.lambda$ofVoidMethod$0(ExecutableInvoker.java:115)\n\tat org.junit.jupiter.engine.execution.ExecutableInvoker.lambda$invoke$0(ExecutableInvoker.java:105)\n\tat org.junit.jupiter.engine.execution.InvocationInterceptorChain$InterceptedInvocation.proceed(InvocationInterceptorChain.java:106)\n\tat org.junit.jupiter.engine.execution.InvocationInterceptorChain.proceed(InvocationInterceptorChain.java:64)\n\tat org.junit.jupiter.engine.execution.InvocationInterceptorChain.chainAndInvoke(InvocationInterceptorChain.java:45)\n\tat org.junit.jupiter.engine.execution.InvocationInterceptorChain.invoke(InvocationInterceptorChain.java:37)\n\tat org.junit.jupiter.engine.execution.ExecutableInvoker.invoke(ExecutableInvoker.java:104)\n\tat org.junit.jupiter.engine.execution.ExecutableInvoker.invoke(ExecutableInvoker.java:98)\n\tat org.junit.jupiter.engine.descriptor.TestMethodTestDescriptor.lambda$invokeTestMethod$7(TestMethodTestDescriptor.java:214)\n\t... 82 more\n","flaky":false,"newFailed":false,"newBroken":false,"newPassed":false,"retriesCount":0,"retriesStatusChange":false,"beforeStages":[],"afterStages":[],"labels":[{"name":"junit.platform.uniqueid","value":"[engine:junit-jupiter]/[class:tests.ui.AuthorizationTest]/[test-template:wayAuthorizationTest()]/[test-template-invocation:#2]"},{"name":"epic","value":"Тесты Авторизации."},{"name":"feature","value":"Тест авторизации."},{"name":"host","value":"3ad3ca5f9f7f"},{"name":"thread","value":"85@3ad3ca5f9f7f.main(1)"},{"name":"framework","value":"junit-platform"},{"name":"language","value":"java"},{"name":"package","value":"tests.ui.AuthorizationTest"},{"name":"testClass","value":"tests.ui.AuthorizationTest"},{"name":"testMethod","value":"wayAuthorizationTest"},{"name":"suite","value":"tests.ui.AuthorizationTest"},{"name":"severity","value":"critical"},{"name":"resultFormat","value":"allure2"}],"parameters":[],"links":[{"name":"UI-WAY2 №10","type":"issue"}],"hidden":false,"retry":false,"extra":{"severity":"critical","retries":[],"categories":[],"history":{"statistic":{"failed":0,"broken":0,"skipped":21,"passed":0,"unknown":0,"total":21},"items":[{"uid":"4a3cec1a9edb922f","reportUrl":"https://zen2281488.github.io/YakSomeTests/152//#testresult/4a3cec1a9edb922f","status":"skipped","statusDetails":"Do not fail completely, but repeat the test","time":{"start":1708627938678,"stop":1708627971401,"duration":32723}},{"uid":"43ed22ab125c2609","reportUrl":"https://zen2281488.github.io/YakSomeTests/151//#testresult/43ed22ab125c2609","status":"skipped","statusDetails":"Do not fail completely, but repeat the test","time":{"start":1708621184164,"stop":1708621216817,"duration":32653}},{"uid":"9cded725ad8aa67a","reportUrl":"https://zen2281488.github.io/YakSomeTests/125//#testresult/9cded725ad8aa67a","status":"skipped","statusDetails":"Do not fail completely, but repeat the test","time":{"start":1708391671948,"stop":1708391704764,"duration":32816}},{"uid":"4bdd36e5506c69a1","reportUrl":"https://zen2281488.github.io/YakSomeTests/124//#testresult/4bdd36e5506c69a1","status":"skipped","statusDetails":"Do not fail completely, but repeat the test","time":{"start":1708305405070,"stop":1708305437332,"duration":32262}},{"uid":"55aa0c7d96911ad","reportUrl":"https://zen2281488.github.io/YakSomeTests/123//#testresult/55aa0c7d96911ad","status":"skipped","statusDetails":"Do not fail completely, but repeat the test","time":{"start":1708219169340,"stop":1708219201526,"duration":32186}},{"uid":"397207ae4138faa7","reportUrl":"https://zen2281488.github.io/YakSomeTests/122//#testresult/397207ae4138faa7","status":"skipped","statusDetails":"Do not fail completely, but repeat the test","time":{"start":1708132464711,"stop":1708132496464,"duration":31753}},{"uid":"b61c764d0f1ecd46","reportUrl":"https://zen2281488.github.io/YakSomeTests/121//#testresult/b61c764d0f1ecd46","status":"skipped","statusDetails":"Do not fail completely, but repeat the test","time":{"start":1708046203845,"stop":1708046236567,"duration":32722}},{"uid":"c443bb435f0f02d2","reportUrl":"https://zen2281488.github.io/YakSomeTests/120//#testresult/c443bb435f0f02d2","status":"skipped","statusDetails":"Do not fail completely, but repeat the test","time":{"start":1707977758304,"stop":1707977790628,"duration":32324}},{"uid":"989dc55bd52240ef","reportUrl":"https://zen2281488.github.io/YakSomeTests/119//#testresult/989dc55bd52240ef","status":"skipped","statusDetails":"Do not fail completely, but repeat the test","time":{"start":1707959753170,"stop":1707959785901,"duration":32731}},{"uid":"bf9c7ecdd89ea5f5","reportUrl":"https://zen2281488.github.io/YakSomeTests/118//#testresult/bf9c7ecdd89ea5f5","status":"skipped","statusDetails":"Do not fail completely, but repeat the test","time":{"start":1707950339102,"stop":1707950371445,"duration":32343}},{"uid":"2e7b85faa84ff836","reportUrl":"https://zen2281488.github.io/YakSomeTests/117//#testresult/2e7b85faa84ff836","status":"skipped","statusDetails":"Do not fail completely, but repeat the test","time":{"start":1707950011421,"stop":1707950043637,"duration":32216}},{"uid":"271a9c0e264e50b9","reportUrl":"https://zen2281488.github.io/YakSomeTests/98//#testresult/271a9c0e264e50b9","status":"skipped","statusDetails":"Do not fail completely, but repeat the test","time":{"start":1707945675546,"stop":1707945707854,"duration":32308}},{"uid":"aa33d755ccb117b3","reportUrl":"https://zen2281488.github.io/YakSomeTests/97//#testresult/aa33d755ccb117b3","status":"skipped","statusDetails":"Do not fail completely, but repeat the test","time":{"start":1707945648981,"stop":1707945681202,"duration":32221}},{"uid":"13c2dcba24574bd7","reportUrl":"https://zen2281488.github.io/YakSomeTests/96//#testresult/13c2dcba24574bd7","status":"skipped","statusDetails":"Do not fail completely, but repeat the test","time":{"start":1707944608598,"stop":1707944640872,"duration":32274}},{"uid":"eb687f9cbba39a4a","reportUrl":"https://zen2281488.github.io/YakSomeTests/95//#testresult/eb687f9cbba39a4a","status":"skipped","statusDetails":"Do not fail completely, but repeat the test","time":{"start":1707940985232,"stop":1707941017168,"duration":31936}},{"uid":"70d89f189fa17afd","reportUrl":"https://zen2281488.github.io/YakSomeTests/94//#testresult/70d89f189fa17afd","status":"skipped","statusDetails":"Do not fail completely, but repeat the test","time":{"start":1707939677235,"stop":1707939709676,"duration":32441}},{"uid":"12ad8d7378a127f1","reportUrl":"https://zen2281488.github.io/YakSomeTests/93//#testresult/12ad8d7378a127f1","status":"skipped","statusDetails":"Do not fail completely, but repeat the test","time":{"start":1707939541010,"stop":1707939573960,"duration":32950}},{"uid":"370bc582c3038fa9","reportUrl":"https://zen2281488.github.io/YakSomeTests/87//#testresult/370bc582c3038fa9","status":"skipped","statusDetails":"Do not fail completely, but repeat the test","time":{"start":1707938254540,"stop":1707938286852,"duration":32312}},{"uid":"89a99062af41f07a","reportUrl":"https://zen2281488.github.io/YakSomeTests/86//#testresult/89a99062af41f07a","status":"skipped","statusDetails":"Do not fail completely, but repeat the test","time":{"start":1707936914071,"stop":1707936946271,"duration":32200}},{"uid":"41a991d7e9889d4","reportUrl":"https://zen2281488.github.io/YakSomeTests/85//#testresult/41a991d7e9889d4","status":"skipped","statusDetails":"Do not fail completely, but repeat the test","time":{"start":1707900666918,"stop":1707900699143,"duration":32225}}]},"tags":[]},"source":"329b8b8cdd9ef1ee.json","parameterValues":[]}