{"uid":"7de79595a6ac293c","name":"testLogin(String, String) Login: angular , password: 123 (Repeat 1 of 10)","fullName":"tests.ui.DataProviderAuthTest.testLogin","historyId":"9be46aca9c97147f9eac8faab0dfdd0","time":{"start":1708629217261,"stop":1708629250694,"duration":33433},"description":"","status":"skipped","statusMessage":"Do not fail completely, but repeat the test","statusTrace":"org.opentest4j.TestAbortedException: Do not fail completely, but repeat the test\n\tat io.github.artsok.extension.ParameterizedRepeatedExtension.handleTestExecutionException(ParameterizedRepeatedExtension.java:140)\n\tat org.junit.jupiter.engine.descriptor.TestMethodTestDescriptor.lambda$invokeTestExecutionExceptionHandlers$8(TestMethodTestDescriptor.java:228)\n\tat org.junit.jupiter.engine.descriptor.JupiterTestDescriptor.invokeExecutionExceptionHandlers(JupiterTestDescriptor.java:123)\n\tat org.junit.jupiter.engine.descriptor.JupiterTestDescriptor.invokeExecutionExceptionHandlers(JupiterTestDescriptor.java:110)\n\tat org.junit.jupiter.engine.descriptor.TestMethodTestDescriptor.invokeTestExecutionExceptionHandlers(TestMethodTestDescriptor.java:227)\n\tat org.junit.jupiter.engine.descriptor.TestMethodTestDescriptor.lambda$invokeTestMethod$7(TestMethodTestDescriptor.java:219)\n\tat org.junit.platform.engine.support.hierarchical.ThrowableCollector.execute(ThrowableCollector.java:73)\n\tat org.junit.jupiter.engine.descriptor.TestMethodTestDescriptor.invokeTestMethod(TestMethodTestDescriptor.java:210)\n\tat org.junit.jupiter.engine.descriptor.TestMethodTestDescriptor.execute(TestMethodTestDescriptor.java:135)\n\tat org.junit.jupiter.engine.descriptor.TestMethodTestDescriptor.execute(TestMethodTestDescriptor.java:66)\n\tat org.junit.platform.engine.support.hierarchical.NodeTestTask.lambda$executeRecursively$6(NodeTestTask.java:151)\n\tat org.junit.platform.engine.support.hierarchical.ThrowableCollector.execute(ThrowableCollector.java:73)\n\tat org.junit.platform.engine.support.hierarchical.NodeTestTask.lambda$executeRecursively$8(NodeTestTask.java:141)\n\tat org.junit.platform.engine.support.hierarchical.Node.around(Node.java:137)\n\tat org.junit.platform.engine.support.hierarchical.NodeTestTask.lambda$executeRecursively$9(NodeTestTask.java:139)\n\tat org.junit.platform.engine.support.hierarchical.ThrowableCollector.execute(ThrowableCollector.java:73)\n\tat org.junit.platform.engine.support.hierarchical.NodeTestTask.executeRecursively(NodeTestTask.java:138)\n\tat org.junit.platform.engine.support.hierarchical.NodeTestTask.execute(NodeTestTask.java:95)\n\tat org.junit.platform.engine.support.hierarchical.SameThreadHierarchicalTestExecutorService.submit(SameThreadHierarchicalTestExecutorService.java:35)\n\tat org.junit.platform.engine.support.hierarchical.NodeTestTask$DefaultDynamicTestExecutor.execute(NodeTestTask.java:226)\n\tat org.junit.platform.engine.support.hierarchical.NodeTestTask$DefaultDynamicTestExecutor.execute(NodeTestTask.java:204)\n\tat org.junit.jupiter.engine.descriptor.TestTemplateTestDescriptor.execute(TestTemplateTestDescriptor.java:139)\n\tat org.junit.jupiter.engine.descriptor.TestTemplateTestDescriptor.lambda$execute$2(TestTemplateTestDescriptor.java:107)\n\tat java.base/java.util.stream.ForEachOps$ForEachOp$OfRef.accept(ForEachOps.java:183)\n\tat java.base/java.util.stream.ReferencePipeline$3$1.accept(ReferencePipeline.java:195)\n\tat java.base/java.util.stream.ReferencePipeline$2$1.accept(ReferencePipeline.java:177)\n\tat java.base/java.util.stream.ReferencePipeline$3$1.accept(ReferencePipeline.java:195)\n\tat java.base/java.util.Iterator.forEachRemaining(Iterator.java:133)\n\tat java.base/java.util.Spliterators$IteratorSpliterator.forEachRemaining(Spliterators.java:1801)\n\tat java.base/java.util.stream.ReferencePipeline$Head.forEach(ReferencePipeline.java:658)\n\tat java.base/java.util.stream.ReferencePipeline$7$1.accept(ReferencePipeline.java:274)\n\tat java.base/java.util.ArrayList$ArrayListSpliterator.forEachRemaining(ArrayList.java:1655)\n\tat java.base/java.util.stream.AbstractPipeline.copyInto(AbstractPipeline.java:484)\n\tat java.base/java.util.stream.AbstractPipeline.wrapAndCopyInto(AbstractPipeline.java:474)\n\tat java.base/java.util.stream.ForEachOps$ForEachOp.evaluateSequential(ForEachOps.java:150)\n\tat java.base/java.util.stream.ForEachOps$ForEachOp$OfRef.evaluateSequential(ForEachOps.java:173)\n\tat java.base/java.util.stream.AbstractPipeline.evaluate(AbstractPipeline.java:234)\n\tat java.base/java.util.stream.ReferencePipeline.forEach(ReferencePipeline.java:497)\n\tat org.junit.jupiter.engine.descriptor.TestTemplateTestDescriptor.execute(TestTemplateTestDescriptor.java:107)\n\tat org.junit.jupiter.engine.descriptor.TestTemplateTestDescriptor.execute(TestTemplateTestDescriptor.java:42)\n\tat org.junit.platform.engine.support.hierarchical.NodeTestTask.lambda$executeRecursively$6(NodeTestTask.java:151)\n\tat org.junit.platform.engine.support.hierarchical.ThrowableCollector.execute(ThrowableCollector.java:73)\n\tat org.junit.platform.engine.support.hierarchical.NodeTestTask.lambda$executeRecursively$8(NodeTestTask.java:141)\n\tat org.junit.platform.engine.support.hierarchical.Node.around(Node.java:137)\n\tat org.junit.platform.engine.support.hierarchical.NodeTestTask.lambda$executeRecursively$9(NodeTestTask.java:139)\n\tat org.junit.platform.engine.support.hierarchical.ThrowableCollector.execute(ThrowableCollector.java:73)\n\tat org.junit.platform.engine.support.hierarchical.NodeTestTask.executeRecursively(NodeTestTask.java:138)\n\tat org.junit.platform.engine.support.hierarchical.NodeTestTask.execute(NodeTestTask.java:95)\n\tat java.base/java.util.ArrayList.forEach(ArrayList.java:1541)\n\tat org.junit.platform.engine.support.hierarchical.SameThreadHierarchicalTestExecutorService.invokeAll(SameThreadHierarchicalTestExecutorService.java:41)\n\tat org.junit.platform.engine.support.hierarchical.NodeTestTask.lambda$executeRecursively$6(NodeTestTask.java:155)\n\tat org.junit.platform.engine.support.hierarchical.ThrowableCollector.execute(ThrowableCollector.java:73)\n\tat org.junit.platform.engine.support.hierarchical.NodeTestTask.lambda$executeRecursively$8(NodeTestTask.java:141)\n\tat org.junit.platform.engine.support.hierarchical.Node.around(Node.java:137)\n\tat org.junit.platform.engine.support.hierarchical.NodeTestTask.lambda$executeRecursively$9(NodeTestTask.java:139)\n\tat org.junit.platform.engine.support.hierarchical.ThrowableCollector.execute(ThrowableCollector.java:73)\n\tat org.junit.platform.engine.support.hierarchical.NodeTestTask.executeRecursively(NodeTestTask.java:138)\n\tat org.junit.platform.engine.support.hierarchical.NodeTestTask.execute(NodeTestTask.java:95)\n\tat java.base/java.util.ArrayList.forEach(ArrayList.java:1541)\n\tat org.junit.platform.engine.support.hierarchical.SameThreadHierarchicalTestExecutorService.invokeAll(SameThreadHierarchicalTestExecutorService.java:41)\n\tat org.junit.platform.engine.support.hierarchical.NodeTestTask.lambda$executeRecursively$6(NodeTestTask.java:155)\n\tat org.junit.platform.engine.support.hierarchical.ThrowableCollector.execute(ThrowableCollector.java:73)\n\tat org.junit.platform.engine.support.hierarchical.NodeTestTask.lambda$executeRecursively$8(NodeTestTask.java:141)\n\tat org.junit.platform.engine.support.hierarchical.Node.around(Node.java:137)\n\tat org.junit.platform.engine.support.hierarchical.NodeTestTask.lambda$executeRecursively$9(NodeTestTask.java:139)\n\tat org.junit.platform.engine.support.hierarchical.ThrowableCollector.execute(ThrowableCollector.java:73)\n\tat org.junit.platform.engine.support.hierarchical.NodeTestTask.executeRecursively(NodeTestTask.java:138)\n\tat org.junit.platform.engine.support.hierarchical.NodeTestTask.execute(NodeTestTask.java:95)\n\tat org.junit.platform.engine.support.hierarchical.SameThreadHierarchicalTestExecutorService.submit(SameThreadHierarchicalTestExecutorService.java:35)\n\tat org.junit.platform.engine.support.hierarchical.HierarchicalTestExecutor.execute(HierarchicalTestExecutor.java:57)\n\tat org.junit.platform.engine.support.hierarchical.HierarchicalTestEngine.execute(HierarchicalTestEngine.java:54)\n\tat org.junit.platform.launcher.core.EngineExecutionOrchestrator.execute(EngineExecutionOrchestrator.java:147)\n\tat org.junit.platform.launcher.core.EngineExecutionOrchestrator.execute(EngineExecutionOrchestrator.java:127)\n\tat org.junit.platform.launcher.core.EngineExecutionOrchestrator.execute(EngineExecutionOrchestrator.java:90)\n\tat org.junit.platform.launcher.core.EngineExecutionOrchestrator.lambda$execute$0(EngineExecutionOrchestrator.java:55)\n\tat org.junit.platform.launcher.core.EngineExecutionOrchestrator.withInterceptedStreams(EngineExecutionOrchestrator.java:102)\n\tat org.junit.platform.launcher.core.EngineExecutionOrchestrator.execute(EngineExecutionOrchestrator.java:54)\n\tat org.junit.platform.launcher.core.DefaultLauncher.execute(DefaultLauncher.java:114)\n\tat org.junit.platform.launcher.core.DefaultLauncher.execute(DefaultLauncher.java:86)\n\tat org.junit.platform.launcher.core.DefaultLauncherSession$DelegatingLauncher.execute(DefaultLauncherSession.java:86)\n\tat org.apache.maven.surefire.junitplatform.LazyLauncher.execute(LazyLauncher.java:55)\n\tat org.apache.maven.surefire.junitplatform.JUnitPlatformProvider.execute(JUnitPlatformProvider.java:223)\n\tat org.apache.maven.surefire.junitplatform.JUnitPlatformProvider.invokeAllTests(JUnitPlatformProvider.java:175)\n\tat org.apache.maven.surefire.junitplatform.JUnitPlatformProvider.invoke(JUnitPlatformProvider.java:139)\n\tat org.apache.maven.surefire.booter.ForkedBooter.runSuitesInProcess(ForkedBooter.java:456)\n\tat org.apache.maven.surefire.booter.ForkedBooter.execute(ForkedBooter.java:169)\n\tat org.apache.maven.surefire.booter.ForkedBooter.run(ForkedBooter.java:595)\n\tat org.apache.maven.surefire.booter.ForkedBooter.main(ForkedBooter.java:581)\nCaused by: org.openqa.selenium.TimeoutException: Expected condition failed: waiting for visibility of Proxy element for: DefaultElementLocator 'By.cssSelector: p:nth-child(2)' (tried for 15 second(s) with 500 milliseconds interval)\n\tat org.openqa.selenium.support.ui.WebDriverWait.timeoutException(WebDriverWait.java:138)\n\tat org.openqa.selenium.support.ui.FluentWait.until(FluentWait.java:234)\n\tat pageObjects.WayAuthorization.waitSuccessLoginText(WayAuthorization.java:63)\n\tat tests.ui.DataProviderAuthTest.testLogin(DataProviderAuthTest.java:34)\n\tat java.base/jdk.internal.reflect.NativeMethodAccessorImpl.invoke0(Native Method)\n\tat java.base/jdk.internal.reflect.NativeMethodAccessorImpl.invoke(NativeMethodAccessorImpl.java:62)\n\tat java.base/jdk.internal.reflect.DelegatingMethodAccessorImpl.invoke(DelegatingMethodAccessorImpl.java:43)\n\tat java.base/java.lang.reflect.Method.invoke(Method.java:566)\n\tat org.junit.platform.commons.util.ReflectionUtils.invokeMethod(ReflectionUtils.java:728)\n\tat org.junit.jupiter.engine.execution.MethodInvocation.proceed(MethodInvocation.java:60)\n\tat org.junit.jupiter.engine.execution.InvocationInterceptorChain$ValidatingInvocation.proceed(InvocationInterceptorChain.java:131)\n\tat org.junit.jupiter.engine.extension.TimeoutExtension.intercept(TimeoutExtension.java:149)\n\tat org.junit.jupiter.engine.extension.TimeoutExtension.interceptTestableMethod(TimeoutExtension.java:140)\n\tat org.junit.jupiter.engine.extension.TimeoutExtension.interceptTestTemplateMethod(TimeoutExtension.java:92)\n\tat org.junit.jupiter.engine.execution.ExecutableInvoker$ReflectiveInterceptorCall.lambda$ofVoidMethod$0(ExecutableInvoker.java:115)\n\tat org.junit.jupiter.engine.execution.ExecutableInvoker.lambda$invoke$0(ExecutableInvoker.java:105)\n\tat org.junit.jupiter.engine.execution.InvocationInterceptorChain$InterceptedInvocation.proceed(InvocationInterceptorChain.java:106)\n\tat org.junit.jupiter.engine.execution.InvocationInterceptorChain.proceed(InvocationInterceptorChain.java:64)\n\tat org.junit.jupiter.engine.execution.InvocationInterceptorChain.chainAndInvoke(InvocationInterceptorChain.java:45)\n\tat org.junit.jupiter.engine.execution.InvocationInterceptorChain.invoke(InvocationInterceptorChain.java:37)\n\tat org.junit.jupiter.engine.execution.ExecutableInvoker.invoke(ExecutableInvoker.java:104)\n\tat org.junit.jupiter.engine.execution.ExecutableInvoker.invoke(ExecutableInvoker.java:98)\n\tat org.junit.jupiter.engine.descriptor.TestMethodTestDescriptor.lambda$invokeTestMethod$7(TestMethodTestDescriptor.java:214)\n\t... 82 more\nCaused by: org.openqa.selenium.NoSuchElementException: no such element: Unable to locate element: {\"method\":\"css selector\",\"selector\":\"p:nth-child(2)\"}\n  (Session info: chrome=119.0.6045.105)\nFor documentation on this error, please visit: https://www.seleniumhq.org/exceptions/no_such_element.html\nBuild info: version: '4.0.0-alpha-2', revision: 'f148142cf8', time: '2019-07-01T20:55:26'\nSystem info: host: '3ad3ca5f9f7f', ip: '172.17.0.4', os.name: 'Linux', os.arch: 'amd64', os.version: '6.2.0-1019-azure', java.version: '11.0.10'\nDriver info: org.openqa.selenium.remote.RemoteWebDriver\nCapabilities {acceptInsecureCerts: false, browserName: chrome, browserVersion: 119.0.6045.105, chrome: {chromedriverVersion: 119.0.6045.105 (38c72552c5e..., userDataDir: /tmp/.org.chromium.Chromium...}, fedcm:accounts: true, goog:chromeOptions: {debuggerAddress: localhost:46861}, javascriptEnabled: true, networkConnectionEnabled: false, pageLoadStrategy: normal, platform: LINUX, platformName: LINUX, proxy: Proxy(), se:cdp: ws://selenoid:4444/devtools..., setWindowRect: true, strictFileInteractability: false, timeouts: {implicit: 0, pageLoad: 300000, script: 30000}, unhandledPromptBehavior: dismiss and notify, webauthn:extension:credBlob: true, webauthn:extension:largeBlob: true, webauthn:extension:minPinLength: true, webauthn:extension:prf: true, webauthn:virtualAuthenticators: true}\nSession ID: 6776f54685ffadea3236eb9b545d3914\n*** Element info: {Using=css selector, value=p:nth-child(2)}\n\tat java.base/jdk.internal.reflect.NativeConstructorAccessorImpl.newInstance0(Native Method)\n\tat java.base/jdk.internal.reflect.NativeConstructorAccessorImpl.newInstance(NativeConstructorAccessorImpl.java:62)\n\tat java.base/jdk.internal.reflect.DelegatingConstructorAccessorImpl.newInstance(DelegatingConstructorAccessorImpl.java:45)\n\tat java.base/java.lang.reflect.Constructor.newInstance(Constructor.java:490)\n\tat org.openqa.selenium.remote.codec.w3c.W3CHttpResponseCodec.createException(W3CHttpResponseCodec.java:191)\n\tat org.openqa.selenium.remote.codec.w3c.W3CHttpResponseCodec.decode(W3CHttpResponseCodec.java:125)\n\tat org.openqa.selenium.remote.codec.w3c.W3CHttpResponseCodec.decode(W3CHttpResponseCodec.java:52)\n\tat org.openqa.selenium.remote.HttpCommandExecutor.execute(HttpCommandExecutor.java:161)\n\tat org.openqa.selenium.remote.RemoteWebDriver.execute(RemoteWebDriver.java:576)\n\tat org.openqa.selenium.remote.RemoteWebDriver.findElement(RemoteWebDriver.java:327)\n\tat org.openqa.selenium.remote.RemoteWebDriver.findElementByCssSelector(RemoteWebDriver.java:435)\n\tat org.openqa.selenium.By$ByCssSelector.findElement(By.java:431)\n\tat org.openqa.selenium.remote.RemoteWebDriver.findElement(RemoteWebDriver.java:319)\n\tat org.openqa.selenium.support.pagefactory.DefaultElementLocator.findElement(DefaultElementLocator.java:70)\n\tat org.openqa.selenium.support.pagefactory.internal.LocatingElementHandler.invoke(LocatingElementHandler.java:39)\n\tat com.sun.proxy.$Proxy27.isDisplayed(Unknown Source)\n\tat org.openqa.selenium.support.ui.ExpectedConditions.elementIfVisible(ExpectedConditions.java:314)\n\tat org.openqa.selenium.support.ui.ExpectedConditions.access$000(ExpectedConditions.java:43)\n\tat org.openqa.selenium.support.ui.ExpectedConditions$10.apply(ExpectedConditions.java:300)\n\tat org.openqa.selenium.support.ui.ExpectedConditions$10.apply(ExpectedConditions.java:297)\n\tat org.openqa.selenium.support.ui.FluentWait.until(FluentWait.java:211)\n\t... 103 more\n","flaky":false,"newFailed":false,"newBroken":false,"newPassed":false,"retriesCount":1,"retriesStatusChange":true,"beforeStages":[],"afterStages":[],"labels":[{"name":"junit.platform.uniqueid","value":"[engine:junit-jupiter]/[class:tests.ui.DataProviderAuthTest]/[test-template:testLogin(java.lang.String, java.lang.String)]/[test-template-invocation:#3]"},{"name":"epic","value":"Тесты Авторизации."},{"name":"feature","value":"Задание U3 тест авторизации с использованием DataProvider"},{"name":"host","value":"3ad3ca5f9f7f"},{"name":"thread","value":"85@3ad3ca5f9f7f.main(1)"},{"name":"framework","value":"junit-platform"},{"name":"language","value":"java"},{"name":"package","value":"tests.ui.DataProviderAuthTest"},{"name":"testClass","value":"tests.ui.DataProviderAuthTest"},{"name":"testMethod","value":"testLogin"},{"name":"suite","value":"tests.ui.DataProviderAuthTest"},{"name":"resultFormat","value":"allure2"}],"parameters":[],"links":[],"hidden":false,"retry":false,"extra":{"severity":"normal","retries":[{"uid":"3c4263021f0420b3","status":"broken","statusDetails":"create container: Error response from daemon: No such image: selenoid/vnc_chrome:119.0\nBuild info: version: '4.0.0-alpha-2', revision: 'f148142cf8', time: '2019-07-01T20:55:26'\nSystem info: host: '7168d0dfa8a8', ip: '172.17.0.4', os.name: 'Linux', os.arch: 'amd64', os.version: '6.2.0-1019-azure', java.version: '11.0.10'\nDriver info: driver.version: RemoteWebDriver\nremote stacktrace: ","time":{"start":1708629091567,"stop":1708629091597,"duration":30}}],"categories":[],"history":{"statistic":{"failed":0,"broken":5,"skipped":21,"passed":0,"unknown":0,"total":26},"items":[{"uid":"7b1ebf605e310800","reportUrl":"https://zen2281488.github.io/YakSomeTests/152//#testresult/7b1ebf605e310800","status":"skipped","statusDetails":"Do not fail completely, but repeat the test","time":{"start":1708627178801,"stop":1708627212230,"duration":33429}},{"uid":"adfb9d64fd2fd871","reportUrl":"https://zen2281488.github.io/YakSomeTests/151//#testresult/adfb9d64fd2fd871","status":"skipped","statusDetails":"Do not fail completely, but repeat the test","time":{"start":1708620431470,"stop":1708620464736,"duration":33266}},{"uid":"785d6a4bdc9924b3","reportUrl":"https://zen2281488.github.io/YakSomeTests/150//#testresult/785d6a4bdc9924b3","status":"broken","statusDetails":"create container: Error response from daemon: No such image: selenoid/vnc_chrome:119.0\nBuild info: version: '4.0.0-alpha-2', revision: 'f148142cf8', time: '2019-07-01T20:55:26'\nSystem info: host: '2766099642fc', ip: '172.17.0.5', os.name: 'Linux', os.arch: 'amd64', os.version: '6.2.0-1019-azure', java.version: '11.0.10'\nDriver info: driver.version: RemoteWebDriver\nremote stacktrace: ","time":{"start":1708618135563,"stop":1708618135572,"duration":9}},{"uid":"702538e1bb7d7cd2","reportUrl":"https://zen2281488.github.io/YakSomeTests/140//#testresult/702538e1bb7d7cd2","status":"broken","statusDetails":"create container: Error response from daemon: No such image: selenoid/vnc_chrome:119.0\nBuild info: version: '4.0.0-alpha-2', revision: 'f148142cf8', time: '2019-07-01T20:55:26'\nSystem info: host: 'fc0d75549c2f', ip: '172.17.0.5', os.name: 'Linux', os.arch: 'amd64', os.version: '6.2.0-1019-azure', java.version: '11.0.10'\nDriver info: driver.version: RemoteWebDriver\nremote stacktrace: ","time":{"start":1708615866290,"stop":1708615866328,"duration":38}},{"uid":"efda81ad532904cc","reportUrl":"https://zen2281488.github.io/YakSomeTests/136//#testresult/efda81ad532904cc","status":"broken","statusDetails":"create container: Error response from daemon: No such image: selenoid/vnc_chrome:119.0\nBuild info: version: '4.0.0-alpha-2', revision: 'f148142cf8', time: '2019-07-01T20:55:26'\nSystem info: host: 'cd3a0a4c4095', ip: '172.17.0.4', os.name: 'Linux', os.arch: 'amd64', os.version: '6.2.0-1019-azure', java.version: '11.0.10'\nDriver info: driver.version: RemoteWebDriver\nremote stacktrace: ","time":{"start":1708615384641,"stop":1708615384652,"duration":11}},{"uid":"e0c80bdbdfffccbe","reportUrl":"https://zen2281488.github.io/YakSomeTests/131//#testresult/e0c80bdbdfffccbe","status":"broken","statusDetails":"create container: Error response from daemon: No such image: selenoid/vnc_chrome:119.0\nBuild info: version: '4.0.0-alpha-2', revision: 'f148142cf8', time: '2019-07-01T20:55:26'\nSystem info: host: '398085d47c32', ip: '172.17.0.4', os.name: 'Linux', os.arch: 'amd64', os.version: '6.2.0-1019-azure', java.version: '11.0.10'\nDriver info: driver.version: RemoteWebDriver\nremote stacktrace: ","time":{"start":1708449017057,"stop":1708449017088,"duration":31}},{"uid":"78acf1c2bcb6f0b5","reportUrl":"https://zen2281488.github.io/YakSomeTests/127//#testresult/78acf1c2bcb6f0b5","status":"broken","statusDetails":"Could not start a new session. Possible causes are invalid address of the remote server or browser start-up failure.\nBuild info: version: '4.0.0-alpha-2', revision: 'f148142cf8', time: '2019-07-01T20:55:26'\nSystem info: host: 'fv-az651-99', ip: '10.1.0.174', os.name: 'Linux', os.arch: 'amd64', os.version: '6.2.0-1019-azure', java.version: '11.0.22'\nDriver info: driver.version: RemoteWebDriver","time":{"start":1708448025844,"stop":1708448025852,"duration":8}},{"uid":"df7b4fcb536f9c82","reportUrl":"https://zen2281488.github.io/YakSomeTests/125//#testresult/df7b4fcb536f9c82","status":"skipped","statusDetails":"Do not fail completely, but repeat the test","time":{"start":1708390938970,"stop":1708390971573,"duration":32603}},{"uid":"c21263d8417826d3","reportUrl":"https://zen2281488.github.io/YakSomeTests/124//#testresult/c21263d8417826d3","status":"skipped","statusDetails":"Do not fail completely, but repeat the test","time":{"start":1708304670873,"stop":1708304703608,"duration":32735}},{"uid":"8bde045dc32e3fc1","reportUrl":"https://zen2281488.github.io/YakSomeTests/123//#testresult/8bde045dc32e3fc1","status":"skipped","statusDetails":"Do not fail completely, but repeat the test","time":{"start":1708218432891,"stop":1708218465595,"duration":32704}},{"uid":"2aeec25fe3946ffc","reportUrl":"https://zen2281488.github.io/YakSomeTests/122//#testresult/2aeec25fe3946ffc","status":"skipped","statusDetails":"Do not fail completely, but repeat the test","time":{"start":1708131734583,"stop":1708131767064,"duration":32481}},{"uid":"f2939ce734990991","reportUrl":"https://zen2281488.github.io/YakSomeTests/121//#testresult/f2939ce734990991","status":"skipped","statusDetails":"Do not fail completely, but repeat the test","time":{"start":1708045460259,"stop":1708045493119,"duration":32860}},{"uid":"ad2587586357bd1b","reportUrl":"https://zen2281488.github.io/YakSomeTests/120//#testresult/ad2587586357bd1b","status":"skipped","statusDetails":"Do not fail completely, but repeat the test","time":{"start":1707977007891,"stop":1707977040710,"duration":32819}},{"uid":"be74ece1f734eb40","reportUrl":"https://zen2281488.github.io/YakSomeTests/119//#testresult/be74ece1f734eb40","status":"skipped","statusDetails":"Do not fail completely, but repeat the test","time":{"start":1707959013367,"stop":1707959046116,"duration":32749}},{"uid":"f0bcb7348e437709","reportUrl":"https://zen2281488.github.io/YakSomeTests/118//#testresult/f0bcb7348e437709","status":"skipped","statusDetails":"Do not fail completely, but repeat the test","time":{"start":1707949595975,"stop":1707949628748,"duration":32773}},{"uid":"d9e4e30272456908","reportUrl":"https://zen2281488.github.io/YakSomeTests/117//#testresult/d9e4e30272456908","status":"skipped","statusDetails":"Do not fail completely, but repeat the test","time":{"start":1707949276568,"stop":1707949309295,"duration":32727}},{"uid":"1483b7d5b4df8984","reportUrl":"https://zen2281488.github.io/YakSomeTests/98//#testresult/1483b7d5b4df8984","status":"skipped","statusDetails":"Do not fail completely, but repeat the test","time":{"start":1707944934725,"stop":1707944967459,"duration":32734}},{"uid":"a1f2332827f80bb6","reportUrl":"https://zen2281488.github.io/YakSomeTests/97//#testresult/a1f2332827f80bb6","status":"skipped","statusDetails":"Do not fail completely, but repeat the test","time":{"start":1707944913275,"stop":1707944946039,"duration":32764}},{"uid":"b0b1aca19dd244da","reportUrl":"https://zen2281488.github.io/YakSomeTests/96//#testresult/b0b1aca19dd244da","status":"skipped","statusDetails":"Do not fail completely, but repeat the test","time":{"start":1707943868325,"stop":1707943901073,"duration":32748}},{"uid":"b2b869120bc796b3","reportUrl":"https://zen2281488.github.io/YakSomeTests/95//#testresult/b2b869120bc796b3","status":"skipped","statusDetails":"Do not fail completely, but repeat the test","time":{"start":1707940247314,"stop":1707940280052,"duration":32738}}]},"tags":[]},"source":"7de79595a6ac293c.json","parameterValues":[]}